[0.069s] DEBUG:colcon:Command line arguments: ['/usr/bin/colcon', 'build', '--symlink-install']
[0.069s] DEBUG:colcon:Parsed command line arguments: Namespace(log_base=None, log_level=None, verb_name='build', build_base='build', install_base='install', merge_install=False, symlink_install=True, test_result_base=None, continue_on_error=False, executor='parallel', parallel_workers=12, event_handlers=None, ignore_user_meta=False, metas=['./colcon.meta'], base_paths=['.'], packages_ignore=None, packages_ignore_regex=None, paths=None, packages_up_to=None, packages_up_to_regex=None, packages_above=None, packages_above_and_dependencies=None, packages_above_depth=None, packages_select_by_dep=None, packages_skip_by_dep=None, packages_skip_up_to=None, packages_select_build_failed=False, packages_skip_build_finished=False, packages_select_test_failures=False, packages_skip_test_passed=False, packages_select=None, packages_skip=None, packages_select_regex=None, packages_skip_regex=None, packages_start=None, packages_end=None, allow_overriding=[], cmake_args=None, cmake_target=None, cmake_target_skip_unavailable=False, cmake_clean_cache=False, cmake_clean_first=False, cmake_force_configure=False, ament_cmake_args=None, catkin_cmake_args=None, catkin_skip_building_tests=False, verb_parser=<colcon_defaults.argument_parser.defaults.DefaultArgumentsDecorator object at 0x7ba6814352a0>, verb_extension=<colcon_core.verb.build.BuildVerb object at 0x7ba681434d90>, main=<bound method BuildVerb.main of <colcon_core.verb.build.BuildVerb object at 0x7ba681434d90>>)
[0.187s] Level 1:colcon.colcon_core.package_discovery:discover_packages(colcon_meta) check parameters
[0.187s] Level 1:colcon.colcon_core.package_discovery:discover_packages(recursive) check parameters
[0.187s] Level 1:colcon.colcon_core.package_discovery:discover_packages(ignore) check parameters
[0.187s] Level 1:colcon.colcon_core.package_discovery:discover_packages(path) check parameters
[0.187s] Level 1:colcon.colcon_core.package_discovery:discover_packages(colcon_meta) discover
[0.187s] Level 1:colcon.colcon_core.package_discovery:discover_packages(recursive) discover
[0.187s] INFO:colcon.colcon_core.package_discovery:Crawling recursively for packages in '/home/rafael/ros2_ws/src'
[0.187s] Level 1:colcon.colcon_core.package_identification:_identify(.) by extensions ['ignore', 'ignore_ament_install']
[0.187s] Level 1:colcon.colcon_core.package_identification:_identify(.) by extension 'ignore'
[0.187s] Level 1:colcon.colcon_core.package_identification:_identify(.) by extension 'ignore_ament_install'
[0.187s] Level 1:colcon.colcon_core.package_identification:_identify(.) by extensions ['colcon_pkg']
[0.187s] Level 1:colcon.colcon_core.package_identification:_identify(.) by extension 'colcon_pkg'
[0.187s] Level 1:colcon.colcon_core.package_identification:_identify(.) by extensions ['colcon_meta']
[0.187s] Level 1:colcon.colcon_core.package_identification:_identify(.) by extension 'colcon_meta'
[0.187s] Level 1:colcon.colcon_core.package_identification:_identify(.) by extensions ['ros']
[0.187s] Level 1:colcon.colcon_core.package_identification:_identify(.) by extension 'ros'
[0.195s] Level 1:colcon.colcon_core.package_identification:_identify(.) by extensions ['cmake', 'python']
[0.195s] Level 1:colcon.colcon_core.package_identification:_identify(.) by extension 'cmake'
[0.195s] Level 1:colcon.colcon_core.package_identification:_identify(.) by extension 'python'
[0.195s] Level 1:colcon.colcon_core.package_identification:_identify(.) by extensions ['python_setup_py']
[0.195s] Level 1:colcon.colcon_core.package_identification:_identify(.) by extension 'python_setup_py'
[0.195s] Level 1:colcon.colcon_core.package_identification:_identify(build) by extensions ['ignore', 'ignore_ament_install']
[0.195s] Level 1:colcon.colcon_core.package_identification:_identify(build) by extension 'ignore'
[0.195s] Level 1:colcon.colcon_core.package_identification:_identify(build) ignored
[0.195s] Level 1:colcon.colcon_core.package_identification:_identify(install) by extensions ['ignore', 'ignore_ament_install']
[0.195s] Level 1:colcon.colcon_core.package_identification:_identify(install) by extension 'ignore'
[0.195s] Level 1:colcon.colcon_core.package_identification:_identify(install) ignored
[0.195s] Level 1:colcon.colcon_core.package_identification:_identify(log) by extensions ['ignore', 'ignore_ament_install']
[0.195s] Level 1:colcon.colcon_core.package_identification:_identify(log) by extension 'ignore'
[0.195s] Level 1:colcon.colcon_core.package_identification:_identify(log) ignored
[0.195s] Level 1:colcon.colcon_core.package_identification:_identify(novamob_description) by extensions ['ignore', 'ignore_ament_install']
[0.195s] Level 1:colcon.colcon_core.package_identification:_identify(novamob_description) by extension 'ignore'
[0.196s] Level 1:colcon.colcon_core.package_identification:_identify(novamob_description) by extension 'ignore_ament_install'
[0.196s] Level 1:colcon.colcon_core.package_identification:_identify(novamob_description) by extensions ['colcon_pkg']
[0.196s] Level 1:colcon.colcon_core.package_identification:_identify(novamob_description) by extension 'colcon_pkg'
[0.196s] Level 1:colcon.colcon_core.package_identification:_identify(novamob_description) by extensions ['colcon_meta']
[0.196s] Level 1:colcon.colcon_core.package_identification:_identify(novamob_description) by extension 'colcon_meta'
[0.196s] Level 1:colcon.colcon_core.package_identification:_identify(novamob_description) by extensions ['ros']
[0.196s] Level 1:colcon.colcon_core.package_identification:_identify(novamob_description) by extension 'ros'
[0.198s] DEBUG:colcon.colcon_core.package_identification:Package 'novamob_description' with type 'ros.ament_cmake' and name 'novamob_description'
[0.198s] Level 1:colcon.colcon_core.package_identification:_identify(novamob_nav2_gz) by extensions ['ignore', 'ignore_ament_install']
[0.198s] Level 1:colcon.colcon_core.package_identification:_identify(novamob_nav2_gz) by extension 'ignore'
[0.198s] Level 1:colcon.colcon_core.package_identification:_identify(novamob_nav2_gz) by extension 'ignore_ament_install'
[0.198s] Level 1:colcon.colcon_core.package_identification:_identify(novamob_nav2_gz) by extensions ['colcon_pkg']
[0.198s] Level 1:colcon.colcon_core.package_identification:_identify(novamob_nav2_gz) by extension 'colcon_pkg'
[0.198s] Level 1:colcon.colcon_core.package_identification:_identify(novamob_nav2_gz) by extensions ['colcon_meta']
[0.198s] Level 1:colcon.colcon_core.package_identification:_identify(novamob_nav2_gz) by extension 'colcon_meta'
[0.198s] Level 1:colcon.colcon_core.package_identification:_identify(novamob_nav2_gz) by extensions ['ros']
[0.198s] Level 1:colcon.colcon_core.package_identification:_identify(novamob_nav2_gz) by extension 'ros'
[0.199s] DEBUG:colcon.colcon_core.package_identification:Package 'novamob_nav2_gz' with type 'ros.ament_cmake' and name 'novamob_nav2_gz'
[0.199s] Level 1:colcon.colcon_core.package_identification:_identify(sam_bot_description) by extensions ['ignore', 'ignore_ament_install']
[0.199s] Level 1:colcon.colcon_core.package_identification:_identify(sam_bot_description) by extension 'ignore'
[0.199s] Level 1:colcon.colcon_core.package_identification:_identify(sam_bot_description) by extension 'ignore_ament_install'
[0.199s] Level 1:colcon.colcon_core.package_identification:_identify(sam_bot_description) by extensions ['colcon_pkg']
[0.199s] Level 1:colcon.colcon_core.package_identification:_identify(sam_bot_description) by extension 'colcon_pkg'
[0.199s] Level 1:colcon.colcon_core.package_identification:_identify(sam_bot_description) by extensions ['colcon_meta']
[0.199s] Level 1:colcon.colcon_core.package_identification:_identify(sam_bot_description) by extension 'colcon_meta'
[0.199s] Level 1:colcon.colcon_core.package_identification:_identify(sam_bot_description) by extensions ['ros']
[0.199s] Level 1:colcon.colcon_core.package_identification:_identify(sam_bot_description) by extension 'ros'
[0.199s] DEBUG:colcon.colcon_core.package_identification:Package 'sam_bot_description' with type 'ros.ament_cmake' and name 'sam_bot_description'
[0.199s] Level 1:colcon.colcon_core.package_identification:_identify(sam_bot_nav2_gz) by extensions ['ignore', 'ignore_ament_install']
[0.200s] Level 1:colcon.colcon_core.package_identification:_identify(sam_bot_nav2_gz) by extension 'ignore'
[0.200s] Level 1:colcon.colcon_core.package_identification:_identify(sam_bot_nav2_gz) by extension 'ignore_ament_install'
[0.200s] Level 1:colcon.colcon_core.package_identification:_identify(sam_bot_nav2_gz) by extensions ['colcon_pkg']
[0.200s] Level 1:colcon.colcon_core.package_identification:_identify(sam_bot_nav2_gz) by extension 'colcon_pkg'
[0.200s] Level 1:colcon.colcon_core.package_identification:_identify(sam_bot_nav2_gz) by extensions ['colcon_meta']
[0.200s] Level 1:colcon.colcon_core.package_identification:_identify(sam_bot_nav2_gz) by extension 'colcon_meta'
[0.200s] Level 1:colcon.colcon_core.package_identification:_identify(sam_bot_nav2_gz) by extensions ['ros']
[0.200s] Level 1:colcon.colcon_core.package_identification:_identify(sam_bot_nav2_gz) by extension 'ros'
[0.200s] DEBUG:colcon.colcon_core.package_identification:Package 'sam_bot_nav2_gz' with type 'ros.ament_cmake' and name 'sam_bot_nav2_gz'
[0.200s] Level 1:colcon.colcon_core.package_identification:_identify(scout_ros2) by extensions ['ignore', 'ignore_ament_install']
[0.200s] Level 1:colcon.colcon_core.package_identification:_identify(scout_ros2) by extension 'ignore'
[0.200s] Level 1:colcon.colcon_core.package_identification:_identify(scout_ros2) by extension 'ignore_ament_install'
[0.200s] Level 1:colcon.colcon_core.package_identification:_identify(scout_ros2) by extensions ['colcon_pkg']
[0.200s] Level 1:colcon.colcon_core.package_identification:_identify(scout_ros2) by extension 'colcon_pkg'
[0.200s] Level 1:colcon.colcon_core.package_identification:_identify(scout_ros2) by extensions ['colcon_meta']
[0.200s] Level 1:colcon.colcon_core.package_identification:_identify(scout_ros2) by extension 'colcon_meta'
[0.200s] Level 1:colcon.colcon_core.package_identification:_identify(scout_ros2) by extensions ['ros']
[0.200s] Level 1:colcon.colcon_core.package_identification:_identify(scout_ros2) by extension 'ros'
[0.201s] Level 1:colcon.colcon_core.package_identification:_identify(scout_ros2) by extensions ['cmake', 'python']
[0.201s] Level 1:colcon.colcon_core.package_identification:_identify(scout_ros2) by extension 'cmake'
[0.201s] Level 1:colcon.colcon_core.package_identification:_identify(scout_ros2) by extension 'python'
[0.201s] Level 1:colcon.colcon_core.package_identification:_identify(scout_ros2) by extensions ['python_setup_py']
[0.201s] Level 1:colcon.colcon_core.package_identification:_identify(scout_ros2) by extension 'python_setup_py'
[0.201s] Level 1:colcon.colcon_core.package_identification:_identify(scout_ros2/scout_base) by extensions ['ignore', 'ignore_ament_install']
[0.201s] Level 1:colcon.colcon_core.package_identification:_identify(scout_ros2/scout_base) by extension 'ignore'
[0.201s] Level 1:colcon.colcon_core.package_identification:_identify(scout_ros2/scout_base) by extension 'ignore_ament_install'
[0.201s] Level 1:colcon.colcon_core.package_identification:_identify(scout_ros2/scout_base) by extensions ['colcon_pkg']
[0.201s] Level 1:colcon.colcon_core.package_identification:_identify(scout_ros2/scout_base) by extension 'colcon_pkg'
[0.201s] Level 1:colcon.colcon_core.package_identification:_identify(scout_ros2/scout_base) by extensions ['colcon_meta']
[0.201s] Level 1:colcon.colcon_core.package_identification:_identify(scout_ros2/scout_base) by extension 'colcon_meta'
[0.201s] Level 1:colcon.colcon_core.package_identification:_identify(scout_ros2/scout_base) by extensions ['ros']
[0.201s] Level 1:colcon.colcon_core.package_identification:_identify(scout_ros2/scout_base) by extension 'ros'
[0.202s] DEBUG:colcon.colcon_core.package_identification:Package 'scout_ros2/scout_base' with type 'ros.ament_cmake' and name 'scout_base'
[0.202s] Level 1:colcon.colcon_core.package_identification:_identify(scout_ros2/scout_description) by extensions ['ignore', 'ignore_ament_install']
[0.202s] Level 1:colcon.colcon_core.package_identification:_identify(scout_ros2/scout_description) by extension 'ignore'
[0.202s] Level 1:colcon.colcon_core.package_identification:_identify(scout_ros2/scout_description) by extension 'ignore_ament_install'
[0.202s] Level 1:colcon.colcon_core.package_identification:_identify(scout_ros2/scout_description) by extensions ['colcon_pkg']
[0.202s] Level 1:colcon.colcon_core.package_identification:_identify(scout_ros2/scout_description) by extension 'colcon_pkg'
[0.202s] Level 1:colcon.colcon_core.package_identification:_identify(scout_ros2/scout_description) by extensions ['colcon_meta']
[0.202s] Level 1:colcon.colcon_core.package_identification:_identify(scout_ros2/scout_description) by extension 'colcon_meta'
[0.202s] Level 1:colcon.colcon_core.package_identification:_identify(scout_ros2/scout_description) by extensions ['ros']
[0.202s] Level 1:colcon.colcon_core.package_identification:_identify(scout_ros2/scout_description) by extension 'ros'
[0.204s] DEBUG:colcon.colcon_core.package_identification:Package 'scout_ros2/scout_description' with type 'ros.ament_cmake' and name 'scout_description'
[0.204s] Level 1:colcon.colcon_core.package_identification:_identify(scout_ros2/scout_msgs) by extensions ['ignore', 'ignore_ament_install']
[0.204s] Level 1:colcon.colcon_core.package_identification:_identify(scout_ros2/scout_msgs) by extension 'ignore'
[0.204s] Level 1:colcon.colcon_core.package_identification:_identify(scout_ros2/scout_msgs) by extension 'ignore_ament_install'
[0.204s] Level 1:colcon.colcon_core.package_identification:_identify(scout_ros2/scout_msgs) by extensions ['colcon_pkg']
[0.204s] Level 1:colcon.colcon_core.package_identification:_identify(scout_ros2/scout_msgs) by extension 'colcon_pkg'
[0.204s] Level 1:colcon.colcon_core.package_identification:_identify(scout_ros2/scout_msgs) by extensions ['colcon_meta']
[0.204s] Level 1:colcon.colcon_core.package_identification:_identify(scout_ros2/scout_msgs) by extension 'colcon_meta'
[0.204s] Level 1:colcon.colcon_core.package_identification:_identify(scout_ros2/scout_msgs) by extensions ['ros']
[0.204s] Level 1:colcon.colcon_core.package_identification:_identify(scout_ros2/scout_msgs) by extension 'ros'
[0.204s] DEBUG:colcon.colcon_core.package_identification:Package 'scout_ros2/scout_msgs' with type 'ros.ament_cmake' and name 'scout_msgs'
[0.204s] Level 1:colcon.colcon_core.package_identification:_identify(ugv_sdk) by extensions ['ignore', 'ignore_ament_install']
[0.205s] Level 1:colcon.colcon_core.package_identification:_identify(ugv_sdk) by extension 'ignore'
[0.205s] Level 1:colcon.colcon_core.package_identification:_identify(ugv_sdk) by extension 'ignore_ament_install'
[0.205s] Level 1:colcon.colcon_core.package_identification:_identify(ugv_sdk) by extensions ['colcon_pkg']
[0.205s] Level 1:colcon.colcon_core.package_identification:_identify(ugv_sdk) by extension 'colcon_pkg'
[0.205s] Level 1:colcon.colcon_core.package_identification:_identify(ugv_sdk) by extensions ['colcon_meta']
[0.205s] Level 1:colcon.colcon_core.package_identification:_identify(ugv_sdk) by extension 'colcon_meta'
[0.205s] Level 1:colcon.colcon_core.package_identification:_identify(ugv_sdk) by extensions ['ros']
[0.205s] Level 1:colcon.colcon_core.package_identification:_identify(ugv_sdk) by extension 'ros'
[0.213s] DEBUG:colcon.colcon_core.package_identification:Package 'ugv_sdk' with type 'ros.catkin' and name 'ugv_sdk'
[0.213s] Level 1:colcon.colcon_core.package_discovery:discover_packages(recursive) using defaults
[0.213s] Level 1:colcon.colcon_core.package_discovery:discover_packages(ignore) discover
[0.213s] Level 1:colcon.colcon_core.package_discovery:discover_packages(ignore) using defaults
[0.213s] Level 1:colcon.colcon_core.package_discovery:discover_packages(path) discover
[0.213s] Level 1:colcon.colcon_core.package_discovery:discover_packages(path) using defaults
[0.226s] Level 1:colcon.colcon_core.package_discovery:discover_packages(prefix_path) check parameters
[0.227s] Level 1:colcon.colcon_core.package_discovery:discover_packages(prefix_path) discover
[0.228s] DEBUG:colcon.colcon_installed_package_information.package_discovery:Found 8 installed packages in /home/rafael/ros2_ws/install
[0.229s] DEBUG:colcon.colcon_installed_package_information.package_discovery:Found 406 installed packages in /opt/ros/humble
[0.231s] Level 1:colcon.colcon_core.package_discovery:discover_packages(prefix_path) using defaults
[0.262s] Level 5:colcon.colcon_core.verb:set package 'novamob_description' build argument 'cmake_args' from command line to 'None'
[0.262s] Level 5:colcon.colcon_core.verb:set package 'novamob_description' build argument 'cmake_target' from command line to 'None'
[0.262s] Level 5:colcon.colcon_core.verb:set package 'novamob_description' build argument 'cmake_target_skip_unavailable' from command line to 'False'
[0.262s] Level 5:colcon.colcon_core.verb:set package 'novamob_description' build argument 'cmake_clean_cache' from command line to 'False'
[0.262s] Level 5:colcon.colcon_core.verb:set package 'novamob_description' build argument 'cmake_clean_first' from command line to 'False'
[0.262s] Level 5:colcon.colcon_core.verb:set package 'novamob_description' build argument 'cmake_force_configure' from command line to 'False'
[0.262s] Level 5:colcon.colcon_core.verb:set package 'novamob_description' build argument 'ament_cmake_args' from command line to 'None'
[0.262s] Level 5:colcon.colcon_core.verb:set package 'novamob_description' build argument 'catkin_cmake_args' from command line to 'None'
[0.262s] Level 5:colcon.colcon_core.verb:set package 'novamob_description' build argument 'catkin_skip_building_tests' from command line to 'False'
[0.262s] DEBUG:colcon.colcon_core.verb:Building package 'novamob_description' with the following arguments: {'ament_cmake_args': None, 'build_base': '/home/rafael/ros2_ws/src/build/novamob_description', 'catkin_cmake_args': None, 'catkin_skip_building_tests': False, 'cmake_args': None, 'cmake_clean_cache': False, 'cmake_clean_first': False, 'cmake_force_configure': False, 'cmake_target': None, 'cmake_target_skip_unavailable': False, 'install_base': '/home/rafael/ros2_ws/src/install/novamob_description', 'merge_install': False, 'path': '/home/rafael/ros2_ws/src/novamob_description', 'symlink_install': True, 'test_result_base': None}
[0.263s] Level 5:colcon.colcon_core.verb:set package 'novamob_nav2_gz' build argument 'cmake_args' from command line to 'None'
[0.263s] Level 5:colcon.colcon_core.verb:set package 'novamob_nav2_gz' build argument 'cmake_target' from command line to 'None'
[0.263s] Level 5:colcon.colcon_core.verb:set package 'novamob_nav2_gz' build argument 'cmake_target_skip_unavailable' from command line to 'False'
[0.263s] Level 5:colcon.colcon_core.verb:set package 'novamob_nav2_gz' build argument 'cmake_clean_cache' from command line to 'False'
[0.263s] Level 5:colcon.colcon_core.verb:set package 'novamob_nav2_gz' build argument 'cmake_clean_first' from command line to 'False'
[0.263s] Level 5:colcon.colcon_core.verb:set package 'novamob_nav2_gz' build argument 'cmake_force_configure' from command line to 'False'
[0.263s] Level 5:colcon.colcon_core.verb:set package 'novamob_nav2_gz' build argument 'ament_cmake_args' from command line to 'None'
[0.263s] Level 5:colcon.colcon_core.verb:set package 'novamob_nav2_gz' build argument 'catkin_cmake_args' from command line to 'None'
[0.263s] Level 5:colcon.colcon_core.verb:set package 'novamob_nav2_gz' build argument 'catkin_skip_building_tests' from command line to 'False'
[0.263s] DEBUG:colcon.colcon_core.verb:Building package 'novamob_nav2_gz' with the following arguments: {'ament_cmake_args': None, 'build_base': '/home/rafael/ros2_ws/src/build/novamob_nav2_gz', 'catkin_cmake_args': None, 'catkin_skip_building_tests': False, 'cmake_args': None, 'cmake_clean_cache': False, 'cmake_clean_first': False, 'cmake_force_configure': False, 'cmake_target': None, 'cmake_target_skip_unavailable': False, 'install_base': '/home/rafael/ros2_ws/src/install/novamob_nav2_gz', 'merge_install': False, 'path': '/home/rafael/ros2_ws/src/novamob_nav2_gz', 'symlink_install': True, 'test_result_base': None}
[0.263s] Level 5:colcon.colcon_core.verb:set package 'sam_bot_description' build argument 'cmake_args' from command line to 'None'
[0.263s] Level 5:colcon.colcon_core.verb:set package 'sam_bot_description' build argument 'cmake_target' from command line to 'None'
[0.263s] Level 5:colcon.colcon_core.verb:set package 'sam_bot_description' build argument 'cmake_target_skip_unavailable' from command line to 'False'
[0.263s] Level 5:colcon.colcon_core.verb:set package 'sam_bot_description' build argument 'cmake_clean_cache' from command line to 'False'
[0.263s] Level 5:colcon.colcon_core.verb:set package 'sam_bot_description' build argument 'cmake_clean_first' from command line to 'False'
[0.263s] Level 5:colcon.colcon_core.verb:set package 'sam_bot_description' build argument 'cmake_force_configure' from command line to 'False'
[0.263s] Level 5:colcon.colcon_core.verb:set package 'sam_bot_description' build argument 'ament_cmake_args' from command line to 'None'
[0.263s] Level 5:colcon.colcon_core.verb:set package 'sam_bot_description' build argument 'catkin_cmake_args' from command line to 'None'
[0.263s] Level 5:colcon.colcon_core.verb:set package 'sam_bot_description' build argument 'catkin_skip_building_tests' from command line to 'False'
[0.263s] DEBUG:colcon.colcon_core.verb:Building package 'sam_bot_description' with the following arguments: {'ament_cmake_args': None, 'build_base': '/home/rafael/ros2_ws/src/build/sam_bot_description', 'catkin_cmake_args': None, 'catkin_skip_building_tests': False, 'cmake_args': None, 'cmake_clean_cache': False, 'cmake_clean_first': False, 'cmake_force_configure': False, 'cmake_target': None, 'cmake_target_skip_unavailable': False, 'install_base': '/home/rafael/ros2_ws/src/install/sam_bot_description', 'merge_install': False, 'path': '/home/rafael/ros2_ws/src/sam_bot_description', 'symlink_install': True, 'test_result_base': None}
[0.263s] Level 5:colcon.colcon_core.verb:set package 'sam_bot_nav2_gz' build argument 'cmake_args' from command line to 'None'
[0.263s] Level 5:colcon.colcon_core.verb:set package 'sam_bot_nav2_gz' build argument 'cmake_target' from command line to 'None'
[0.263s] Level 5:colcon.colcon_core.verb:set package 'sam_bot_nav2_gz' build argument 'cmake_target_skip_unavailable' from command line to 'False'
[0.263s] Level 5:colcon.colcon_core.verb:set package 'sam_bot_nav2_gz' build argument 'cmake_clean_cache' from command line to 'False'
[0.263s] Level 5:colcon.colcon_core.verb:set package 'sam_bot_nav2_gz' build argument 'cmake_clean_first' from command line to 'False'
[0.263s] Level 5:colcon.colcon_core.verb:set package 'sam_bot_nav2_gz' build argument 'cmake_force_configure' from command line to 'False'
[0.263s] Level 5:colcon.colcon_core.verb:set package 'sam_bot_nav2_gz' build argument 'ament_cmake_args' from command line to 'None'
[0.263s] Level 5:colcon.colcon_core.verb:set package 'sam_bot_nav2_gz' build argument 'catkin_cmake_args' from command line to 'None'
[0.263s] Level 5:colcon.colcon_core.verb:set package 'sam_bot_nav2_gz' build argument 'catkin_skip_building_tests' from command line to 'False'
[0.264s] DEBUG:colcon.colcon_core.verb:Building package 'sam_bot_nav2_gz' with the following arguments: {'ament_cmake_args': None, 'build_base': '/home/rafael/ros2_ws/src/build/sam_bot_nav2_gz', 'catkin_cmake_args': None, 'catkin_skip_building_tests': False, 'cmake_args': None, 'cmake_clean_cache': False, 'cmake_clean_first': False, 'cmake_force_configure': False, 'cmake_target': None, 'cmake_target_skip_unavailable': False, 'install_base': '/home/rafael/ros2_ws/src/install/sam_bot_nav2_gz', 'merge_install': False, 'path': '/home/rafael/ros2_ws/src/sam_bot_nav2_gz', 'symlink_install': True, 'test_result_base': None}
[0.264s] Level 5:colcon.colcon_core.verb:set package 'scout_description' build argument 'cmake_args' from command line to 'None'
[0.264s] Level 5:colcon.colcon_core.verb:set package 'scout_description' build argument 'cmake_target' from command line to 'None'
[0.264s] Level 5:colcon.colcon_core.verb:set package 'scout_description' build argument 'cmake_target_skip_unavailable' from command line to 'False'
[0.264s] Level 5:colcon.colcon_core.verb:set package 'scout_description' build argument 'cmake_clean_cache' from command line to 'False'
[0.264s] Level 5:colcon.colcon_core.verb:set package 'scout_description' build argument 'cmake_clean_first' from command line to 'False'
[0.264s] Level 5:colcon.colcon_core.verb:set package 'scout_description' build argument 'cmake_force_configure' from command line to 'False'
[0.264s] Level 5:colcon.colcon_core.verb:set package 'scout_description' build argument 'ament_cmake_args' from command line to 'None'
[0.264s] Level 5:colcon.colcon_core.verb:set package 'scout_description' build argument 'catkin_cmake_args' from command line to 'None'
[0.264s] Level 5:colcon.colcon_core.verb:set package 'scout_description' build argument 'catkin_skip_building_tests' from command line to 'False'
[0.264s] DEBUG:colcon.colcon_core.verb:Building package 'scout_description' with the following arguments: {'ament_cmake_args': None, 'build_base': '/home/rafael/ros2_ws/src/build/scout_description', 'catkin_cmake_args': None, 'catkin_skip_building_tests': False, 'cmake_args': None, 'cmake_clean_cache': False, 'cmake_clean_first': False, 'cmake_force_configure': False, 'cmake_target': None, 'cmake_target_skip_unavailable': False, 'install_base': '/home/rafael/ros2_ws/src/install/scout_description', 'merge_install': False, 'path': '/home/rafael/ros2_ws/src/scout_ros2/scout_description', 'symlink_install': True, 'test_result_base': None}
[0.264s] Level 5:colcon.colcon_core.verb:set package 'scout_msgs' build argument 'cmake_args' from command line to 'None'
[0.264s] Level 5:colcon.colcon_core.verb:set package 'scout_msgs' build argument 'cmake_target' from command line to 'None'
[0.264s] Level 5:colcon.colcon_core.verb:set package 'scout_msgs' build argument 'cmake_target_skip_unavailable' from command line to 'False'
[0.264s] Level 5:colcon.colcon_core.verb:set package 'scout_msgs' build argument 'cmake_clean_cache' from command line to 'False'
[0.264s] Level 5:colcon.colcon_core.verb:set package 'scout_msgs' build argument 'cmake_clean_first' from command line to 'False'
[0.264s] Level 5:colcon.colcon_core.verb:set package 'scout_msgs' build argument 'cmake_force_configure' from command line to 'False'
[0.264s] Level 5:colcon.colcon_core.verb:set package 'scout_msgs' build argument 'ament_cmake_args' from command line to 'None'
[0.264s] Level 5:colcon.colcon_core.verb:set package 'scout_msgs' build argument 'catkin_cmake_args' from command line to 'None'
[0.264s] Level 5:colcon.colcon_core.verb:set package 'scout_msgs' build argument 'catkin_skip_building_tests' from command line to 'False'
[0.264s] DEBUG:colcon.colcon_core.verb:Building package 'scout_msgs' with the following arguments: {'ament_cmake_args': None, 'build_base': '/home/rafael/ros2_ws/src/build/scout_msgs', 'catkin_cmake_args': None, 'catkin_skip_building_tests': False, 'cmake_args': None, 'cmake_clean_cache': False, 'cmake_clean_first': False, 'cmake_force_configure': False, 'cmake_target': None, 'cmake_target_skip_unavailable': False, 'install_base': '/home/rafael/ros2_ws/src/install/scout_msgs', 'merge_install': False, 'path': '/home/rafael/ros2_ws/src/scout_ros2/scout_msgs', 'symlink_install': True, 'test_result_base': None}
[0.265s] Level 5:colcon.colcon_core.verb:set package 'ugv_sdk' build argument 'cmake_args' from command line to 'None'
[0.265s] Level 5:colcon.colcon_core.verb:set package 'ugv_sdk' build argument 'cmake_target' from command line to 'None'
[0.265s] Level 5:colcon.colcon_core.verb:set package 'ugv_sdk' build argument 'cmake_target_skip_unavailable' from command line to 'False'
[0.265s] Level 5:colcon.colcon_core.verb:set package 'ugv_sdk' build argument 'cmake_clean_cache' from command line to 'False'
[0.265s] Level 5:colcon.colcon_core.verb:set package 'ugv_sdk' build argument 'cmake_clean_first' from command line to 'False'
[0.265s] Level 5:colcon.colcon_core.verb:set package 'ugv_sdk' build argument 'cmake_force_configure' from command line to 'False'
[0.265s] Level 5:colcon.colcon_core.verb:set package 'ugv_sdk' build argument 'ament_cmake_args' from command line to 'None'
[0.265s] Level 5:colcon.colcon_core.verb:set package 'ugv_sdk' build argument 'catkin_cmake_args' from command line to 'None'
[0.265s] Level 5:colcon.colcon_core.verb:set package 'ugv_sdk' build argument 'catkin_skip_building_tests' from command line to 'False'
[0.265s] DEBUG:colcon.colcon_core.verb:Building package 'ugv_sdk' with the following arguments: {'ament_cmake_args': None, 'build_base': '/home/rafael/ros2_ws/src/build/ugv_sdk', 'catkin_cmake_args': None, 'catkin_skip_building_tests': False, 'cmake_args': None, 'cmake_clean_cache': False, 'cmake_clean_first': False, 'cmake_force_configure': False, 'cmake_target': None, 'cmake_target_skip_unavailable': False, 'install_base': '/home/rafael/ros2_ws/src/install/ugv_sdk', 'merge_install': False, 'path': '/home/rafael/ros2_ws/src/ugv_sdk', 'symlink_install': True, 'test_result_base': None}
[0.265s] Level 5:colcon.colcon_core.verb:set package 'scout_base' build argument 'cmake_args' from command line to 'None'
[0.265s] Level 5:colcon.colcon_core.verb:set package 'scout_base' build argument 'cmake_target' from command line to 'None'
[0.265s] Level 5:colcon.colcon_core.verb:set package 'scout_base' build argument 'cmake_target_skip_unavailable' from command line to 'False'
[0.265s] Level 5:colcon.colcon_core.verb:set package 'scout_base' build argument 'cmake_clean_cache' from command line to 'False'
[0.265s] Level 5:colcon.colcon_core.verb:set package 'scout_base' build argument 'cmake_clean_first' from command line to 'False'
[0.265s] Level 5:colcon.colcon_core.verb:set package 'scout_base' build argument 'cmake_force_configure' from command line to 'False'
[0.265s] Level 5:colcon.colcon_core.verb:set package 'scout_base' build argument 'ament_cmake_args' from command line to 'None'
[0.265s] Level 5:colcon.colcon_core.verb:set package 'scout_base' build argument 'catkin_cmake_args' from command line to 'None'
[0.265s] Level 5:colcon.colcon_core.verb:set package 'scout_base' build argument 'catkin_skip_building_tests' from command line to 'False'
[0.265s] DEBUG:colcon.colcon_core.verb:Building package 'scout_base' with the following arguments: {'ament_cmake_args': None, 'build_base': '/home/rafael/ros2_ws/src/build/scout_base', 'catkin_cmake_args': None, 'catkin_skip_building_tests': False, 'cmake_args': None, 'cmake_clean_cache': False, 'cmake_clean_first': False, 'cmake_force_configure': False, 'cmake_target': None, 'cmake_target_skip_unavailable': False, 'install_base': '/home/rafael/ros2_ws/src/install/scout_base', 'merge_install': False, 'path': '/home/rafael/ros2_ws/src/scout_ros2/scout_base', 'symlink_install': True, 'test_result_base': None}
[0.265s] INFO:colcon.colcon_core.executor:Executing jobs using 'parallel' executor
[0.266s] DEBUG:colcon.colcon_parallel_executor.executor.parallel:run_until_complete
[0.267s] INFO:colcon.colcon_ros.task.ament_cmake.build:Building ROS package in '/home/rafael/ros2_ws/src/scout_ros2/scout_msgs' with build type 'ament_cmake'
[0.267s] INFO:colcon.colcon_cmake.task.cmake.build:Building CMake package in '/home/rafael/ros2_ws/src/scout_ros2/scout_msgs'
[0.268s] INFO:colcon.colcon_core.plugin_system:Skipping extension 'colcon_core.shell.bat': Not used on non-Windows systems
[0.269s] INFO:colcon.colcon_core.shell:Skip shell extension 'powershell' for command environment: Not usable outside of PowerShell
[0.269s] DEBUG:colcon.colcon_core.shell:Skip shell extension 'dsv' for command environment
[0.272s] INFO:colcon.colcon_ros.task.catkin.build:Building ROS package in '/home/rafael/ros2_ws/src/ugv_sdk' with build type 'catkin'
[0.272s] INFO:colcon.colcon_cmake.task.cmake.build:Building CMake package in '/home/rafael/ros2_ws/src/ugv_sdk'
[0.272s] INFO:colcon.colcon_core.shell:Skip shell extension 'powershell' for command environment: Not usable outside of PowerShell
[0.272s] DEBUG:colcon.colcon_core.shell:Skip shell extension 'dsv' for command environment
[0.275s] INFO:colcon.colcon_ros.task.ament_cmake.build:Building ROS package in '/home/rafael/ros2_ws/src/novamob_description' with build type 'ament_cmake'
[0.275s] INFO:colcon.colcon_cmake.task.cmake.build:Building CMake package in '/home/rafael/ros2_ws/src/novamob_description'
[0.275s] INFO:colcon.colcon_core.shell:Skip shell extension 'powershell' for command environment: Not usable outside of PowerShell
[0.275s] DEBUG:colcon.colcon_core.shell:Skip shell extension 'dsv' for command environment
[0.278s] INFO:colcon.colcon_ros.task.ament_cmake.build:Building ROS package in '/home/rafael/ros2_ws/src/novamob_nav2_gz' with build type 'ament_cmake'
[0.278s] INFO:colcon.colcon_cmake.task.cmake.build:Building CMake package in '/home/rafael/ros2_ws/src/novamob_nav2_gz'
[0.278s] INFO:colcon.colcon_core.shell:Skip shell extension 'powershell' for command environment: Not usable outside of PowerShell
[0.278s] DEBUG:colcon.colcon_core.shell:Skip shell extension 'dsv' for command environment
[0.283s] INFO:colcon.colcon_ros.task.ament_cmake.build:Building ROS package in '/home/rafael/ros2_ws/src/sam_bot_description' with build type 'ament_cmake'
[0.283s] INFO:colcon.colcon_cmake.task.cmake.build:Building CMake package in '/home/rafael/ros2_ws/src/sam_bot_description'
[0.284s] INFO:colcon.colcon_core.shell:Skip shell extension 'powershell' for command environment: Not usable outside of PowerShell
[0.284s] DEBUG:colcon.colcon_core.shell:Skip shell extension 'dsv' for command environment
[0.287s] INFO:colcon.colcon_ros.task.ament_cmake.build:Building ROS package in '/home/rafael/ros2_ws/src/sam_bot_nav2_gz' with build type 'ament_cmake'
[0.287s] INFO:colcon.colcon_cmake.task.cmake.build:Building CMake package in '/home/rafael/ros2_ws/src/sam_bot_nav2_gz'
[0.287s] INFO:colcon.colcon_core.shell:Skip shell extension 'powershell' for command environment: Not usable outside of PowerShell
[0.287s] DEBUG:colcon.colcon_core.shell:Skip shell extension 'dsv' for command environment
[0.290s] INFO:colcon.colcon_ros.task.ament_cmake.build:Building ROS package in '/home/rafael/ros2_ws/src/scout_ros2/scout_description' with build type 'ament_cmake'
[0.291s] INFO:colcon.colcon_cmake.task.cmake.build:Building CMake package in '/home/rafael/ros2_ws/src/scout_ros2/scout_description'
[0.291s] INFO:colcon.colcon_core.shell:Skip shell extension 'powershell' for command environment: Not usable outside of PowerShell
[0.291s] DEBUG:colcon.colcon_core.shell:Skip shell extension 'dsv' for command environment
[0.301s] DEBUG:colcon.colcon_core.event_handler.log_command:Invoking command in '/home/rafael/ros2_ws/src/build/scout_msgs': CMAKE_PREFIX_PATH=/opt/ros/humble:${CMAKE_PREFIX_PATH} /usr/bin/cmake --build /home/rafael/ros2_ws/src/build/scout_msgs -- -j12 -l12
[0.304s] DEBUG:colcon.colcon_core.event_handler.log_command:Invoking command in '/home/rafael/ros2_ws/src/build/ugv_sdk': /usr/bin/cmake --build /home/rafael/ros2_ws/src/build/ugv_sdk -- -j12 -l12
[0.307s] DEBUG:colcon.colcon_core.event_handler.log_command:Invoking command in '/home/rafael/ros2_ws/src/build/novamob_description': CMAKE_PREFIX_PATH=/opt/ros/humble:${CMAKE_PREFIX_PATH} /usr/bin/cmake --build /home/rafael/ros2_ws/src/build/novamob_description -- -j12 -l12
[0.310s] DEBUG:colcon.colcon_core.event_handler.log_command:Invoking command in '/home/rafael/ros2_ws/src/build/novamob_nav2_gz': CMAKE_PREFIX_PATH=/opt/ros/humble:${CMAKE_PREFIX_PATH} /usr/bin/cmake --build /home/rafael/ros2_ws/src/build/novamob_nav2_gz -- -j12 -l12
[0.313s] DEBUG:colcon.colcon_core.event_handler.log_command:Invoking command in '/home/rafael/ros2_ws/src/build/sam_bot_description': CMAKE_PREFIX_PATH=/opt/ros/humble:${CMAKE_PREFIX_PATH} /usr/bin/cmake --build /home/rafael/ros2_ws/src/build/sam_bot_description -- -j12 -l12
[0.319s] DEBUG:colcon.colcon_core.event_handler.log_command:Invoking command in '/home/rafael/ros2_ws/src/build/sam_bot_nav2_gz': CMAKE_PREFIX_PATH=/opt/ros/humble:${CMAKE_PREFIX_PATH} /usr/bin/cmake --build /home/rafael/ros2_ws/src/build/sam_bot_nav2_gz -- -j12 -l12
[0.324s] DEBUG:colcon.colcon_core.event_handler.log_command:Invoking command in '/home/rafael/ros2_ws/src/build/scout_description': CMAKE_PREFIX_PATH=/opt/ros/humble:${CMAKE_PREFIX_PATH} /usr/bin/cmake --build /home/rafael/ros2_ws/src/build/scout_description -- -j12 -l12
[0.346s] DEBUG:colcon.colcon_core.event_handler.log_command:Invoked command in '/home/rafael/ros2_ws/src/build/novamob_description' returned '0': CMAKE_PREFIX_PATH=/opt/ros/humble:${CMAKE_PREFIX_PATH} /usr/bin/cmake --build /home/rafael/ros2_ws/src/build/novamob_description -- -j12 -l12
[0.351s] DEBUG:colcon.colcon_core.event_handler.log_command:Invoked command in '/home/rafael/ros2_ws/src/build/novamob_nav2_gz' returned '0': CMAKE_PREFIX_PATH=/opt/ros/humble:${CMAKE_PREFIX_PATH} /usr/bin/cmake --build /home/rafael/ros2_ws/src/build/novamob_nav2_gz -- -j12 -l12
[0.353s] DEBUG:colcon.colcon_core.event_handler.log_command:Invoked command in '/home/rafael/ros2_ws/src/build/sam_bot_nav2_gz' returned '0': CMAKE_PREFIX_PATH=/opt/ros/humble:${CMAKE_PREFIX_PATH} /usr/bin/cmake --build /home/rafael/ros2_ws/src/build/sam_bot_nav2_gz -- -j12 -l12
[0.356s] DEBUG:colcon.colcon_core.event_handler.log_command:Invoked command in '/home/rafael/ros2_ws/src/build/sam_bot_description' returned '0': CMAKE_PREFIX_PATH=/opt/ros/humble:${CMAKE_PREFIX_PATH} /usr/bin/cmake --build /home/rafael/ros2_ws/src/build/sam_bot_description -- -j12 -l12
[0.367s] DEBUG:colcon.colcon_core.event_handler.log_command:Invoked command in '/home/rafael/ros2_ws/src/build/scout_description' returned '0': CMAKE_PREFIX_PATH=/opt/ros/humble:${CMAKE_PREFIX_PATH} /usr/bin/cmake --build /home/rafael/ros2_ws/src/build/scout_description -- -j12 -l12
[0.404s] DEBUG:colcon.colcon_core.event_handler.log_command:Invoking command in '/home/rafael/ros2_ws/src/build/novamob_nav2_gz': CMAKE_PREFIX_PATH=/opt/ros/humble:${CMAKE_PREFIX_PATH} /usr/bin/cmake --install /home/rafael/ros2_ws/src/build/novamob_nav2_gz
[0.407s] DEBUG:colcon.colcon_core.event_handler.log_command:Invoking command in '/home/rafael/ros2_ws/src/build/novamob_description': CMAKE_PREFIX_PATH=/opt/ros/humble:${CMAKE_PREFIX_PATH} /usr/bin/cmake --install /home/rafael/ros2_ws/src/build/novamob_description
[0.409s] DEBUG:colcon.colcon_core.event_handler.log_command:Invoking command in '/home/rafael/ros2_ws/src/build/sam_bot_description': CMAKE_PREFIX_PATH=/opt/ros/humble:${CMAKE_PREFIX_PATH} /usr/bin/cmake --install /home/rafael/ros2_ws/src/build/sam_bot_description
[0.411s] DEBUG:colcon.colcon_core.event_handler.log_command:Invoking command in '/home/rafael/ros2_ws/src/build/scout_description': CMAKE_PREFIX_PATH=/opt/ros/humble:${CMAKE_PREFIX_PATH} /usr/bin/cmake --install /home/rafael/ros2_ws/src/build/scout_description
[0.414s] DEBUG:colcon.colcon_core.event_handler.log_command:Invoking command in '/home/rafael/ros2_ws/src/build/sam_bot_nav2_gz': CMAKE_PREFIX_PATH=/opt/ros/humble:${CMAKE_PREFIX_PATH} /usr/bin/cmake --install /home/rafael/ros2_ws/src/build/sam_bot_nav2_gz
[0.440s] Level 1:colcon.colcon_core.environment:create_environment_scripts_only(novamob_nav2_gz)
[0.457s] Level 1:colcon.colcon_core.environment:checking '/home/rafael/ros2_ws/src/install/novamob_nav2_gz' for CMake module files
[0.458s] Level 1:colcon.colcon_core.environment:checking '/home/rafael/ros2_ws/src/install/novamob_nav2_gz' for CMake config files
[0.459s] Level 1:colcon.colcon_core.shell:create_environment_hook('novamob_nav2_gz', 'cmake_prefix_path')
[0.459s] INFO:colcon.colcon_core.shell:Creating environment hook '/home/rafael/ros2_ws/src/install/novamob_nav2_gz/share/novamob_nav2_gz/hook/cmake_prefix_path.ps1'
[0.460s] INFO:colcon.colcon_core.shell:Creating environment descriptor '/home/rafael/ros2_ws/src/install/novamob_nav2_gz/share/novamob_nav2_gz/hook/cmake_prefix_path.dsv'
[0.461s] INFO:colcon.colcon_core.shell:Creating environment hook '/home/rafael/ros2_ws/src/install/novamob_nav2_gz/share/novamob_nav2_gz/hook/cmake_prefix_path.sh'
[0.463s] DEBUG:colcon.colcon_core.event_handler.log_command:Invoked command in '/home/rafael/ros2_ws/src/build/novamob_nav2_gz' returned '0': CMAKE_PREFIX_PATH=/opt/ros/humble:${CMAKE_PREFIX_PATH} /usr/bin/cmake --install /home/rafael/ros2_ws/src/build/novamob_nav2_gz
[0.464s] Level 1:colcon.colcon_core.environment:checking '/home/rafael/ros2_ws/src/install/novamob_nav2_gz/lib'
[0.464s] Level 1:colcon.colcon_core.environment:checking '/home/rafael/ros2_ws/src/install/novamob_nav2_gz/bin'
[0.464s] Level 1:colcon.colcon_core.environment:checking '/home/rafael/ros2_ws/src/install/novamob_nav2_gz/lib/pkgconfig/novamob_nav2_gz.pc'
[0.465s] Level 1:colcon.colcon_core.environment:checking '/home/rafael/ros2_ws/src/install/novamob_nav2_gz/lib/python3.10/site-packages'
[0.465s] Level 1:colcon.colcon_core.environment:checking '/home/rafael/ros2_ws/src/install/novamob_nav2_gz/bin'
[0.466s] INFO:colcon.colcon_core.shell:Creating package script '/home/rafael/ros2_ws/src/install/novamob_nav2_gz/share/novamob_nav2_gz/package.ps1'
[0.468s] INFO:colcon.colcon_core.shell:Creating package descriptor '/home/rafael/ros2_ws/src/install/novamob_nav2_gz/share/novamob_nav2_gz/package.dsv'
[0.470s] INFO:colcon.colcon_core.shell:Creating package script '/home/rafael/ros2_ws/src/install/novamob_nav2_gz/share/novamob_nav2_gz/package.sh'
[0.471s] INFO:colcon.colcon_core.shell:Creating package script '/home/rafael/ros2_ws/src/install/novamob_nav2_gz/share/novamob_nav2_gz/package.bash'
[0.473s] INFO:colcon.colcon_core.shell:Creating package script '/home/rafael/ros2_ws/src/install/novamob_nav2_gz/share/novamob_nav2_gz/package.zsh'
[0.474s] Level 1:colcon.colcon_core.environment:create_file_with_runtime_dependencies(/home/rafael/ros2_ws/src/install/novamob_nav2_gz/share/colcon-core/packages/novamob_nav2_gz)
[0.477s] Level 1:colcon.colcon_core.environment:create_environment_scripts_only(novamob_description)
[0.477s] Level 1:colcon.colcon_core.environment:checking '/home/rafael/ros2_ws/src/install/novamob_description' for CMake module files
[0.478s] Level 1:colcon.colcon_core.environment:checking '/home/rafael/ros2_ws/src/install/novamob_description' for CMake config files
[0.479s] Level 1:colcon.colcon_core.shell:create_environment_hook('novamob_description', 'cmake_prefix_path')
[0.479s] INFO:colcon.colcon_core.shell:Creating environment hook '/home/rafael/ros2_ws/src/install/novamob_description/share/novamob_description/hook/cmake_prefix_path.ps1'
[0.480s] INFO:colcon.colcon_core.shell:Creating environment descriptor '/home/rafael/ros2_ws/src/install/novamob_description/share/novamob_description/hook/cmake_prefix_path.dsv'
[0.480s] DEBUG:colcon.colcon_core.event_handler.log_command:Invoked command in '/home/rafael/ros2_ws/src/build/novamob_description' returned '0': CMAKE_PREFIX_PATH=/opt/ros/humble:${CMAKE_PREFIX_PATH} /usr/bin/cmake --install /home/rafael/ros2_ws/src/build/novamob_description
[0.480s] INFO:colcon.colcon_core.shell:Creating environment hook '/home/rafael/ros2_ws/src/install/novamob_description/share/novamob_description/hook/cmake_prefix_path.sh'
[0.481s] Level 1:colcon.colcon_core.environment:checking '/home/rafael/ros2_ws/src/install/novamob_description/bin'
[0.481s] Level 1:colcon.colcon_core.environment:checking '/home/rafael/ros2_ws/src/install/novamob_description/lib/pkgconfig/novamob_description.pc'
[0.482s] Level 1:colcon.colcon_core.environment:checking '/home/rafael/ros2_ws/src/install/novamob_description/lib/python3.10/site-packages'
[0.482s] Level 1:colcon.colcon_core.environment:checking '/home/rafael/ros2_ws/src/install/novamob_description/bin'
[0.482s] INFO:colcon.colcon_core.shell:Creating package script '/home/rafael/ros2_ws/src/install/novamob_description/share/novamob_description/package.ps1'
[0.483s] INFO:colcon.colcon_core.shell:Creating package descriptor '/home/rafael/ros2_ws/src/install/novamob_description/share/novamob_description/package.dsv'
[0.484s] INFO:colcon.colcon_core.shell:Creating package script '/home/rafael/ros2_ws/src/install/novamob_description/share/novamob_description/package.sh'
[0.484s] INFO:colcon.colcon_core.shell:Creating package script '/home/rafael/ros2_ws/src/install/novamob_description/share/novamob_description/package.bash'
[0.484s] INFO:colcon.colcon_core.shell:Creating package script '/home/rafael/ros2_ws/src/install/novamob_description/share/novamob_description/package.zsh'
[0.485s] Level 1:colcon.colcon_core.environment:create_file_with_runtime_dependencies(/home/rafael/ros2_ws/src/install/novamob_description/share/colcon-core/packages/novamob_description)
[0.486s] Level 1:colcon.colcon_core.environment:create_environment_scripts_only(scout_description)
[0.487s] Level 1:colcon.colcon_core.environment:checking '/home/rafael/ros2_ws/src/install/scout_description' for CMake module files
[0.487s] DEBUG:colcon.colcon_core.event_handler.log_command:Invoked command in '/home/rafael/ros2_ws/src/build/scout_description' returned '0': CMAKE_PREFIX_PATH=/opt/ros/humble:${CMAKE_PREFIX_PATH} /usr/bin/cmake --install /home/rafael/ros2_ws/src/build/scout_description
[0.488s] Level 1:colcon.colcon_core.environment:checking '/home/rafael/ros2_ws/src/install/scout_description' for CMake config files
[0.489s] Level 1:colcon.colcon_core.shell:create_environment_hook('scout_description', 'cmake_prefix_path')
[0.489s] INFO:colcon.colcon_core.shell:Creating environment hook '/home/rafael/ros2_ws/src/install/scout_description/share/scout_description/hook/cmake_prefix_path.ps1'
[0.490s] INFO:colcon.colcon_core.shell:Creating environment descriptor '/home/rafael/ros2_ws/src/install/scout_description/share/scout_description/hook/cmake_prefix_path.dsv'
[0.490s] INFO:colcon.colcon_core.shell:Creating environment hook '/home/rafael/ros2_ws/src/install/scout_description/share/scout_description/hook/cmake_prefix_path.sh'
[0.491s] Level 1:colcon.colcon_core.environment:checking '/home/rafael/ros2_ws/src/install/scout_description/bin'
[0.491s] Level 1:colcon.colcon_core.environment:checking '/home/rafael/ros2_ws/src/install/scout_description/lib/pkgconfig/scout_description.pc'
[0.491s] Level 1:colcon.colcon_core.environment:checking '/home/rafael/ros2_ws/src/install/scout_description/lib/python3.10/site-packages'
[0.492s] Level 1:colcon.colcon_core.environment:checking '/home/rafael/ros2_ws/src/install/scout_description/bin'
[0.492s] INFO:colcon.colcon_core.shell:Creating package script '/home/rafael/ros2_ws/src/install/scout_description/share/scout_description/package.ps1'
[0.493s] INFO:colcon.colcon_core.shell:Creating package descriptor '/home/rafael/ros2_ws/src/install/scout_description/share/scout_description/package.dsv'
[0.494s] INFO:colcon.colcon_core.shell:Creating package script '/home/rafael/ros2_ws/src/install/scout_description/share/scout_description/package.sh'
[0.494s] INFO:colcon.colcon_core.shell:Creating package script '/home/rafael/ros2_ws/src/install/scout_description/share/scout_description/package.bash'
[0.495s] INFO:colcon.colcon_core.shell:Creating package script '/home/rafael/ros2_ws/src/install/scout_description/share/scout_description/package.zsh'
[0.495s] Level 1:colcon.colcon_core.environment:create_file_with_runtime_dependencies(/home/rafael/ros2_ws/src/install/scout_description/share/colcon-core/packages/scout_description)
[0.497s] Level 1:colcon.colcon_core.environment:create_environment_scripts_only(sam_bot_description)
[0.498s] Level 1:colcon.colcon_core.environment:checking '/home/rafael/ros2_ws/src/install/sam_bot_description' for CMake module files
[0.499s] DEBUG:colcon.colcon_core.event_handler.log_command:Invoked command in '/home/rafael/ros2_ws/src/build/sam_bot_description' returned '0': CMAKE_PREFIX_PATH=/opt/ros/humble:${CMAKE_PREFIX_PATH} /usr/bin/cmake --install /home/rafael/ros2_ws/src/build/sam_bot_description
[0.499s] Level 1:colcon.colcon_core.environment:checking '/home/rafael/ros2_ws/src/install/sam_bot_description' for CMake config files
[0.500s] Level 1:colcon.colcon_core.shell:create_environment_hook('sam_bot_description', 'cmake_prefix_path')
[0.500s] INFO:colcon.colcon_core.shell:Creating environment hook '/home/rafael/ros2_ws/src/install/sam_bot_description/share/sam_bot_description/hook/cmake_prefix_path.ps1'
[0.501s] INFO:colcon.colcon_core.shell:Creating environment descriptor '/home/rafael/ros2_ws/src/install/sam_bot_description/share/sam_bot_description/hook/cmake_prefix_path.dsv'
[0.501s] INFO:colcon.colcon_core.shell:Creating environment hook '/home/rafael/ros2_ws/src/install/sam_bot_description/share/sam_bot_description/hook/cmake_prefix_path.sh'
[0.502s] Level 1:colcon.colcon_core.environment:checking '/home/rafael/ros2_ws/src/install/sam_bot_description/bin'
[0.502s] Level 1:colcon.colcon_core.environment:checking '/home/rafael/ros2_ws/src/install/sam_bot_description/lib/pkgconfig/sam_bot_description.pc'
[0.502s] Level 1:colcon.colcon_core.environment:checking '/home/rafael/ros2_ws/src/install/sam_bot_description/lib/python3.10/site-packages'
[0.502s] Level 1:colcon.colcon_core.environment:checking '/home/rafael/ros2_ws/src/install/sam_bot_description/bin'
[0.502s] INFO:colcon.colcon_core.shell:Creating package script '/home/rafael/ros2_ws/src/install/sam_bot_description/share/sam_bot_description/package.ps1'
[0.503s] INFO:colcon.colcon_core.shell:Creating package descriptor '/home/rafael/ros2_ws/src/install/sam_bot_description/share/sam_bot_description/package.dsv'
[0.503s] INFO:colcon.colcon_core.shell:Creating package script '/home/rafael/ros2_ws/src/install/sam_bot_description/share/sam_bot_description/package.sh'
[0.504s] INFO:colcon.colcon_core.shell:Creating package script '/home/rafael/ros2_ws/src/install/sam_bot_description/share/sam_bot_description/package.bash'
[0.504s] INFO:colcon.colcon_core.shell:Creating package script '/home/rafael/ros2_ws/src/install/sam_bot_description/share/sam_bot_description/package.zsh'
[0.504s] Level 1:colcon.colcon_core.environment:create_file_with_runtime_dependencies(/home/rafael/ros2_ws/src/install/sam_bot_description/share/colcon-core/packages/sam_bot_description)
[0.506s] Level 1:colcon.colcon_core.environment:create_environment_scripts_only(sam_bot_nav2_gz)
[0.506s] Level 1:colcon.colcon_core.environment:checking '/home/rafael/ros2_ws/src/install/sam_bot_nav2_gz' for CMake module files
[0.507s] DEBUG:colcon.colcon_core.event_handler.log_command:Invoked command in '/home/rafael/ros2_ws/src/build/sam_bot_nav2_gz' returned '0': CMAKE_PREFIX_PATH=/opt/ros/humble:${CMAKE_PREFIX_PATH} /usr/bin/cmake --install /home/rafael/ros2_ws/src/build/sam_bot_nav2_gz
[0.508s] Level 1:colcon.colcon_core.environment:checking '/home/rafael/ros2_ws/src/install/sam_bot_nav2_gz' for CMake config files
[0.508s] Level 1:colcon.colcon_core.shell:create_environment_hook('sam_bot_nav2_gz', 'cmake_prefix_path')
[0.509s] INFO:colcon.colcon_core.shell:Creating environment hook '/home/rafael/ros2_ws/src/install/sam_bot_nav2_gz/share/sam_bot_nav2_gz/hook/cmake_prefix_path.ps1'
[0.510s] INFO:colcon.colcon_core.shell:Creating environment descriptor '/home/rafael/ros2_ws/src/install/sam_bot_nav2_gz/share/sam_bot_nav2_gz/hook/cmake_prefix_path.dsv'
[0.510s] INFO:colcon.colcon_core.shell:Creating environment hook '/home/rafael/ros2_ws/src/install/sam_bot_nav2_gz/share/sam_bot_nav2_gz/hook/cmake_prefix_path.sh'
[0.511s] Level 1:colcon.colcon_core.environment:checking '/home/rafael/ros2_ws/src/install/sam_bot_nav2_gz/lib'
[0.511s] Level 1:colcon.colcon_core.environment:checking '/home/rafael/ros2_ws/src/install/sam_bot_nav2_gz/bin'
[0.511s] Level 1:colcon.colcon_core.environment:checking '/home/rafael/ros2_ws/src/install/sam_bot_nav2_gz/lib/pkgconfig/sam_bot_nav2_gz.pc'
[0.511s] Level 1:colcon.colcon_core.environment:checking '/home/rafael/ros2_ws/src/install/sam_bot_nav2_gz/lib/python3.10/site-packages'
[0.512s] Level 1:colcon.colcon_core.environment:checking '/home/rafael/ros2_ws/src/install/sam_bot_nav2_gz/bin'
[0.512s] INFO:colcon.colcon_core.shell:Creating package script '/home/rafael/ros2_ws/src/install/sam_bot_nav2_gz/share/sam_bot_nav2_gz/package.ps1'
[0.513s] INFO:colcon.colcon_core.shell:Creating package descriptor '/home/rafael/ros2_ws/src/install/sam_bot_nav2_gz/share/sam_bot_nav2_gz/package.dsv'
[0.513s] INFO:colcon.colcon_core.shell:Creating package script '/home/rafael/ros2_ws/src/install/sam_bot_nav2_gz/share/sam_bot_nav2_gz/package.sh'
[0.514s] INFO:colcon.colcon_core.shell:Creating package script '/home/rafael/ros2_ws/src/install/sam_bot_nav2_gz/share/sam_bot_nav2_gz/package.bash'
[0.514s] INFO:colcon.colcon_core.shell:Creating package script '/home/rafael/ros2_ws/src/install/sam_bot_nav2_gz/share/sam_bot_nav2_gz/package.zsh'
[0.515s] Level 1:colcon.colcon_core.environment:create_file_with_runtime_dependencies(/home/rafael/ros2_ws/src/install/sam_bot_nav2_gz/share/colcon-core/packages/sam_bot_nav2_gz)
[0.519s] DEBUG:colcon.colcon_core.event_handler.log_command:Invoked command in '/home/rafael/ros2_ws/src/build/ugv_sdk' returned '0': /usr/bin/cmake --build /home/rafael/ros2_ws/src/build/ugv_sdk -- -j12 -l12
[0.519s] Level 1:colcon.colcon_core.environment:create_environment_scripts_only(novamob_nav2_gz)
[0.520s] Level 1:colcon.colcon_core.environment:checking '/home/rafael/ros2_ws/src/install/novamob_nav2_gz' for CMake module files
[0.521s] Level 1:colcon.colcon_core.environment:checking '/home/rafael/ros2_ws/src/install/novamob_nav2_gz' for CMake config files
[0.521s] Level 1:colcon.colcon_core.shell:create_environment_hook('novamob_nav2_gz', 'cmake_prefix_path')
[0.522s] INFO:colcon.colcon_core.shell:Creating environment hook '/home/rafael/ros2_ws/src/install/novamob_nav2_gz/share/novamob_nav2_gz/hook/cmake_prefix_path.ps1'
[0.523s] INFO:colcon.colcon_core.shell:Creating environment descriptor '/home/rafael/ros2_ws/src/install/novamob_nav2_gz/share/novamob_nav2_gz/hook/cmake_prefix_path.dsv'
[0.523s] INFO:colcon.colcon_core.shell:Creating environment hook '/home/rafael/ros2_ws/src/install/novamob_nav2_gz/share/novamob_nav2_gz/hook/cmake_prefix_path.sh'
[0.524s] Level 1:colcon.colcon_core.environment:checking '/home/rafael/ros2_ws/src/install/novamob_nav2_gz/lib'
[0.524s] Level 1:colcon.colcon_core.environment:checking '/home/rafael/ros2_ws/src/install/novamob_nav2_gz/bin'
[0.525s] Level 1:colcon.colcon_core.environment:checking '/home/rafael/ros2_ws/src/install/novamob_nav2_gz/lib/pkgconfig/novamob_nav2_gz.pc'
[0.525s] Level 1:colcon.colcon_core.environment:checking '/home/rafael/ros2_ws/src/install/novamob_nav2_gz/lib/python3.10/site-packages'
[0.525s] Level 1:colcon.colcon_core.environment:checking '/home/rafael/ros2_ws/src/install/novamob_nav2_gz/bin'
[0.526s] INFO:colcon.colcon_core.shell:Creating package script '/home/rafael/ros2_ws/src/install/novamob_nav2_gz/share/novamob_nav2_gz/package.ps1'
[0.526s] INFO:colcon.colcon_core.shell:Creating package descriptor '/home/rafael/ros2_ws/src/install/novamob_nav2_gz/share/novamob_nav2_gz/package.dsv'
[0.527s] INFO:colcon.colcon_core.shell:Creating package script '/home/rafael/ros2_ws/src/install/novamob_nav2_gz/share/novamob_nav2_gz/package.sh'
[0.528s] INFO:colcon.colcon_core.shell:Creating package script '/home/rafael/ros2_ws/src/install/novamob_nav2_gz/share/novamob_nav2_gz/package.bash'
[0.528s] INFO:colcon.colcon_core.shell:Creating package script '/home/rafael/ros2_ws/src/install/novamob_nav2_gz/share/novamob_nav2_gz/package.zsh'
[0.529s] Level 1:colcon.colcon_core.environment:create_file_with_runtime_dependencies(/home/rafael/ros2_ws/src/install/novamob_nav2_gz/share/colcon-core/packages/novamob_nav2_gz)
[0.531s] Level 1:colcon.colcon_core.environment:create_environment_scripts_only(novamob_description)
[0.531s] Level 1:colcon.colcon_core.environment:checking '/home/rafael/ros2_ws/src/install/novamob_description' for CMake module files
[0.532s] Level 1:colcon.colcon_core.environment:checking '/home/rafael/ros2_ws/src/install/novamob_description' for CMake config files
[0.532s] Level 1:colcon.colcon_core.shell:create_environment_hook('novamob_description', 'cmake_prefix_path')
[0.533s] INFO:colcon.colcon_core.shell:Creating environment hook '/home/rafael/ros2_ws/src/install/novamob_description/share/novamob_description/hook/cmake_prefix_path.ps1'
[0.533s] INFO:colcon.colcon_core.shell:Creating environment descriptor '/home/rafael/ros2_ws/src/install/novamob_description/share/novamob_description/hook/cmake_prefix_path.dsv'
[0.534s] INFO:colcon.colcon_core.shell:Creating environment hook '/home/rafael/ros2_ws/src/install/novamob_description/share/novamob_description/hook/cmake_prefix_path.sh'
[0.534s] Level 1:colcon.colcon_core.environment:checking '/home/rafael/ros2_ws/src/install/novamob_description/bin'
[0.535s] Level 1:colcon.colcon_core.environment:checking '/home/rafael/ros2_ws/src/install/novamob_description/lib/pkgconfig/novamob_description.pc'
[0.535s] Level 1:colcon.colcon_core.environment:checking '/home/rafael/ros2_ws/src/install/novamob_description/lib/python3.10/site-packages'
[0.535s] Level 1:colcon.colcon_core.environment:checking '/home/rafael/ros2_ws/src/install/novamob_description/bin'
[0.536s] INFO:colcon.colcon_core.shell:Creating package script '/home/rafael/ros2_ws/src/install/novamob_description/share/novamob_description/package.ps1'
[0.536s] INFO:colcon.colcon_core.shell:Creating package descriptor '/home/rafael/ros2_ws/src/install/novamob_description/share/novamob_description/package.dsv'
[0.537s] INFO:colcon.colcon_core.shell:Creating package script '/home/rafael/ros2_ws/src/install/novamob_description/share/novamob_description/package.sh'
[0.538s] INFO:colcon.colcon_core.shell:Creating package script '/home/rafael/ros2_ws/src/install/novamob_description/share/novamob_description/package.bash'
[0.539s] INFO:colcon.colcon_core.shell:Creating package script '/home/rafael/ros2_ws/src/install/novamob_description/share/novamob_description/package.zsh'
[0.539s] Level 1:colcon.colcon_core.environment:create_file_with_runtime_dependencies(/home/rafael/ros2_ws/src/install/novamob_description/share/colcon-core/packages/novamob_description)
[0.542s] Level 1:colcon.colcon_core.environment:create_environment_scripts_only(scout_description)
[0.542s] Level 1:colcon.colcon_core.environment:checking '/home/rafael/ros2_ws/src/install/scout_description' for CMake module files
[0.543s] Level 1:colcon.colcon_core.environment:checking '/home/rafael/ros2_ws/src/install/scout_description' for CMake config files
[0.543s] Level 1:colcon.colcon_core.shell:create_environment_hook('scout_description', 'cmake_prefix_path')
[0.544s] INFO:colcon.colcon_core.shell:Creating environment hook '/home/rafael/ros2_ws/src/install/scout_description/share/scout_description/hook/cmake_prefix_path.ps1'
[0.545s] INFO:colcon.colcon_core.shell:Creating environment descriptor '/home/rafael/ros2_ws/src/install/scout_description/share/scout_description/hook/cmake_prefix_path.dsv'
[0.545s] INFO:colcon.colcon_core.shell:Creating environment hook '/home/rafael/ros2_ws/src/install/scout_description/share/scout_description/hook/cmake_prefix_path.sh'
[0.546s] Level 1:colcon.colcon_core.environment:checking '/home/rafael/ros2_ws/src/install/scout_description/bin'
[0.546s] Level 1:colcon.colcon_core.environment:checking '/home/rafael/ros2_ws/src/install/scout_description/lib/pkgconfig/scout_description.pc'
[0.546s] Level 1:colcon.colcon_core.environment:checking '/home/rafael/ros2_ws/src/install/scout_description/lib/python3.10/site-packages'
[0.546s] Level 1:colcon.colcon_core.environment:checking '/home/rafael/ros2_ws/src/install/scout_description/bin'
[0.547s] INFO:colcon.colcon_core.shell:Creating package script '/home/rafael/ros2_ws/src/install/scout_description/share/scout_description/package.ps1'
[0.547s] INFO:colcon.colcon_core.shell:Creating package descriptor '/home/rafael/ros2_ws/src/install/scout_description/share/scout_description/package.dsv'
[0.548s] INFO:colcon.colcon_core.shell:Creating package script '/home/rafael/ros2_ws/src/install/scout_description/share/scout_description/package.sh'
[0.548s] INFO:colcon.colcon_core.shell:Creating package script '/home/rafael/ros2_ws/src/install/scout_description/share/scout_description/package.bash'
[0.549s] INFO:colcon.colcon_core.shell:Creating package script '/home/rafael/ros2_ws/src/install/scout_description/share/scout_description/package.zsh'
[0.549s] Level 1:colcon.colcon_core.environment:create_file_with_runtime_dependencies(/home/rafael/ros2_ws/src/install/scout_description/share/colcon-core/packages/scout_description)
[0.550s] Level 1:colcon.colcon_core.environment:create_environment_scripts_only(sam_bot_description)
[0.550s] Level 1:colcon.colcon_core.environment:checking '/home/rafael/ros2_ws/src/install/sam_bot_description' for CMake module files
[0.551s] Level 1:colcon.colcon_core.environment:checking '/home/rafael/ros2_ws/src/install/sam_bot_description' for CMake config files
[0.551s] Level 1:colcon.colcon_core.shell:create_environment_hook('sam_bot_description', 'cmake_prefix_path')
[0.552s] INFO:colcon.colcon_core.shell:Creating environment hook '/home/rafael/ros2_ws/src/install/sam_bot_description/share/sam_bot_description/hook/cmake_prefix_path.ps1'
[0.552s] INFO:colcon.colcon_core.shell:Creating environment descriptor '/home/rafael/ros2_ws/src/install/sam_bot_description/share/sam_bot_description/hook/cmake_prefix_path.dsv'
[0.552s] INFO:colcon.colcon_core.shell:Creating environment hook '/home/rafael/ros2_ws/src/install/sam_bot_description/share/sam_bot_description/hook/cmake_prefix_path.sh'
[0.553s] Level 1:colcon.colcon_core.environment:checking '/home/rafael/ros2_ws/src/install/sam_bot_description/bin'
[0.553s] Level 1:colcon.colcon_core.environment:checking '/home/rafael/ros2_ws/src/install/sam_bot_description/lib/pkgconfig/sam_bot_description.pc'
[0.554s] Level 1:colcon.colcon_core.environment:checking '/home/rafael/ros2_ws/src/install/sam_bot_description/lib/python3.10/site-packages'
[0.554s] Level 1:colcon.colcon_core.environment:checking '/home/rafael/ros2_ws/src/install/sam_bot_description/bin'
[0.554s] INFO:colcon.colcon_core.shell:Creating package script '/home/rafael/ros2_ws/src/install/sam_bot_description/share/sam_bot_description/package.ps1'
[0.555s] INFO:colcon.colcon_core.shell:Creating package descriptor '/home/rafael/ros2_ws/src/install/sam_bot_description/share/sam_bot_description/package.dsv'
[0.556s] INFO:colcon.colcon_core.shell:Creating package script '/home/rafael/ros2_ws/src/install/sam_bot_description/share/sam_bot_description/package.sh'
[0.556s] INFO:colcon.colcon_core.shell:Creating package script '/home/rafael/ros2_ws/src/install/sam_bot_description/share/sam_bot_description/package.bash'
[0.556s] INFO:colcon.colcon_core.shell:Creating package script '/home/rafael/ros2_ws/src/install/sam_bot_description/share/sam_bot_description/package.zsh'
[0.557s] Level 1:colcon.colcon_core.environment:create_file_with_runtime_dependencies(/home/rafael/ros2_ws/src/install/sam_bot_description/share/colcon-core/packages/sam_bot_description)
[0.558s] Level 1:colcon.colcon_core.environment:create_environment_scripts_only(sam_bot_nav2_gz)
[0.558s] Level 1:colcon.colcon_core.environment:checking '/home/rafael/ros2_ws/src/install/sam_bot_nav2_gz' for CMake module files
[0.559s] Level 1:colcon.colcon_core.environment:checking '/home/rafael/ros2_ws/src/install/sam_bot_nav2_gz' for CMake config files
[0.560s] Level 1:colcon.colcon_core.shell:create_environment_hook('sam_bot_nav2_gz', 'cmake_prefix_path')
[0.560s] INFO:colcon.colcon_core.shell:Creating environment hook '/home/rafael/ros2_ws/src/install/sam_bot_nav2_gz/share/sam_bot_nav2_gz/hook/cmake_prefix_path.ps1'
[0.561s] INFO:colcon.colcon_core.shell:Creating environment descriptor '/home/rafael/ros2_ws/src/install/sam_bot_nav2_gz/share/sam_bot_nav2_gz/hook/cmake_prefix_path.dsv'
[0.561s] INFO:colcon.colcon_core.shell:Creating environment hook '/home/rafael/ros2_ws/src/install/sam_bot_nav2_gz/share/sam_bot_nav2_gz/hook/cmake_prefix_path.sh'
[0.562s] Level 1:colcon.colcon_core.environment:checking '/home/rafael/ros2_ws/src/install/sam_bot_nav2_gz/lib'
[0.562s] Level 1:colcon.colcon_core.environment:checking '/home/rafael/ros2_ws/src/install/sam_bot_nav2_gz/bin'
[0.562s] Level 1:colcon.colcon_core.environment:checking '/home/rafael/ros2_ws/src/install/sam_bot_nav2_gz/lib/pkgconfig/sam_bot_nav2_gz.pc'
[0.563s] Level 1:colcon.colcon_core.environment:checking '/home/rafael/ros2_ws/src/install/sam_bot_nav2_gz/lib/python3.10/site-packages'
[0.563s] Level 1:colcon.colcon_core.environment:checking '/home/rafael/ros2_ws/src/install/sam_bot_nav2_gz/bin'
[0.563s] INFO:colcon.colcon_core.shell:Creating package script '/home/rafael/ros2_ws/src/install/sam_bot_nav2_gz/share/sam_bot_nav2_gz/package.ps1'
[0.564s] INFO:colcon.colcon_core.shell:Creating package descriptor '/home/rafael/ros2_ws/src/install/sam_bot_nav2_gz/share/sam_bot_nav2_gz/package.dsv'
[0.564s] INFO:colcon.colcon_core.shell:Creating package script '/home/rafael/ros2_ws/src/install/sam_bot_nav2_gz/share/sam_bot_nav2_gz/package.sh'
[0.565s] INFO:colcon.colcon_core.shell:Creating package script '/home/rafael/ros2_ws/src/install/sam_bot_nav2_gz/share/sam_bot_nav2_gz/package.bash'
[0.565s] INFO:colcon.colcon_core.shell:Creating package script '/home/rafael/ros2_ws/src/install/sam_bot_nav2_gz/share/sam_bot_nav2_gz/package.zsh'
[0.566s] Level 1:colcon.colcon_core.environment:create_file_with_runtime_dependencies(/home/rafael/ros2_ws/src/install/sam_bot_nav2_gz/share/colcon-core/packages/sam_bot_nav2_gz)
[0.645s] DEBUG:colcon.colcon_core.event_handler.log_command:Invoking command in '/home/rafael/ros2_ws/src/build/ugv_sdk': /usr/bin/cmake --install /home/rafael/ros2_ws/src/build/ugv_sdk
[0.657s] DEBUG:colcon.colcon_core.event_handler.log_command:Invoked command in '/home/rafael/ros2_ws/src/build/ugv_sdk' returned '0': /usr/bin/cmake --install /home/rafael/ros2_ws/src/build/ugv_sdk
[0.715s] Level 1:colcon.colcon_core.shell:create_environment_hook('ugv_sdk', 'ros_package_path')
[0.715s] INFO:colcon.colcon_core.shell:Creating environment hook '/home/rafael/ros2_ws/src/install/ugv_sdk/share/ugv_sdk/hook/ros_package_path.ps1'
[0.716s] INFO:colcon.colcon_core.shell:Creating environment descriptor '/home/rafael/ros2_ws/src/install/ugv_sdk/share/ugv_sdk/hook/ros_package_path.dsv'
[0.716s] INFO:colcon.colcon_core.shell:Creating environment hook '/home/rafael/ros2_ws/src/install/ugv_sdk/share/ugv_sdk/hook/ros_package_path.sh'
[0.716s] Level 1:colcon.colcon_core.shell:create_environment_hook('ugv_sdk', 'pkg_config_path')
[0.716s] INFO:colcon.colcon_core.shell:Creating environment hook '/home/rafael/ros2_ws/src/install/ugv_sdk/share/ugv_sdk/hook/pkg_config_path.ps1'
[0.717s] INFO:colcon.colcon_core.shell:Creating environment descriptor '/home/rafael/ros2_ws/src/install/ugv_sdk/share/ugv_sdk/hook/pkg_config_path.dsv'
[0.717s] INFO:colcon.colcon_core.shell:Creating environment hook '/home/rafael/ros2_ws/src/install/ugv_sdk/share/ugv_sdk/hook/pkg_config_path.sh'
[0.718s] Level 1:colcon.colcon_core.shell:create_environment_hook('ugv_sdk', 'pkg_config_path_multiarch')
[0.719s] INFO:colcon.colcon_core.shell:Creating environment hook '/home/rafael/ros2_ws/src/install/ugv_sdk/share/ugv_sdk/hook/pkg_config_path_multiarch.ps1'
[0.719s] INFO:colcon.colcon_core.shell:Creating environment descriptor '/home/rafael/ros2_ws/src/install/ugv_sdk/share/ugv_sdk/hook/pkg_config_path_multiarch.dsv'
[0.720s] INFO:colcon.colcon_core.shell:Creating environment hook '/home/rafael/ros2_ws/src/install/ugv_sdk/share/ugv_sdk/hook/pkg_config_path_multiarch.sh'
[0.721s] Level 1:colcon.colcon_core.environment:create_environment_scripts_only(ugv_sdk)
[0.721s] Level 1:colcon.colcon_core.environment:checking '/home/rafael/ros2_ws/src/install/ugv_sdk' for CMake module files
[0.721s] Level 1:colcon.colcon_core.environment:checking '/home/rafael/ros2_ws/src/install/ugv_sdk' for CMake config files
[0.722s] Level 1:colcon.colcon_core.shell:create_environment_hook('ugv_sdk', 'cmake_prefix_path')
[0.722s] INFO:colcon.colcon_core.shell:Creating environment hook '/home/rafael/ros2_ws/src/install/ugv_sdk/share/ugv_sdk/hook/cmake_prefix_path.ps1'
[0.722s] INFO:colcon.colcon_core.shell:Creating environment descriptor '/home/rafael/ros2_ws/src/install/ugv_sdk/share/ugv_sdk/hook/cmake_prefix_path.dsv'
[0.722s] INFO:colcon.colcon_core.shell:Creating environment hook '/home/rafael/ros2_ws/src/install/ugv_sdk/share/ugv_sdk/hook/cmake_prefix_path.sh'
[0.723s] Level 1:colcon.colcon_core.environment:checking '/home/rafael/ros2_ws/src/install/ugv_sdk/lib'
[0.723s] Level 1:colcon.colcon_core.environment:checking '/home/rafael/ros2_ws/src/install/ugv_sdk/bin'
[0.723s] Level 1:colcon.colcon_core.environment:checking '/home/rafael/ros2_ws/src/install/ugv_sdk/lib/pkgconfig/ugv_sdk.pc'
[0.723s] Level 1:colcon.colcon_core.environment:checking '/home/rafael/ros2_ws/src/install/ugv_sdk/lib/python3.10/site-packages'
[0.723s] Level 1:colcon.colcon_core.environment:checking '/home/rafael/ros2_ws/src/install/ugv_sdk/bin'
[0.723s] INFO:colcon.colcon_core.shell:Creating package script '/home/rafael/ros2_ws/src/install/ugv_sdk/share/ugv_sdk/package.ps1'
[0.724s] INFO:colcon.colcon_core.shell:Creating package descriptor '/home/rafael/ros2_ws/src/install/ugv_sdk/share/ugv_sdk/package.dsv'
[0.724s] INFO:colcon.colcon_core.shell:Creating package script '/home/rafael/ros2_ws/src/install/ugv_sdk/share/ugv_sdk/package.sh'
[0.725s] INFO:colcon.colcon_core.shell:Creating package script '/home/rafael/ros2_ws/src/install/ugv_sdk/share/ugv_sdk/package.bash'
[0.725s] INFO:colcon.colcon_core.shell:Creating package script '/home/rafael/ros2_ws/src/install/ugv_sdk/share/ugv_sdk/package.zsh'
[0.725s] Level 1:colcon.colcon_core.environment:create_file_with_runtime_dependencies(/home/rafael/ros2_ws/src/install/ugv_sdk/share/colcon-core/packages/ugv_sdk)
[0.731s] DEBUG:colcon.colcon_core.event_handler.log_command:Invoked command in '/home/rafael/ros2_ws/src/build/scout_msgs' returned '0': CMAKE_PREFIX_PATH=/opt/ros/humble:${CMAKE_PREFIX_PATH} /usr/bin/cmake --build /home/rafael/ros2_ws/src/build/scout_msgs -- -j12 -l12
[0.887s] DEBUG:colcon.colcon_core.event_handler.log_command:Invoking command in '/home/rafael/ros2_ws/src/build/scout_msgs': CMAKE_PREFIX_PATH=/opt/ros/humble:${CMAKE_PREFIX_PATH} /usr/bin/cmake --install /home/rafael/ros2_ws/src/build/scout_msgs
[0.968s] Level 1:colcon.colcon_core.environment:create_environment_scripts_only(scout_msgs)
[0.969s] Level 1:colcon.colcon_core.environment:checking '/home/rafael/ros2_ws/src/install/scout_msgs' for CMake module files
[0.969s] DEBUG:colcon.colcon_core.event_handler.log_command:Invoked command in '/home/rafael/ros2_ws/src/build/scout_msgs' returned '0': CMAKE_PREFIX_PATH=/opt/ros/humble:${CMAKE_PREFIX_PATH} /usr/bin/cmake --install /home/rafael/ros2_ws/src/build/scout_msgs
[0.970s] Level 1:colcon.colcon_core.environment:checking '/home/rafael/ros2_ws/src/install/scout_msgs' for CMake config files
[0.970s] Level 1:colcon.colcon_core.shell:create_environment_hook('scout_msgs', 'cmake_prefix_path')
[0.971s] INFO:colcon.colcon_core.shell:Creating environment hook '/home/rafael/ros2_ws/src/install/scout_msgs/share/scout_msgs/hook/cmake_prefix_path.ps1'
[0.971s] INFO:colcon.colcon_core.shell:Creating environment descriptor '/home/rafael/ros2_ws/src/install/scout_msgs/share/scout_msgs/hook/cmake_prefix_path.dsv'
[0.971s] INFO:colcon.colcon_core.shell:Creating environment hook '/home/rafael/ros2_ws/src/install/scout_msgs/share/scout_msgs/hook/cmake_prefix_path.sh'
[0.972s] Level 1:colcon.colcon_core.environment:checking '/home/rafael/ros2_ws/src/install/scout_msgs/lib'
[0.972s] Level 1:colcon.colcon_core.shell:create_environment_hook('scout_msgs', 'ld_library_path_lib')
[0.972s] INFO:colcon.colcon_core.shell:Creating environment hook '/home/rafael/ros2_ws/src/install/scout_msgs/share/scout_msgs/hook/ld_library_path_lib.ps1'
[0.972s] INFO:colcon.colcon_core.shell:Creating environment descriptor '/home/rafael/ros2_ws/src/install/scout_msgs/share/scout_msgs/hook/ld_library_path_lib.dsv'
[0.973s] INFO:colcon.colcon_core.shell:Creating environment hook '/home/rafael/ros2_ws/src/install/scout_msgs/share/scout_msgs/hook/ld_library_path_lib.sh'
[0.973s] Level 1:colcon.colcon_core.environment:checking '/home/rafael/ros2_ws/src/install/scout_msgs/bin'
[0.973s] Level 1:colcon.colcon_core.environment:checking '/home/rafael/ros2_ws/src/install/scout_msgs/lib/pkgconfig/scout_msgs.pc'
[0.973s] Level 1:colcon.colcon_core.environment:checking '/home/rafael/ros2_ws/src/install/scout_msgs/lib/python3.10/site-packages'
[0.973s] Level 1:colcon.colcon_core.environment:checking '/home/rafael/ros2_ws/src/install/scout_msgs/bin'
[0.974s] INFO:colcon.colcon_core.shell:Creating package script '/home/rafael/ros2_ws/src/install/scout_msgs/share/scout_msgs/package.ps1'
[0.974s] INFO:colcon.colcon_core.shell:Creating package descriptor '/home/rafael/ros2_ws/src/install/scout_msgs/share/scout_msgs/package.dsv'
[0.974s] INFO:colcon.colcon_core.shell:Creating package script '/home/rafael/ros2_ws/src/install/scout_msgs/share/scout_msgs/package.sh'
[0.975s] INFO:colcon.colcon_core.shell:Creating package script '/home/rafael/ros2_ws/src/install/scout_msgs/share/scout_msgs/package.bash'
[0.975s] INFO:colcon.colcon_core.shell:Creating package script '/home/rafael/ros2_ws/src/install/scout_msgs/share/scout_msgs/package.zsh'
[0.975s] Level 1:colcon.colcon_core.environment:create_file_with_runtime_dependencies(/home/rafael/ros2_ws/src/install/scout_msgs/share/colcon-core/packages/scout_msgs)
[1.123s] Level 1:colcon.colcon_core.environment:create_environment_scripts_only(scout_msgs)
[1.124s] Level 1:colcon.colcon_core.environment:checking '/home/rafael/ros2_ws/src/install/scout_msgs' for CMake module files
[1.124s] Level 1:colcon.colcon_core.environment:checking '/home/rafael/ros2_ws/src/install/scout_msgs' for CMake config files
[1.125s] Level 1:colcon.colcon_core.shell:create_environment_hook('scout_msgs', 'cmake_prefix_path')
[1.125s] INFO:colcon.colcon_core.shell:Creating environment hook '/home/rafael/ros2_ws/src/install/scout_msgs/share/scout_msgs/hook/cmake_prefix_path.ps1'
[1.125s] INFO:colcon.colcon_core.shell:Creating environment descriptor '/home/rafael/ros2_ws/src/install/scout_msgs/share/scout_msgs/hook/cmake_prefix_path.dsv'
[1.126s] INFO:colcon.colcon_core.shell:Creating environment hook '/home/rafael/ros2_ws/src/install/scout_msgs/share/scout_msgs/hook/cmake_prefix_path.sh'
[1.126s] Level 1:colcon.colcon_core.environment:checking '/home/rafael/ros2_ws/src/install/scout_msgs/lib'
[1.126s] Level 1:colcon.colcon_core.shell:create_environment_hook('scout_msgs', 'ld_library_path_lib')
[1.127s] INFO:colcon.colcon_core.shell:Creating environment hook '/home/rafael/ros2_ws/src/install/scout_msgs/share/scout_msgs/hook/ld_library_path_lib.ps1'
[1.127s] INFO:colcon.colcon_core.shell:Creating environment descriptor '/home/rafael/ros2_ws/src/install/scout_msgs/share/scout_msgs/hook/ld_library_path_lib.dsv'
[1.127s] INFO:colcon.colcon_core.shell:Creating environment hook '/home/rafael/ros2_ws/src/install/scout_msgs/share/scout_msgs/hook/ld_library_path_lib.sh'
[1.127s] Level 1:colcon.colcon_core.environment:checking '/home/rafael/ros2_ws/src/install/scout_msgs/bin'
[1.127s] Level 1:colcon.colcon_core.environment:checking '/home/rafael/ros2_ws/src/install/scout_msgs/lib/pkgconfig/scout_msgs.pc'
[1.128s] Level 1:colcon.colcon_core.environment:checking '/home/rafael/ros2_ws/src/install/scout_msgs/lib/python3.10/site-packages'
[1.128s] Level 1:colcon.colcon_core.environment:checking '/home/rafael/ros2_ws/src/install/scout_msgs/bin'
[1.128s] INFO:colcon.colcon_core.shell:Creating package script '/home/rafael/ros2_ws/src/install/scout_msgs/share/scout_msgs/package.ps1'
[1.128s] INFO:colcon.colcon_core.shell:Creating package descriptor '/home/rafael/ros2_ws/src/install/scout_msgs/share/scout_msgs/package.dsv'
[1.129s] INFO:colcon.colcon_core.shell:Creating package script '/home/rafael/ros2_ws/src/install/scout_msgs/share/scout_msgs/package.sh'
[1.129s] INFO:colcon.colcon_core.shell:Creating package script '/home/rafael/ros2_ws/src/install/scout_msgs/share/scout_msgs/package.bash'
[1.130s] INFO:colcon.colcon_core.shell:Creating package script '/home/rafael/ros2_ws/src/install/scout_msgs/share/scout_msgs/package.zsh'
[1.130s] Level 1:colcon.colcon_core.environment:create_file_with_runtime_dependencies(/home/rafael/ros2_ws/src/install/scout_msgs/share/colcon-core/packages/scout_msgs)
[1.130s] INFO:colcon.colcon_ros.task.ament_cmake.build:Building ROS package in '/home/rafael/ros2_ws/src/scout_ros2/scout_base' with build type 'ament_cmake'
[1.130s] INFO:colcon.colcon_cmake.task.cmake.build:Building CMake package in '/home/rafael/ros2_ws/src/scout_ros2/scout_base'
[1.130s] INFO:colcon.colcon_core.shell:Skip shell extension 'powershell' for command environment: Not usable outside of PowerShell
[1.131s] DEBUG:colcon.colcon_core.shell:Skip shell extension 'dsv' for command environment
[1.143s] DEBUG:colcon.colcon_core.event_handler.log_command:Invoking command in '/home/rafael/ros2_ws/src/build/scout_base': AMENT_PREFIX_PATH=/home/rafael/ros2_ws/src/install/scout_msgs:${AMENT_PREFIX_PATH} CMAKE_PREFIX_PATH=/opt/ros/humble:/home/rafael/ros2_ws/src/install/ugv_sdk:/home/rafael/ros2_ws/src/install/scout_msgs:${CMAKE_PREFIX_PATH} LD_LIBRARY_PATH=/home/rafael/ros2_ws/src/install/scout_msgs/lib:${LD_LIBRARY_PATH} PKG_CONFIG_PATH=/home/rafael/ros2_ws/src/install/ugv_sdk/lib/x86_64-linux-gnu/pkgconfig:/home/rafael/ros2_ws/src/install/ugv_sdk/lib/pkgconfig:${PKG_CONFIG_PATH} PYTHONPATH=/home/rafael/ros2_ws/src/install/scout_msgs/local/lib/python3.10/dist-packages:${PYTHONPATH} ROS_PACKAGE_PATH=/home/rafael/ros2_ws/src/install/ugv_sdk/share:${ROS_PACKAGE_PATH} /usr/bin/cmake --build /home/rafael/ros2_ws/src/build/scout_base -- -j12 -l12
[1.226s] DEBUG:colcon.colcon_core.event_handler.log_command:Invoked command in '/home/rafael/ros2_ws/src/build/scout_base' returned '0': AMENT_PREFIX_PATH=/home/rafael/ros2_ws/src/install/scout_msgs:${AMENT_PREFIX_PATH} CMAKE_PREFIX_PATH=/opt/ros/humble:/home/rafael/ros2_ws/src/install/ugv_sdk:/home/rafael/ros2_ws/src/install/scout_msgs:${CMAKE_PREFIX_PATH} LD_LIBRARY_PATH=/home/rafael/ros2_ws/src/install/scout_msgs/lib:${LD_LIBRARY_PATH} PKG_CONFIG_PATH=/home/rafael/ros2_ws/src/install/ugv_sdk/lib/x86_64-linux-gnu/pkgconfig:/home/rafael/ros2_ws/src/install/ugv_sdk/lib/pkgconfig:${PKG_CONFIG_PATH} PYTHONPATH=/home/rafael/ros2_ws/src/install/scout_msgs/local/lib/python3.10/dist-packages:${PYTHONPATH} ROS_PACKAGE_PATH=/home/rafael/ros2_ws/src/install/ugv_sdk/share:${ROS_PACKAGE_PATH} /usr/bin/cmake --build /home/rafael/ros2_ws/src/build/scout_base -- -j12 -l12
[1.254s] DEBUG:colcon.colcon_core.event_handler.log_command:Invoking command in '/home/rafael/ros2_ws/src/build/scout_base': AMENT_PREFIX_PATH=/home/rafael/ros2_ws/src/install/scout_msgs:${AMENT_PREFIX_PATH} CMAKE_PREFIX_PATH=/opt/ros/humble:/home/rafael/ros2_ws/src/install/ugv_sdk:/home/rafael/ros2_ws/src/install/scout_msgs:${CMAKE_PREFIX_PATH} LD_LIBRARY_PATH=/home/rafael/ros2_ws/src/install/scout_msgs/lib:${LD_LIBRARY_PATH} PKG_CONFIG_PATH=/home/rafael/ros2_ws/src/install/ugv_sdk/lib/x86_64-linux-gnu/pkgconfig:/home/rafael/ros2_ws/src/install/ugv_sdk/lib/pkgconfig:${PKG_CONFIG_PATH} PYTHONPATH=/home/rafael/ros2_ws/src/install/scout_msgs/local/lib/python3.10/dist-packages:${PYTHONPATH} ROS_PACKAGE_PATH=/home/rafael/ros2_ws/src/install/ugv_sdk/share:${ROS_PACKAGE_PATH} /usr/bin/cmake --install /home/rafael/ros2_ws/src/build/scout_base
[1.274s] Level 1:colcon.colcon_core.environment:create_environment_scripts_only(scout_base)
[1.275s] Level 1:colcon.colcon_core.environment:checking '/home/rafael/ros2_ws/src/install/scout_base' for CMake module files
[1.275s] DEBUG:colcon.colcon_core.event_handler.log_command:Invoked command in '/home/rafael/ros2_ws/src/build/scout_base' returned '0': AMENT_PREFIX_PATH=/home/rafael/ros2_ws/src/install/scout_msgs:${AMENT_PREFIX_PATH} CMAKE_PREFIX_PATH=/opt/ros/humble:/home/rafael/ros2_ws/src/install/ugv_sdk:/home/rafael/ros2_ws/src/install/scout_msgs:${CMAKE_PREFIX_PATH} LD_LIBRARY_PATH=/home/rafael/ros2_ws/src/install/scout_msgs/lib:${LD_LIBRARY_PATH} PKG_CONFIG_PATH=/home/rafael/ros2_ws/src/install/ugv_sdk/lib/x86_64-linux-gnu/pkgconfig:/home/rafael/ros2_ws/src/install/ugv_sdk/lib/pkgconfig:${PKG_CONFIG_PATH} PYTHONPATH=/home/rafael/ros2_ws/src/install/scout_msgs/local/lib/python3.10/dist-packages:${PYTHONPATH} ROS_PACKAGE_PATH=/home/rafael/ros2_ws/src/install/ugv_sdk/share:${ROS_PACKAGE_PATH} /usr/bin/cmake --install /home/rafael/ros2_ws/src/build/scout_base
[1.276s] Level 1:colcon.colcon_core.environment:checking '/home/rafael/ros2_ws/src/install/scout_base' for CMake config files
[1.276s] Level 1:colcon.colcon_core.shell:create_environment_hook('scout_base', 'cmake_prefix_path')
[1.276s] INFO:colcon.colcon_core.shell:Creating environment hook '/home/rafael/ros2_ws/src/install/scout_base/share/scout_base/hook/cmake_prefix_path.ps1'
[1.277s] INFO:colcon.colcon_core.shell:Creating environment descriptor '/home/rafael/ros2_ws/src/install/scout_base/share/scout_base/hook/cmake_prefix_path.dsv'
[1.277s] INFO:colcon.colcon_core.shell:Creating environment hook '/home/rafael/ros2_ws/src/install/scout_base/share/scout_base/hook/cmake_prefix_path.sh'
[1.277s] Level 1:colcon.colcon_core.environment:checking '/home/rafael/ros2_ws/src/install/scout_base/lib'
[1.278s] Level 1:colcon.colcon_core.environment:checking '/home/rafael/ros2_ws/src/install/scout_base/bin'
[1.278s] Level 1:colcon.colcon_core.environment:checking '/home/rafael/ros2_ws/src/install/scout_base/lib/pkgconfig/scout_base.pc'
[1.278s] Level 1:colcon.colcon_core.environment:checking '/home/rafael/ros2_ws/src/install/scout_base/lib/python3.10/site-packages'
[1.278s] Level 1:colcon.colcon_core.environment:checking '/home/rafael/ros2_ws/src/install/scout_base/bin'
[1.278s] INFO:colcon.colcon_core.shell:Creating package script '/home/rafael/ros2_ws/src/install/scout_base/share/scout_base/package.ps1'
[1.279s] INFO:colcon.colcon_core.shell:Creating package descriptor '/home/rafael/ros2_ws/src/install/scout_base/share/scout_base/package.dsv'
[1.279s] INFO:colcon.colcon_core.shell:Creating package script '/home/rafael/ros2_ws/src/install/scout_base/share/scout_base/package.sh'
[1.279s] INFO:colcon.colcon_core.shell:Creating package script '/home/rafael/ros2_ws/src/install/scout_base/share/scout_base/package.bash'
[1.279s] INFO:colcon.colcon_core.shell:Creating package script '/home/rafael/ros2_ws/src/install/scout_base/share/scout_base/package.zsh'
[1.280s] Level 1:colcon.colcon_core.environment:create_file_with_runtime_dependencies(/home/rafael/ros2_ws/src/install/scout_base/share/colcon-core/packages/scout_base)
[1.310s] Level 1:colcon.colcon_core.environment:create_environment_scripts_only(scout_base)
[1.310s] Level 1:colcon.colcon_core.environment:checking '/home/rafael/ros2_ws/src/install/scout_base' for CMake module files
[1.310s] Level 1:colcon.colcon_core.environment:checking '/home/rafael/ros2_ws/src/install/scout_base' for CMake config files
[1.311s] Level 1:colcon.colcon_core.shell:create_environment_hook('scout_base', 'cmake_prefix_path')
[1.311s] INFO:colcon.colcon_core.shell:Creating environment hook '/home/rafael/ros2_ws/src/install/scout_base/share/scout_base/hook/cmake_prefix_path.ps1'
[1.311s] INFO:colcon.colcon_core.shell:Creating environment descriptor '/home/rafael/ros2_ws/src/install/scout_base/share/scout_base/hook/cmake_prefix_path.dsv'
[1.311s] INFO:colcon.colcon_core.shell:Creating environment hook '/home/rafael/ros2_ws/src/install/scout_base/share/scout_base/hook/cmake_prefix_path.sh'
[1.312s] Level 1:colcon.colcon_core.environment:checking '/home/rafael/ros2_ws/src/install/scout_base/lib'
[1.312s] Level 1:colcon.colcon_core.environment:checking '/home/rafael/ros2_ws/src/install/scout_base/bin'
[1.312s] Level 1:colcon.colcon_core.environment:checking '/home/rafael/ros2_ws/src/install/scout_base/lib/pkgconfig/scout_base.pc'
[1.312s] Level 1:colcon.colcon_core.environment:checking '/home/rafael/ros2_ws/src/install/scout_base/lib/python3.10/site-packages'
[1.312s] Level 1:colcon.colcon_core.environment:checking '/home/rafael/ros2_ws/src/install/scout_base/bin'
[1.313s] INFO:colcon.colcon_core.shell:Creating package script '/home/rafael/ros2_ws/src/install/scout_base/share/scout_base/package.ps1'
[1.313s] INFO:colcon.colcon_core.shell:Creating package descriptor '/home/rafael/ros2_ws/src/install/scout_base/share/scout_base/package.dsv'
[1.314s] INFO:colcon.colcon_core.shell:Creating package script '/home/rafael/ros2_ws/src/install/scout_base/share/scout_base/package.sh'
[1.314s] INFO:colcon.colcon_core.shell:Creating package script '/home/rafael/ros2_ws/src/install/scout_base/share/scout_base/package.bash'
[1.314s] INFO:colcon.colcon_core.shell:Creating package script '/home/rafael/ros2_ws/src/install/scout_base/share/scout_base/package.zsh'
[1.314s] Level 1:colcon.colcon_core.environment:create_file_with_runtime_dependencies(/home/rafael/ros2_ws/src/install/scout_base/share/colcon-core/packages/scout_base)
[1.315s] DEBUG:colcon.colcon_parallel_executor.executor.parallel:closing loop
[1.315s] DEBUG:colcon.colcon_parallel_executor.executor.parallel:loop closed
[1.315s] DEBUG:colcon.colcon_parallel_executor.executor.parallel:run_until_complete finished with '0'
[1.315s] DEBUG:colcon.colcon_core.event_reactor:joining thread
[1.321s] INFO:colcon.colcon_core.plugin_system:Skipping extension 'colcon_notification.desktop_notification.terminal_notifier': Not used on non-Darwin systems
[1.321s] INFO:colcon.colcon_core.plugin_system:Skipping extension 'colcon_notification.desktop_notification.win32': Not used on non-Windows systems
[1.321s] INFO:colcon.colcon_notification.desktop_notification:Sending desktop notification using 'notify2'
[1.331s] DEBUG:colcon.colcon_core.event_reactor:joined thread
[1.331s] INFO:colcon.colcon_core.shell:Creating prefix script '/home/rafael/ros2_ws/src/install/local_setup.ps1'
[1.332s] INFO:colcon.colcon_core.shell:Creating prefix util module '/home/rafael/ros2_ws/src/install/_local_setup_util_ps1.py'
[1.334s] INFO:colcon.colcon_core.shell:Creating prefix chain script '/home/rafael/ros2_ws/src/install/setup.ps1'
[1.335s] INFO:colcon.colcon_core.shell:Creating prefix script '/home/rafael/ros2_ws/src/install/local_setup.sh'
[1.336s] INFO:colcon.colcon_core.shell:Creating prefix util module '/home/rafael/ros2_ws/src/install/_local_setup_util_sh.py'
[1.336s] INFO:colcon.colcon_core.shell:Creating prefix chain script '/home/rafael/ros2_ws/src/install/setup.sh'
[1.338s] INFO:colcon.colcon_core.shell:Creating prefix script '/home/rafael/ros2_ws/src/install/local_setup.bash'
[1.338s] INFO:colcon.colcon_core.shell:Creating prefix chain script '/home/rafael/ros2_ws/src/install/setup.bash'
[1.340s] INFO:colcon.colcon_core.shell:Creating prefix script '/home/rafael/ros2_ws/src/install/local_setup.zsh'
[1.341s] INFO:colcon.colcon_core.shell:Creating prefix chain script '/home/rafael/ros2_ws/src/install/setup.zsh'
