[0.013s] Invoking command in '/home/rafael/ros2_ws/src/build/scout_base': AMENT_PREFIX_PATH=/home/rafael/ros2_ws/src/install/scout_msgs:${AMENT_PREFIX_PATH} CMAKE_PREFIX_PATH=/opt/ros/humble:/home/rafael/ros2_ws/src/install/ugv_sdk:/home/rafael/ros2_ws/src/install/scout_msgs:${CMAKE_PREFIX_PATH} LD_LIBRARY_PATH=/home/rafael/ros2_ws/src/install/scout_msgs/lib:${LD_LIBRARY_PATH} PKG_CONFIG_PATH=/home/rafael/ros2_ws/src/install/ugv_sdk/lib/x86_64-linux-gnu/pkgconfig:/home/rafael/ros2_ws/src/install/ugv_sdk/lib/pkgconfig:${PKG_CONFIG_PATH} PYTHONPATH=/home/rafael/ros2_ws/src/install/scout_msgs/local/lib/python3.10/dist-packages:${PYTHONPATH} ROS_PACKAGE_PATH=/home/rafael/ros2_ws/src/install/ugv_sdk/share:${ROS_PACKAGE_PATH} /usr/bin/cmake /home/rafael/ros2_ws/src/scout_ros2/scout_base -DAMENT_CMAKE_SYMLINK_INSTALL=1 -DCMAKE_INSTALL_PREFIX=/home/rafael/ros2_ws/src/install/scout_base
[0.072s] -- The C compiler identification is GNU 11.4.0
[0.131s] -- The CXX compiler identification is GNU 11.4.0
[0.138s] -- Detecting C compiler ABI info
[0.205s] -- Detecting C compiler ABI info - done
[0.211s] -- Check for working C compiler: /usr/bin/cc - skipped
[0.212s] -- Detecting C compile features
[0.212s] -- Detecting C compile features - done
[0.215s] -- Detecting CXX compiler ABI info
[0.295s] -- Detecting CXX compiler ABI info - done
[0.305s] -- Check for working CXX compiler: /usr/bin/c++ - skipped
[0.306s] -- Detecting CXX compile features
[0.306s] -- Detecting CXX compile features - done
[0.309s] -- Found ament_cmake: 1.3.8 (/opt/ros/humble/share/ament_cmake/cmake)
[0.464s] -- Found Python3: /usr/bin/python3 (found version "3.10.12") found components: Interpreter 
[0.523s] -- Override CMake install command with custom implementation using symlinks instead of copying resources
[0.553s] -- Found rclcpp: 16.0.8 (/opt/ros/humble/share/rclcpp/cmake)
[0.610s] -- Found rosidl_generator_c: 3.1.5 (/opt/ros/humble/share/rosidl_generator_c/cmake)
[0.614s] -- Found rosidl_adapter: 3.1.5 (/opt/ros/humble/share/rosidl_adapter/cmake)
[0.623s] -- Found rosidl_generator_cpp: 3.1.5 (/opt/ros/humble/share/rosidl_generator_cpp/cmake)
[0.637s] -- Using all available rosidl_typesupport_c: rosidl_typesupport_fastrtps_c;rosidl_typesupport_introspection_c
[0.658s] -- Using all available rosidl_typesupport_cpp: rosidl_typesupport_fastrtps_cpp;rosidl_typesupport_introspection_cpp
[0.726s] -- Found rmw_implementation_cmake: 6.1.1 (/opt/ros/humble/share/rmw_implementation_cmake/cmake)
[0.729s] -- Found rmw_fastrtps_cpp: 6.2.6 (/opt/ros/humble/share/rmw_fastrtps_cpp/cmake)
[0.836s] -- Found OpenSSL: /usr/lib/x86_64-linux-gnu/libcrypto.so (found version "3.0.2")  
[0.880s] -- Found FastRTPS: /opt/ros/humble/include  
[0.942s] -- Using RMW implementation 'rmw_fastrtps_cpp' as default
[0.953s] -- Looking for pthread.h
[1.025s] -- Looking for pthread.h - found
[1.025s] -- Performing Test CMAKE_HAVE_LIBC_PTHREAD
[1.095s] -- Performing Test CMAKE_HAVE_LIBC_PTHREAD - Success
[1.096s] -- Found Threads: TRUE  
[1.267s] -- Found geometry_msgs: 4.2.3 (/opt/ros/humble/share/geometry_msgs/cmake)
[1.306s] -- Found nav_msgs: 4.2.3 (/opt/ros/humble/share/nav_msgs/cmake)
[1.370s] -- Found sensor_msgs: 4.2.3 (/opt/ros/humble/share/sensor_msgs/cmake)
[1.436s] -- Found tf2: 0.25.6 (/opt/ros/humble/share/tf2/cmake)
[1.449s] -- Found tf2_ros: 0.25.6 (/opt/ros/humble/share/tf2_ros/cmake)
[1.696s] -- Found tf2_geometry_msgs: 0.25.6 (/opt/ros/humble/share/tf2_geometry_msgs/cmake)
[1.709s] -- Found eigen3_cmake_module: 0.1.1 (/opt/ros/humble/share/eigen3_cmake_module/cmake)
[1.710s] -- Found Eigen3: TRUE (found version "3.4.0") 
[1.710s] -- Ensuring Eigen3 include directory is part of orocos-kdl CMake target
[1.718s] -- Found scout_msgs: 0.1.0 (/home/rafael/ros2_ws/src/install/scout_msgs/share/scout_msgs/cmake)
[1.765s] -- Found ament_lint_auto: 0.12.10 (/opt/ros/humble/share/ament_lint_auto/cmake)
[1.828s] -- Added test 'copyright' to check source files copyright and LICENSE
[1.829s] -- Added test 'cppcheck' to perform static code analysis on C / C++ code
[1.830s] -- Configured cppcheck include dirs: /home/rafael/ros2_ws/src/scout_ros2/scout_base/include
[1.830s] -- Configured cppcheck exclude dirs and/or files: 
[1.830s] -- Added test 'cpplint' to check C / C++ code against the Google style
[1.830s] -- Configured cpplint exclude dirs and/or files: 
[1.831s] -- Added test 'flake8' to check Python code syntax and style conventions
[1.831s] -- Added test 'lint_cmake' to check CMake code style
[1.832s] -- Added test 'pep257' to check Python code against some of the docstring style conventions in PEP 257
[1.833s] -- Added test 'uncrustify' to check C / C++ code style
[1.833s] -- Configured uncrustify additional arguments: 
[1.833s] -- Added test 'xmllint' to check XML markup files
[1.834s] -- Configuring done
[1.844s] -- Generating done
[1.846s] -- Build files have been written to: /home/rafael/ros2_ws/src/build/scout_base
[1.858s] Invoked command in '/home/rafael/ros2_ws/src/build/scout_base' returned '0': AMENT_PREFIX_PATH=/home/rafael/ros2_ws/src/install/scout_msgs:${AMENT_PREFIX_PATH} CMAKE_PREFIX_PATH=/opt/ros/humble:/home/rafael/ros2_ws/src/install/ugv_sdk:/home/rafael/ros2_ws/src/install/scout_msgs:${CMAKE_PREFIX_PATH} LD_LIBRARY_PATH=/home/rafael/ros2_ws/src/install/scout_msgs/lib:${LD_LIBRARY_PATH} PKG_CONFIG_PATH=/home/rafael/ros2_ws/src/install/ugv_sdk/lib/x86_64-linux-gnu/pkgconfig:/home/rafael/ros2_ws/src/install/ugv_sdk/lib/pkgconfig:${PKG_CONFIG_PATH} PYTHONPATH=/home/rafael/ros2_ws/src/install/scout_msgs/local/lib/python3.10/dist-packages:${PYTHONPATH} ROS_PACKAGE_PATH=/home/rafael/ros2_ws/src/install/ugv_sdk/share:${ROS_PACKAGE_PATH} /usr/bin/cmake /home/rafael/ros2_ws/src/scout_ros2/scout_base -DAMENT_CMAKE_SYMLINK_INSTALL=1 -DCMAKE_INSTALL_PREFIX=/home/rafael/ros2_ws/src/install/scout_base
[1.859s] Invoking command in '/home/rafael/ros2_ws/src/build/scout_base': AMENT_PREFIX_PATH=/home/rafael/ros2_ws/src/install/scout_msgs:${AMENT_PREFIX_PATH} CMAKE_PREFIX_PATH=/opt/ros/humble:/home/rafael/ros2_ws/src/install/ugv_sdk:/home/rafael/ros2_ws/src/install/scout_msgs:${CMAKE_PREFIX_PATH} LD_LIBRARY_PATH=/home/rafael/ros2_ws/src/install/scout_msgs/lib:${LD_LIBRARY_PATH} PKG_CONFIG_PATH=/home/rafael/ros2_ws/src/install/ugv_sdk/lib/x86_64-linux-gnu/pkgconfig:/home/rafael/ros2_ws/src/install/ugv_sdk/lib/pkgconfig:${PKG_CONFIG_PATH} PYTHONPATH=/home/rafael/ros2_ws/src/install/scout_msgs/local/lib/python3.10/dist-packages:${PYTHONPATH} ROS_PACKAGE_PATH=/home/rafael/ros2_ws/src/install/ugv_sdk/share:${ROS_PACKAGE_PATH} /usr/bin/cmake --build /home/rafael/ros2_ws/src/build/scout_base -- -j12 -l12
[1.902s] [ 33%] [32mBuilding CXX object CMakeFiles/scout_base_node.dir/src/scout_base_ros.cpp.o[0m
[1.902s] [ 66%] [32mBuilding CXX object CMakeFiles/scout_base_node.dir/src/scout_base_node.cpp.o[0m
[11.505s] [100%] [32m[1mLinking CXX executable scout_base_node[0m
[11.997s] [100%] Built target scout_base_node
[12.007s] Invoked command in '/home/rafael/ros2_ws/src/build/scout_base' returned '0': AMENT_PREFIX_PATH=/home/rafael/ros2_ws/src/install/scout_msgs:${AMENT_PREFIX_PATH} CMAKE_PREFIX_PATH=/opt/ros/humble:/home/rafael/ros2_ws/src/install/ugv_sdk:/home/rafael/ros2_ws/src/install/scout_msgs:${CMAKE_PREFIX_PATH} LD_LIBRARY_PATH=/home/rafael/ros2_ws/src/install/scout_msgs/lib:${LD_LIBRARY_PATH} PKG_CONFIG_PATH=/home/rafael/ros2_ws/src/install/ugv_sdk/lib/x86_64-linux-gnu/pkgconfig:/home/rafael/ros2_ws/src/install/ugv_sdk/lib/pkgconfig:${PKG_CONFIG_PATH} PYTHONPATH=/home/rafael/ros2_ws/src/install/scout_msgs/local/lib/python3.10/dist-packages:${PYTHONPATH} ROS_PACKAGE_PATH=/home/rafael/ros2_ws/src/install/ugv_sdk/share:${ROS_PACKAGE_PATH} /usr/bin/cmake --build /home/rafael/ros2_ws/src/build/scout_base -- -j12 -l12
[12.047s] Invoking command in '/home/rafael/ros2_ws/src/build/scout_base': AMENT_PREFIX_PATH=/home/rafael/ros2_ws/src/install/scout_msgs:${AMENT_PREFIX_PATH} CMAKE_PREFIX_PATH=/opt/ros/humble:/home/rafael/ros2_ws/src/install/ugv_sdk:/home/rafael/ros2_ws/src/install/scout_msgs:${CMAKE_PREFIX_PATH} LD_LIBRARY_PATH=/home/rafael/ros2_ws/src/install/scout_msgs/lib:${LD_LIBRARY_PATH} PKG_CONFIG_PATH=/home/rafael/ros2_ws/src/install/ugv_sdk/lib/x86_64-linux-gnu/pkgconfig:/home/rafael/ros2_ws/src/install/ugv_sdk/lib/pkgconfig:${PKG_CONFIG_PATH} PYTHONPATH=/home/rafael/ros2_ws/src/install/scout_msgs/local/lib/python3.10/dist-packages:${PYTHONPATH} ROS_PACKAGE_PATH=/home/rafael/ros2_ws/src/install/ugv_sdk/share:${ROS_PACKAGE_PATH} /usr/bin/cmake --install /home/rafael/ros2_ws/src/build/scout_base
[12.055s] -- Install configuration: ""
[12.055s] -- Execute custom install script
[12.055s] -- Symlinking: /home/rafael/ros2_ws/src/install/scout_base/lib/scout_base/scout_base_node
[12.065s] -- Symlinking: /home/rafael/ros2_ws/src/install/scout_base/share/scout_base//launch/scout_base.launch.py
[12.079s] -- Symlinking: /home/rafael/ros2_ws/src/install/scout_base/share/scout_base//launch/scout_mini_base.launch.py
[12.093s] -- Symlinking: /home/rafael/ros2_ws/src/install/scout_base/share/scout_base//launch/scout_mini_omni_base.launch.py
[12.104s] -- Symlinking: /home/rafael/ros2_ws/src/install/scout_base/share/ament_index/resource_index/package_run_dependencies/scout_base
[12.114s] -- Symlinking: /home/rafael/ros2_ws/src/install/scout_base/share/ament_index/resource_index/parent_prefix_path/scout_base
[12.123s] -- Symlinking: /home/rafael/ros2_ws/src/install/scout_base/share/scout_base/environment/ament_prefix_path.sh
[12.130s] -- Symlinking: /home/rafael/ros2_ws/src/install/scout_base/share/scout_base/environment/ament_prefix_path.dsv
[12.137s] -- Symlinking: /home/rafael/ros2_ws/src/install/scout_base/share/scout_base/environment/path.sh
[12.143s] -- Symlinking: /home/rafael/ros2_ws/src/install/scout_base/share/scout_base/environment/path.dsv
[12.150s] -- Symlinking: /home/rafael/ros2_ws/src/install/scout_base/share/scout_base/local_setup.bash
[12.157s] -- Symlinking: /home/rafael/ros2_ws/src/install/scout_base/share/scout_base/local_setup.sh
[12.163s] -- Symlinking: /home/rafael/ros2_ws/src/install/scout_base/share/scout_base/local_setup.zsh
[12.169s] -- Symlinking: /home/rafael/ros2_ws/src/install/scout_base/share/scout_base/local_setup.dsv
[12.176s] -- Symlinking: /home/rafael/ros2_ws/src/install/scout_base/share/scout_base/package.dsv
[12.185s] -- Symlinking: /home/rafael/ros2_ws/src/install/scout_base/share/ament_index/resource_index/packages/scout_base
[12.193s] -- Symlinking: /home/rafael/ros2_ws/src/install/scout_base/share/scout_base/cmake/scout_baseConfig.cmake
[12.201s] -- Symlinking: /home/rafael/ros2_ws/src/install/scout_base/share/scout_base/cmake/scout_baseConfig-version.cmake
[12.210s] -- Symlinking: /home/rafael/ros2_ws/src/install/scout_base/share/scout_base/package.xml
[12.219s] Invoked command in '/home/rafael/ros2_ws/src/build/scout_base' returned '0': AMENT_PREFIX_PATH=/home/rafael/ros2_ws/src/install/scout_msgs:${AMENT_PREFIX_PATH} CMAKE_PREFIX_PATH=/opt/ros/humble:/home/rafael/ros2_ws/src/install/ugv_sdk:/home/rafael/ros2_ws/src/install/scout_msgs:${CMAKE_PREFIX_PATH} LD_LIBRARY_PATH=/home/rafael/ros2_ws/src/install/scout_msgs/lib:${LD_LIBRARY_PATH} PKG_CONFIG_PATH=/home/rafael/ros2_ws/src/install/ugv_sdk/lib/x86_64-linux-gnu/pkgconfig:/home/rafael/ros2_ws/src/install/ugv_sdk/lib/pkgconfig:${PKG_CONFIG_PATH} PYTHONPATH=/home/rafael/ros2_ws/src/install/scout_msgs/local/lib/python3.10/dist-packages:${PYTHONPATH} ROS_PACKAGE_PATH=/home/rafael/ros2_ws/src/install/ugv_sdk/share:${ROS_PACKAGE_PATH} /usr/bin/cmake --install /home/rafael/ros2_ws/src/build/scout_base
