-- Install configuration: ""
-- Execute custom install script
-- Up-to-date symlink: /home/rafael/ros2_ws/src/install/novamob_description/share/novamob_description/src/description/novamob_description.urdf
-- Up-to-date symlink: /home/rafael/ros2_ws/src/install/novamob_description/share/novamob_description/launch/display.launch.py
-- Up-to-date symlink: /home/rafael/ros2_ws/src/install/novamob_description/share/novamob_description/rviz/urdf_config.rviz
-- Up-to-date symlink: /home/rafael/ros2_ws/src/install/novamob_description/share/novamob_description/params/bridge.yaml
-- Up-to-date symlink: /home/rafael/ros2_ws/src/install/novamob_description/share/novamob_description/meshes/novamob_mecanum_wheel.dae
-- Up-to-date symlink: /home/rafael/ros2_ws/src/install/novamob_description/share/novamob_description/meshes/novamob_mecanum_wheel.obj
-- Up-to-date symlink: /home/rafael/ros2_ws/src/install/novamob_description/share/novamob_description/meshes/novamob_mecanum_wheel.obj.mtl
-- Up-to-date symlink: /home/rafael/ros2_ws/src/install/novamob_description/share/novamob_description/meshes/novamob_mecanum_wheel.stl
-- Up-to-date symlink: /home/rafael/ros2_ws/src/install/novamob_description/share/novamob_description/meshes/novamob_mecanum_wheel_centered_left.mtl
-- Up-to-date symlink: /home/rafael/ros2_ws/src/install/novamob_description/share/novamob_description/meshes/novamob_mecanum_wheel_centered_left.obj
-- Up-to-date symlink: /home/rafael/ros2_ws/src/install/novamob_description/share/novamob_description/meshes/novamob_mecanum_wheel_centered_right.mtl
-- Up-to-date symlink: /home/rafael/ros2_ws/src/install/novamob_description/share/novamob_description/meshes/novamob_mecanum_wheel_centered_right.obj
-- Up-to-date symlink: /home/rafael/ros2_ws/src/install/novamob_description/share/novamob_description/meshes/novamob_no_wheels.mtl
-- Up-to-date symlink: /home/rafael/ros2_ws/src/install/novamob_description/share/novamob_description/meshes/novamob_no_wheels.obj
-- Up-to-date symlink: /home/rafael/ros2_ws/src/install/novamob_description/share/novamob_description/meshes/novamob_no_wheels.stl
-- Up-to-date symlink: /home/rafael/ros2_ws/src/install/novamob_description/share/novamob_description/meshes/novamob_no_wheels_centered.mtl
-- Up-to-date symlink: /home/rafael/ros2_ws/src/install/novamob_description/share/novamob_description/meshes/novamob_no_wheels_centered.obj
-- Up-to-date symlink: /home/rafael/ros2_ws/src/install/novamob_description/share/novamob_description/config/ekf.yaml
-- Up-to-date symlink: /home/rafael/ros2_ws/src/install/novamob_description/share/novamob_description/world/empty_world.world
-- Up-to-date symlink: /home/rafael/ros2_ws/src/install/novamob_description/share/novamob_description/world/indoor_2.world
-- Up-to-date symlink: /home/rafael/ros2_ws/src/install/novamob_description/share/novamob_description/world/myworld.sdf
-- Up-to-date symlink: /home/rafael/ros2_ws/src/install/novamob_description/share/novamob_description/world/outdoor.world
-- Up-to-date symlink: /home/rafael/ros2_ws/src/install/novamob_description/share/ament_index/resource_index/package_run_dependencies/novamob_description
-- Up-to-date symlink: /home/rafael/ros2_ws/src/install/novamob_description/share/ament_index/resource_index/parent_prefix_path/novamob_description
-- Up-to-date symlink: /home/rafael/ros2_ws/src/install/novamob_description/share/novamob_description/environment/ament_prefix_path.sh
-- Up-to-date symlink: /home/rafael/ros2_ws/src/install/novamob_description/share/novamob_description/environment/ament_prefix_path.dsv
-- Up-to-date symlink: /home/rafael/ros2_ws/src/install/novamob_description/share/novamob_description/environment/path.sh
-- Up-to-date symlink: /home/rafael/ros2_ws/src/install/novamob_description/share/novamob_description/environment/path.dsv
-- Up-to-date symlink: /home/rafael/ros2_ws/src/install/novamob_description/share/novamob_description/local_setup.bash
-- Up-to-date symlink: /home/rafael/ros2_ws/src/install/novamob_description/share/novamob_description/local_setup.sh
-- Up-to-date symlink: /home/rafael/ros2_ws/src/install/novamob_description/share/novamob_description/local_setup.zsh
-- Up-to-date symlink: /home/rafael/ros2_ws/src/install/novamob_description/share/novamob_description/local_setup.dsv
-- Symlinking: /home/rafael/ros2_ws/src/install/novamob_description/share/novamob_description/package.dsv
-- Up-to-date symlink: /home/rafael/ros2_ws/src/install/novamob_description/share/ament_index/resource_index/packages/novamob_description
-- Up-to-date symlink: /home/rafael/ros2_ws/src/install/novamob_description/share/novamob_description/cmake/novamob_descriptionConfig.cmake
-- Up-to-date symlink: /home/rafael/ros2_ws/src/install/novamob_description/share/novamob_description/cmake/novamob_descriptionConfig-version.cmake
-- Up-to-date symlink: /home/rafael/ros2_ws/src/install/novamob_description/share/novamob_description/package.xml
