-- Install configuration: ""
-- Execute custom install script
-- Up-to-date symlink: /home/rafael/ros2_ws/src/install/scout_description/share/scout_description//launch/scout_base_description.launch.py
-- Up-to-date symlink: /home/rafael/ros2_ws/src/install/scout_description/share/scout_description//urdf/generate_urdf.sh
-- Up-to-date symlink: /home/rafael/ros2_ws/src/install/scout_description/share/scout_description//urdf/scout_mini/scout_mini.urdf
-- Up-to-date symlink: /home/rafael/ros2_ws/src/install/scout_description/share/scout_description//urdf/scout_mini/scout_mini.xacro
-- Up-to-date symlink: /home/rafael/ros2_ws/src/install/scout_description/share/scout_description//urdf/scout_mini/scout_mini_wheel.xacro
-- Up-to-date symlink: /home/rafael/ros2_ws/src/install/scout_description/share/scout_description//urdf/scout_v2/scout_v2.urdf
-- Up-to-date symlink: /home/rafael/ros2_ws/src/install/scout_description/share/scout_description//urdf/scout_v2/scout_v2.xacro
-- Up-to-date symlink: /home/rafael/ros2_ws/src/install/scout_description/share/scout_description//urdf/scout_v2/scout_wheel_type1.xacro
-- Up-to-date symlink: /home/rafael/ros2_ws/src/install/scout_description/share/scout_description//urdf/scout_v2/scout_wheel_type2.xacro
-- Up-to-date symlink: /home/rafael/ros2_ws/src/install/scout_description/share/scout_description//meshes/scout_mini/mini_base_link.dae
-- Up-to-date symlink: /home/rafael/ros2_ws/src/install/scout_description/share/scout_description//meshes/scout_mini/mini_wheel.dae
-- Up-to-date symlink: /home/rafael/ros2_ws/src/install/scout_description/share/scout_description//meshes/scout_v2/base_link.dae
-- Up-to-date symlink: /home/rafael/ros2_ws/src/install/scout_description/share/scout_description//meshes/scout_v2/base_link_full.dae
-- Up-to-date symlink: /home/rafael/ros2_ws/src/install/scout_description/share/scout_description//meshes/scout_v2/hokuyo.dae
-- Up-to-date symlink: /home/rafael/ros2_ws/src/install/scout_description/share/scout_description//meshes/scout_v2/wheel_type1.dae
-- Up-to-date symlink: /home/rafael/ros2_ws/src/install/scout_description/share/scout_description//meshes/scout_v2/wheel_type2.dae
-- Up-to-date symlink: /home/rafael/ros2_ws/src/install/scout_description/share/ament_index/resource_index/package_run_dependencies/scout_description
-- Up-to-date symlink: /home/rafael/ros2_ws/src/install/scout_description/share/ament_index/resource_index/parent_prefix_path/scout_description
-- Up-to-date symlink: /home/rafael/ros2_ws/src/install/scout_description/share/scout_description/environment/ament_prefix_path.sh
-- Up-to-date symlink: /home/rafael/ros2_ws/src/install/scout_description/share/scout_description/environment/ament_prefix_path.dsv
-- Up-to-date symlink: /home/rafael/ros2_ws/src/install/scout_description/share/scout_description/environment/path.sh
-- Up-to-date symlink: /home/rafael/ros2_ws/src/install/scout_description/share/scout_description/environment/path.dsv
-- Up-to-date symlink: /home/rafael/ros2_ws/src/install/scout_description/share/scout_description/local_setup.bash
-- Up-to-date symlink: /home/rafael/ros2_ws/src/install/scout_description/share/scout_description/local_setup.sh
-- Up-to-date symlink: /home/rafael/ros2_ws/src/install/scout_description/share/scout_description/local_setup.zsh
-- Up-to-date symlink: /home/rafael/ros2_ws/src/install/scout_description/share/scout_description/local_setup.dsv
-- Symlinking: /home/rafael/ros2_ws/src/install/scout_description/share/scout_description/package.dsv
-- Up-to-date symlink: /home/rafael/ros2_ws/src/install/scout_description/share/ament_index/resource_index/packages/scout_description
-- Up-to-date symlink: /home/rafael/ros2_ws/src/install/scout_description/share/scout_description/cmake/scout_descriptionConfig.cmake
-- Up-to-date symlink: /home/rafael/ros2_ws/src/install/scout_description/share/scout_description/cmake/scout_descriptionConfig-version.cmake
-- Up-to-date symlink: /home/rafael/ros2_ws/src/install/scout_description/share/scout_description/package.xml
