[0.012s] Invoking command in '/home/rafael/ros2_ws/src/build/scout_base': AMENT_PREFIX_PATH=/home/rafael/ros2_ws/src/install/scout_msgs:${AMENT_PREFIX_PATH} CMAKE_PREFIX_PATH=/opt/ros/humble:/home/rafael/ros2_ws/src/install/ugv_sdk:/home/rafael/ros2_ws/src/install/scout_msgs:${CMAKE_PREFIX_PATH} LD_LIBRARY_PATH=/home/rafael/ros2_ws/src/install/scout_msgs/lib:${LD_LIBRARY_PATH} PKG_CONFIG_PATH=/home/rafael/ros2_ws/src/install/ugv_sdk/lib/x86_64-linux-gnu/pkgconfig:/home/rafael/ros2_ws/src/install/ugv_sdk/lib/pkgconfig:${PKG_CONFIG_PATH} PYTHONPATH=/home/rafael/ros2_ws/src/install/scout_msgs/local/lib/python3.10/dist-packages:${PYTHONPATH} ROS_PACKAGE_PATH=/home/rafael/ros2_ws/src/install/ugv_sdk/share:${ROS_PACKAGE_PATH} /usr/bin/cmake --build /home/rafael/ros2_ws/src/build/scout_base -- -j12 -l12
[0.055s] [35m[1mConsolidate compiler generated dependencies of target scout_base_node[0m
[0.083s] [100%] Built target scout_base_node
[0.094s] Invoked command in '/home/rafael/ros2_ws/src/build/scout_base' returned '0': AMENT_PREFIX_PATH=/home/rafael/ros2_ws/src/install/scout_msgs:${AMENT_PREFIX_PATH} CMAKE_PREFIX_PATH=/opt/ros/humble:/home/rafael/ros2_ws/src/install/ugv_sdk:/home/rafael/ros2_ws/src/install/scout_msgs:${CMAKE_PREFIX_PATH} LD_LIBRARY_PATH=/home/rafael/ros2_ws/src/install/scout_msgs/lib:${LD_LIBRARY_PATH} PKG_CONFIG_PATH=/home/rafael/ros2_ws/src/install/ugv_sdk/lib/x86_64-linux-gnu/pkgconfig:/home/rafael/ros2_ws/src/install/ugv_sdk/lib/pkgconfig:${PKG_CONFIG_PATH} PYTHONPATH=/home/rafael/ros2_ws/src/install/scout_msgs/local/lib/python3.10/dist-packages:${PYTHONPATH} ROS_PACKAGE_PATH=/home/rafael/ros2_ws/src/install/ugv_sdk/share:${ROS_PACKAGE_PATH} /usr/bin/cmake --build /home/rafael/ros2_ws/src/build/scout_base -- -j12 -l12
[0.122s] Invoking command in '/home/rafael/ros2_ws/src/build/scout_base': AMENT_PREFIX_PATH=/home/rafael/ros2_ws/src/install/scout_msgs:${AMENT_PREFIX_PATH} CMAKE_PREFIX_PATH=/opt/ros/humble:/home/rafael/ros2_ws/src/install/ugv_sdk:/home/rafael/ros2_ws/src/install/scout_msgs:${CMAKE_PREFIX_PATH} LD_LIBRARY_PATH=/home/rafael/ros2_ws/src/install/scout_msgs/lib:${LD_LIBRARY_PATH} PKG_CONFIG_PATH=/home/rafael/ros2_ws/src/install/ugv_sdk/lib/x86_64-linux-gnu/pkgconfig:/home/rafael/ros2_ws/src/install/ugv_sdk/lib/pkgconfig:${PKG_CONFIG_PATH} PYTHONPATH=/home/rafael/ros2_ws/src/install/scout_msgs/local/lib/python3.10/dist-packages:${PYTHONPATH} ROS_PACKAGE_PATH=/home/rafael/ros2_ws/src/install/ugv_sdk/share:${ROS_PACKAGE_PATH} /usr/bin/cmake --install /home/rafael/ros2_ws/src/build/scout_base
[0.129s] -- Install configuration: ""
[0.129s] -- Execute custom install script
[0.130s] -- Up-to-date symlink: /home/rafael/ros2_ws/src/install/scout_base/lib/scout_base/scout_base_node
[0.130s] -- Up-to-date symlink: /home/rafael/ros2_ws/src/install/scout_base/share/scout_base//launch/scout_base.launch.py
[0.130s] -- Up-to-date symlink: /home/rafael/ros2_ws/src/install/scout_base/share/scout_base//launch/scout_mini_base.launch.py
[0.130s] -- Up-to-date symlink: /home/rafael/ros2_ws/src/install/scout_base/share/scout_base//launch/scout_mini_omni_base.launch.py
[0.130s] -- Up-to-date symlink: /home/rafael/ros2_ws/src/install/scout_base/share/ament_index/resource_index/package_run_dependencies/scout_base
[0.131s] -- Up-to-date symlink: /home/rafael/ros2_ws/src/install/scout_base/share/ament_index/resource_index/parent_prefix_path/scout_base
[0.131s] -- Up-to-date symlink: /home/rafael/ros2_ws/src/install/scout_base/share/scout_base/environment/ament_prefix_path.sh
[0.131s] -- Up-to-date symlink: /home/rafael/ros2_ws/src/install/scout_base/share/scout_base/environment/ament_prefix_path.dsv
[0.131s] -- Up-to-date symlink: /home/rafael/ros2_ws/src/install/scout_base/share/scout_base/environment/path.sh
[0.131s] -- Up-to-date symlink: /home/rafael/ros2_ws/src/install/scout_base/share/scout_base/environment/path.dsv
[0.131s] -- Up-to-date symlink: /home/rafael/ros2_ws/src/install/scout_base/share/scout_base/local_setup.bash
[0.131s] -- Up-to-date symlink: /home/rafael/ros2_ws/src/install/scout_base/share/scout_base/local_setup.sh
[0.131s] -- Up-to-date symlink: /home/rafael/ros2_ws/src/install/scout_base/share/scout_base/local_setup.zsh
[0.131s] -- Up-to-date symlink: /home/rafael/ros2_ws/src/install/scout_base/share/scout_base/local_setup.dsv
[0.132s] -- Symlinking: /home/rafael/ros2_ws/src/install/scout_base/share/scout_base/package.dsv
[0.141s] -- Up-to-date symlink: /home/rafael/ros2_ws/src/install/scout_base/share/ament_index/resource_index/packages/scout_base
[0.141s] -- Up-to-date symlink: /home/rafael/ros2_ws/src/install/scout_base/share/scout_base/cmake/scout_baseConfig.cmake
[0.141s] -- Up-to-date symlink: /home/rafael/ros2_ws/src/install/scout_base/share/scout_base/cmake/scout_baseConfig-version.cmake
[0.142s] -- Up-to-date symlink: /home/rafael/ros2_ws/src/install/scout_base/share/scout_base/package.xml
[0.144s] Invoked command in '/home/rafael/ros2_ws/src/build/scout_base' returned '0': AMENT_PREFIX_PATH=/home/rafael/ros2_ws/src/install/scout_msgs:${AMENT_PREFIX_PATH} CMAKE_PREFIX_PATH=/opt/ros/humble:/home/rafael/ros2_ws/src/install/ugv_sdk:/home/rafael/ros2_ws/src/install/scout_msgs:${CMAKE_PREFIX_PATH} LD_LIBRARY_PATH=/home/rafael/ros2_ws/src/install/scout_msgs/lib:${LD_LIBRARY_PATH} PKG_CONFIG_PATH=/home/rafael/ros2_ws/src/install/ugv_sdk/lib/x86_64-linux-gnu/pkgconfig:/home/rafael/ros2_ws/src/install/ugv_sdk/lib/pkgconfig:${PKG_CONFIG_PATH} PYTHONPATH=/home/rafael/ros2_ws/src/install/scout_msgs/local/lib/python3.10/dist-packages:${PYTHONPATH} ROS_PACKAGE_PATH=/home/rafael/ros2_ws/src/install/ugv_sdk/share:${ROS_PACKAGE_PATH} /usr/bin/cmake --install /home/rafael/ros2_ws/src/build/scout_base
