[0.027s] Invoking command in '/home/rafael/ros2_ws/src/build/ugv_sdk': /usr/bin/cmake /home/rafael/ros2_ws/src/ugv_sdk -DCATKIN_INSTALL_INTO_PREFIX_ROOT=0 -DCATKIN_SYMLINK_INSTALL=ON -DCMAKE_INSTALL_PREFIX=/home/rafael/ros2_ws/src/install/ugv_sdk
[0.094s] -- The C compiler identification is GNU 11.4.0
[0.164s] -- The CXX compiler identification is GNU 11.4.0
[0.171s] -- Detecting C compiler ABI info
[0.243s] -- Detecting C compiler ABI info - done
[0.252s] -- Check for working C compiler: /usr/bin/cc - skipped
[0.252s] -- Detecting C compile features
[0.252s] -- Detecting C compile features - done
[0.255s] -- Detecting CXX compiler ABI info
[0.348s] -- Detecting CXX compiler ABI info - done
[0.357s] -- Check for working CXX compiler: /usr/bin/c++ - skipped
[0.358s] -- Detecting CXX compile features
[0.358s] -- Detecting CXX compile features - done
[0.360s] -- Build package with cmake
[0.360s] -- Setting build type to 'Release' as none was specified.
[0.360s] -- Tests will not be built
[0.364s] -- Looking for pthread.h
[0.472s] -- Looking for pthread.h - found
[0.472s] -- Performing Test CMAKE_HAVE_LIBC_PTHREAD
[0.575s] -- Performing Test CMAKE_HAVE_LIBC_PTHREAD - Success
[0.576s] -- Found Threads: TRUE  
[0.580s] -- Project will be installed to /home/rafael/ros2_ws/src/install/ugv_sdk with 'make install'
[0.580s] --  - To install LIB components to /home/rafael/ros2_ws/src/install/ugv_sdk/lib
[0.580s] --  - To install BIN components to /home/rafael/ros2_ws/src/install/ugv_sdk/bin
[0.581s] --  - To install INCLUDE components to /home/rafael/ros2_ws/src/install/ugv_sdk/include
[0.581s] --  - To install CMAKE components to /home/rafael/ros2_ws/src/install/ugv_sdk/share/cmake/ugv_sdk
[0.594s] -- Configuring done
[0.621s] -- Generating done
[0.624s] [33mCMake Warning:
[0.624s]   Manually-specified variables were not used by the project:
[0.624s] 
[0.624s]     CATKIN_INSTALL_INTO_PREFIX_ROOT
[0.624s]     CATKIN_SYMLINK_INSTALL
[0.624s] 
[0.624s] [0m
[0.624s] -- Build files have been written to: /home/rafael/ros2_ws/src/build/ugv_sdk
[0.630s] Invoked command in '/home/rafael/ros2_ws/src/build/ugv_sdk' returned '0': /usr/bin/cmake /home/rafael/ros2_ws/src/ugv_sdk -DCATKIN_INSTALL_INTO_PREFIX_ROOT=0 -DCATKIN_SYMLINK_INSTALL=ON -DCMAKE_INSTALL_PREFIX=/home/rafael/ros2_ws/src/install/ugv_sdk
[0.632s] Invoking command in '/home/rafael/ros2_ws/src/build/ugv_sdk': /usr/bin/cmake --build /home/rafael/ros2_ws/src/build/ugv_sdk -- -j12 -l12
[0.686s] [ 10%] [32mBuilding CXX object CMakeFiles/ugv_sdk.dir/src/async_port/async_serial.cpp.o[0m
[0.686s] [ 10%] [32mBuilding CXX object CMakeFiles/ugv_sdk.dir/src/mobile_robot/scout_robot.cpp.o[0m
[0.686s] [ 10%] [32mBuilding CXX object CMakeFiles/ugv_sdk.dir/src/async_port/async_can.cpp.o[0m
[0.690s] [ 14%] [32mBuilding CXX object CMakeFiles/ugv_sdk.dir/src/mobile_robot/bunker_robot.cpp.o[0m
[0.692s] [ 17%] [32mBuilding CXX object CMakeFiles/ugv_sdk.dir/src/utilities/protocol_detector.cpp.o[0m
[0.697s] [ 21%] [32mBuilding CXX object CMakeFiles/ugv_sdk.dir/src/mobile_robot/ranger_robot.cpp.o[0m
[0.701s] [ 28%] [32mBuilding CXX object CMakeFiles/ugv_sdk.dir/src/mobile_robot/hunter_robot.cpp.o[0m
[0.702s] [ 28%] [32mBuilding C object CMakeFiles/ugv_sdk.dir/src/protocol_v2/agilex_msg_parser_v2.c.o[0m
[0.709s] [ 32%] [32mBuilding CXX object CMakeFiles/ugv_sdk.dir/src/protocol_v2/protocol_v2_parser.cpp.o[0m
[0.713s] [ 35%] [32mBuilding CXX object CMakeFiles/ugv_sdk.dir/src/mobile_robot/titan_robot.cpp.o[0m
[0.777s] [ 39%] [32mBuilding C object CMakeFiles/ugv_sdk.dir/src/protocol_v1/agilex_msg_parser_v1.c.o[0m
[5.665s] [ 42%] [32m[1mLinking CXX static library lib/libugv_sdk.a[0m
[5.779s] [ 42%] Built target ugv_sdk
[5.850s] [ 46%] [32mBuilding CXX object sample/scout_demo/CMakeFiles/demo_scout_mini_omni_robot.dir/scout_mini_omni_demo.cpp.o[0m
[5.886s] [ 50%] [32mBuilding CXX object sample/bunker_demo/CMakeFiles/demo_bunker_robot.dir/bunker_robot_demo.cpp.o[0m
[5.895s] [ 53%] [32mBuilding CXX object sample/utils_demo/CMakeFiles/demo_protocol_detector.dir/demo_protocol_detector.cpp.o[0m
[5.905s] [ 57%] [32mBuilding CXX object sample/scout_demo/CMakeFiles/demo_scout_robot.dir/scout_robot_demo.cpp.o[0m
[5.921s] [ 60%] [32mBuilding CXX object sample/ranger_demo/CMakeFiles/demo_ranger_robot.dir/ranger_robot_demo.cpp.o[0m
[5.924s] [ 64%] [32mBuilding CXX object sample/tracer_demo/CMakeFiles/demo_tracer_robot.dir/tracer_robot_demo.cpp.o[0m
[5.933s] [ 67%] [32mBuilding CXX object sample/utils_demo/CMakeFiles/demo_robot_version.dir/demo_robot_version.cpp.o[0m
[5.966s] [ 71%] [32mBuilding CXX object sample/hunter_demo/CMakeFiles/demo_hunter_robot.dir/hunter_robot_demo.cpp.o[0m
[6.763s] [ 75%] [32m[1mLinking CXX executable ../../bin/demo_bunker_robot[0m
[6.967s] [ 75%] Built target demo_bunker_robot
[8.176s] [ 78%] [32m[1mLinking CXX executable ../../bin/demo_protocol_detector[0m
[8.190s] [ 82%] [32m[1mLinking CXX executable ../../bin/demo_hunter_robot[0m
[8.232s] [ 85%] [32m[1mLinking CXX executable ../../bin/demo_robot_version[0m
[8.284s] [ 85%] Built target demo_protocol_detector
[8.317s] [ 85%] Built target demo_hunter_robot
[8.357s] [ 89%] [32m[1mLinking CXX executable ../../bin/demo_scout_robot[0m
[8.379s] [ 89%] Built target demo_robot_version
[8.462s] [ 89%] Built target demo_scout_robot
[8.638s] [ 92%] [32m[1mLinking CXX executable ../../bin/demo_scout_mini_omni_robot[0m
[8.730s] [ 92%] Built target demo_scout_mini_omni_robot
[8.741s] [ 96%] [32m[1mLinking CXX executable ../../bin/demo_tracer_robot[0m
[8.826s] [ 96%] Built target demo_tracer_robot
[8.844s] [100%] [32m[1mLinking CXX executable ../../bin/demo_ranger_robot[0m
[8.930s] [100%] Built target demo_ranger_robot
[9.252s] Invoked command in '/home/rafael/ros2_ws/src/build/ugv_sdk' returned '0': /usr/bin/cmake --build /home/rafael/ros2_ws/src/build/ugv_sdk -- -j12 -l12
[9.395s] Invoking command in '/home/rafael/ros2_ws/src/build/ugv_sdk': /usr/bin/cmake --install /home/rafael/ros2_ws/src/build/ugv_sdk
[9.403s] -- Install configuration: "Release"
[9.403s] -- Installing: /home/rafael/ros2_ws/src/install/ugv_sdk/lib/libugv_sdk.a
[9.405s] -- Installing: /home/rafael/ros2_ws/src/install/ugv_sdk/include/ugv_sdk
[9.405s] -- Installing: /home/rafael/ros2_ws/src/install/ugv_sdk/include/ugv_sdk/utilities
[9.405s] -- Installing: /home/rafael/ros2_ws/src/install/ugv_sdk/include/ugv_sdk/utilities/protocol_detector.hpp
[9.405s] -- Installing: /home/rafael/ros2_ws/src/install/ugv_sdk/include/ugv_sdk/mobile_robot
[9.405s] -- Installing: /home/rafael/ros2_ws/src/install/ugv_sdk/include/ugv_sdk/mobile_robot/tracer_robot.hpp
[9.405s] -- Installing: /home/rafael/ros2_ws/src/install/ugv_sdk/include/ugv_sdk/mobile_robot/bunker_robot.hpp
[9.405s] -- Installing: /home/rafael/ros2_ws/src/install/ugv_sdk/include/ugv_sdk/mobile_robot/ranger_robot.hpp
[9.405s] -- Installing: /home/rafael/ros2_ws/src/install/ugv_sdk/include/ugv_sdk/mobile_robot/scout_robot.hpp
[9.405s] -- Installing: /home/rafael/ros2_ws/src/install/ugv_sdk/include/ugv_sdk/mobile_robot/hunter_robot.hpp
[9.406s] -- Installing: /home/rafael/ros2_ws/src/install/ugv_sdk/include/ugv_sdk/mobile_robot/titan_robot.hpp
[9.406s] -- Installing: /home/rafael/ros2_ws/src/install/ugv_sdk/include/ugv_sdk/details
[9.406s] -- Installing: /home/rafael/ros2_ws/src/install/ugv_sdk/include/ugv_sdk/details/async_port
[9.406s] -- Installing: /home/rafael/ros2_ws/src/install/ugv_sdk/include/ugv_sdk/details/async_port/async_can.hpp
[9.406s] -- Installing: /home/rafael/ros2_ws/src/install/ugv_sdk/include/ugv_sdk/details/async_port/ring_buffer.hpp
[9.406s] -- Installing: /home/rafael/ros2_ws/src/install/ugv_sdk/include/ugv_sdk/details/async_port/async_serial.hpp
[9.406s] -- Installing: /home/rafael/ros2_ws/src/install/ugv_sdk/include/ugv_sdk/details/interface
[9.406s] -- Installing: /home/rafael/ros2_ws/src/install/ugv_sdk/include/ugv_sdk/details/interface/robot_common_interface.hpp
[9.406s] -- Installing: /home/rafael/ros2_ws/src/install/ugv_sdk/include/ugv_sdk/details/interface/ranger_interface.hpp
[9.407s] -- Installing: /home/rafael/ros2_ws/src/install/ugv_sdk/include/ugv_sdk/details/interface/hunter_interface.hpp
[9.407s] -- Installing: /home/rafael/ros2_ws/src/install/ugv_sdk/include/ugv_sdk/details/interface/agilex_types.h
[9.407s] -- Installing: /home/rafael/ros2_ws/src/install/ugv_sdk/include/ugv_sdk/details/interface/titan_interface.hpp
[9.407s] -- Installing: /home/rafael/ros2_ws/src/install/ugv_sdk/include/ugv_sdk/details/interface/bunker_interface.hpp
[9.407s] -- Installing: /home/rafael/ros2_ws/src/install/ugv_sdk/include/ugv_sdk/details/interface/tracer_interface.hpp
[9.408s] -- Installing: /home/rafael/ros2_ws/src/install/ugv_sdk/include/ugv_sdk/details/interface/agilex_message.h
[9.408s] -- Installing: /home/rafael/ros2_ws/src/install/ugv_sdk/include/ugv_sdk/details/interface/scout_interface.hpp
[9.408s] -- Installing: /home/rafael/ros2_ws/src/install/ugv_sdk/include/ugv_sdk/details/parser_base.hpp
[9.408s] -- Installing: /home/rafael/ros2_ws/src/install/ugv_sdk/include/ugv_sdk/details/protocol_v2
[9.408s] -- Installing: /home/rafael/ros2_ws/src/install/ugv_sdk/include/ugv_sdk/details/protocol_v2/protocol_v2_parser.hpp
[9.408s] -- Installing: /home/rafael/ros2_ws/src/install/ugv_sdk/include/ugv_sdk/details/robot_base
[9.408s] -- Installing: /home/rafael/ros2_ws/src/install/ugv_sdk/include/ugv_sdk/details/robot_base/tracer_base.hpp
[9.408s] -- Installing: /home/rafael/ros2_ws/src/install/ugv_sdk/include/ugv_sdk/details/robot_base/ranger_base.hpp
[9.408s] -- Installing: /home/rafael/ros2_ws/src/install/ugv_sdk/include/ugv_sdk/details/robot_base/hunter_base.hpp
[9.408s] -- Installing: /home/rafael/ros2_ws/src/install/ugv_sdk/include/ugv_sdk/details/robot_base/agilex_base.hpp
[9.409s] -- Installing: /home/rafael/ros2_ws/src/install/ugv_sdk/include/ugv_sdk/details/robot_base/scout_base.hpp
[9.409s] -- Installing: /home/rafael/ros2_ws/src/install/ugv_sdk/include/ugv_sdk/details/robot_base/titan_base.hpp
[9.409s] -- Installing: /home/rafael/ros2_ws/src/install/ugv_sdk/include/ugv_sdk/details/robot_base/bunker_base.hpp
[9.409s] -- Installing: /home/rafael/ros2_ws/src/install/ugv_sdk/include/ugv_sdk/details/protocol_v1
[9.409s] -- Installing: /home/rafael/ros2_ws/src/install/ugv_sdk/include/ugv_sdk/details/protocol_v1/protocol_v1_parser.hpp
[9.409s] -- Installing: /home/rafael/ros2_ws/src/install/ugv_sdk/include/ugv_sdk/details/protocol_v1/robot_limits.hpp
[9.409s] -- Installing: /home/rafael/ros2_ws/src/install/ugv_sdk/include/ugv_sdk/details/protocol_v1/agilex_msg_parser_v1.h
[9.409s] -- Installing: /home/rafael/ros2_ws/src/install/ugv_sdk/lib/cmake/ugv_sdk/ugv_sdkTargets.cmake
[9.410s] -- Installing: /home/rafael/ros2_ws/src/install/ugv_sdk/lib/cmake/ugv_sdk/ugv_sdkTargets-release.cmake
[9.410s] -- Installing: /home/rafael/ros2_ws/src/install/ugv_sdk/lib/cmake/ugv_sdk/ugv_sdkConfig.cmake
[9.411s] -- Installing: /home/rafael/ros2_ws/src/install/ugv_sdk/lib/cmake/ugv_sdk/ugv_sdkConfigVersion.cmake
[9.411s] Invoked command in '/home/rafael/ros2_ws/src/build/ugv_sdk' returned '0': /usr/bin/cmake --install /home/rafael/ros2_ws/src/build/ugv_sdk
