[0.030s] Invoking command in '/home/rafael/ros2_ws/src/build/scout_msgs': CMAKE_PREFIX_PATH=/opt/ros/humble:${CMAKE_PREFIX_PATH} /usr/bin/cmake /home/rafael/ros2_ws/src/scout_ros2/scout_msgs -DAMENT_CMAKE_SYMLINK_INSTALL=1 -DCMAKE_INSTALL_PREFIX=/home/rafael/ros2_ws/src/install/scout_msgs
[0.092s] -- The C compiler identification is GNU 11.4.0
[0.161s] -- The CXX compiler identification is GNU 11.4.0
[0.172s] -- Detecting C compiler ABI info
[0.246s] -- Detecting C compiler ABI info - done
[0.255s] -- Check for working C compiler: /usr/bin/cc - skipped
[0.255s] -- Detecting C compile features
[0.255s] -- Detecting C compile features - done
[0.258s] -- Detecting CXX compiler ABI info
[0.346s] -- Detecting CXX compiler ABI info - done
[0.355s] -- Check for working CXX compiler: /usr/bin/c++ - skipped
[0.355s] -- Detecting CXX compile features
[0.356s] -- Detecting CXX compile features - done
[0.358s] -- Found ament_cmake: 1.3.8 (/opt/ros/humble/share/ament_cmake/cmake)
[0.560s] -- Found Python3: /usr/bin/python3 (found version "3.10.12") found components: Interpreter 
[0.629s] -- Override CMake install command with custom implementation using symlinks instead of copying resources
[0.661s] -- Found builtin_interfaces: 1.2.1 (/opt/ros/humble/share/builtin_interfaces/cmake)
[0.708s] -- Found rosidl_generator_c: 3.1.5 (/opt/ros/humble/share/rosidl_generator_c/cmake)
[0.725s] -- Found rosidl_adapter: 3.1.5 (/opt/ros/humble/share/rosidl_adapter/cmake)
[0.742s] -- Found rosidl_generator_cpp: 3.1.5 (/opt/ros/humble/share/rosidl_generator_cpp/cmake)
[0.775s] -- Using all available rosidl_typesupport_c: rosidl_typesupport_fastrtps_c;rosidl_typesupport_introspection_c
[0.813s] -- Using all available rosidl_typesupport_cpp: rosidl_typesupport_fastrtps_cpp;rosidl_typesupport_introspection_cpp
[0.850s] -- Found rosidl_default_generators: 1.2.0 (/opt/ros/humble/share/rosidl_default_generators/cmake)
[0.888s] -- Found std_msgs: 4.2.3 (/opt/ros/humble/share/std_msgs/cmake)
[1.627s] -- Found ament_cmake_ros: 0.10.0 (/opt/ros/humble/share/ament_cmake_ros/cmake)
[2.494s] -- Using all available rosidl_typesupport_c: rosidl_typesupport_fastrtps_c;rosidl_typesupport_introspection_c
[2.793s] -- Using all available rosidl_typesupport_cpp: rosidl_typesupport_fastrtps_cpp;rosidl_typesupport_introspection_cpp
[2.838s] -- Found PythonInterp: /usr/bin/python3 (found suitable version "3.10.12", minimum required is "3.6") 
[2.841s] -- Found python_cmake_module: 0.10.0 (/opt/ros/humble/share/python_cmake_module/cmake)
[2.890s] -- Found PythonLibs: /usr/lib/x86_64-linux-gnu/libpython3.10.so (found suitable version "3.10.12", minimum required is "3.5") 
[2.890s] -- Using PYTHON_EXECUTABLE: /usr/bin/python3
[2.891s] -- Using PYTHON_INCLUDE_DIRS: /usr/include/python3.10
[2.892s] -- Using PYTHON_LIBRARIES: /usr/lib/x86_64-linux-gnu/libpython3.10.so
[2.931s] -- Found PythonExtra: .so  
[3.048s] -- Found ament_lint_auto: 0.12.10 (/opt/ros/humble/share/ament_lint_auto/cmake)
[3.120s] -- Added test 'copyright' to check source files copyright and LICENSE
[3.123s] -- Added test 'lint_cmake' to check CMake code style
[3.126s] -- Added test 'xmllint' to check XML markup files
[3.141s] -- Configuring done
[3.219s] -- Generating done
[3.224s] -- Build files have been written to: /home/rafael/ros2_ws/src/build/scout_msgs
[3.236s] Invoked command in '/home/rafael/ros2_ws/src/build/scout_msgs' returned '0': CMAKE_PREFIX_PATH=/opt/ros/humble:${CMAKE_PREFIX_PATH} /usr/bin/cmake /home/rafael/ros2_ws/src/scout_ros2/scout_msgs -DAMENT_CMAKE_SYMLINK_INSTALL=1 -DCMAKE_INSTALL_PREFIX=/home/rafael/ros2_ws/src/install/scout_msgs
[3.237s] Invoking command in '/home/rafael/ros2_ws/src/build/scout_msgs': CMAKE_PREFIX_PATH=/opt/ros/humble:${CMAKE_PREFIX_PATH} /usr/bin/cmake --build /home/rafael/ros2_ws/src/build/scout_msgs -- -j12 -l12
[3.327s] [  1%] [34m[1mGenerating C code for ROS interfaces[0m
[3.336s] [  3%] [34m[1mGenerating C++ code for ROS interfaces[0m
[3.348s] [  3%] Built target ament_cmake_python_symlink_scout_msgs
[3.731s] running egg_info
[3.732s] creating scout_msgs.egg-info
[3.732s] writing scout_msgs.egg-info/PKG-INFO
[3.732s] writing dependency_links to scout_msgs.egg-info/dependency_links.txt
[3.732s] writing top-level names to scout_msgs.egg-info/top_level.txt
[3.733s] writing manifest file 'scout_msgs.egg-info/SOURCES.txt'
[3.737s] reading manifest file 'scout_msgs.egg-info/SOURCES.txt'
[3.737s] writing manifest file 'scout_msgs.egg-info/SOURCES.txt'
[3.777s] [  3%] Built target ament_cmake_python_build_scout_msgs_egg
[4.299s] [  6%] [32mBuilding C object CMakeFiles/scout_msgs__rosidl_generator_c.dir/rosidl_generator_c/scout_msgs/msg/detail/scout_light_cmd__functions.c.o[0m
[4.299s] [  7%] [32mBuilding C object CMakeFiles/scout_msgs__rosidl_generator_c.dir/rosidl_generator_c/scout_msgs/msg/detail/scout_actuator_state__functions.c.o[0m
[4.300s] [  7%] [32mBuilding C object CMakeFiles/scout_msgs__rosidl_generator_c.dir/rosidl_generator_c/scout_msgs/msg/detail/scout_light_state__functions.c.o[0m
[4.304s] [  9%] [32mBuilding C object CMakeFiles/scout_msgs__rosidl_generator_c.dir/rosidl_generator_c/scout_msgs/msg/detail/scout_rc_state__functions.c.o[0m
[4.309s] [ 11%] [32mBuilding C object CMakeFiles/scout_msgs__rosidl_generator_c.dir/rosidl_generator_c/scout_msgs/msg/detail/scout_status__functions.c.o[0m
[4.373s] [ 11%] Built target scout_msgs__cpp
[4.386s] [ 12%] [34m[1mGenerating C++ introspection for ROS interfaces[0m
[4.387s] [ 14%] [34m[1mGenerating C++ type support dispatch for ROS interfaces[0m
[4.388s] [ 15%] [34m[1mGenerating C++ type support for eProsima Fast-RTPS[0m
[4.394s] [ 17%] [32m[1mLinking C shared library libscout_msgs__rosidl_generator_c.so[0m
[4.440s] [ 17%] Built target scout_msgs__rosidl_generator_c
[4.453s] [ 19%] [34m[1mGenerating C type support for eProsima Fast-RTPS[0m
[4.456s] [ 22%] [34m[1mGenerating C introspection for ROS interfaces[0m
[4.456s] [ 22%] [34m[1mGenerating C type support dispatch for ROS interfaces[0m
[4.941s] [ 23%] [32mBuilding CXX object CMakeFiles/scout_msgs__rosidl_typesupport_cpp.dir/rosidl_typesupport_cpp/scout_msgs/msg/scout_actuator_state__type_support.cpp.o[0m
[4.942s] [ 25%] [32mBuilding CXX object CMakeFiles/scout_msgs__rosidl_typesupport_cpp.dir/rosidl_typesupport_cpp/scout_msgs/msg/scout_light_cmd__type_support.cpp.o[0m
[4.944s] [ 26%] [32mBuilding CXX object CMakeFiles/scout_msgs__rosidl_typesupport_cpp.dir/rosidl_typesupport_cpp/scout_msgs/msg/scout_light_state__type_support.cpp.o[0m
[4.963s] [ 28%] [32mBuilding CXX object CMakeFiles/scout_msgs__rosidl_typesupport_cpp.dir/rosidl_typesupport_cpp/scout_msgs/msg/scout_rc_state__type_support.cpp.o[0m
[4.969s] [ 30%] [32mBuilding CXX object CMakeFiles/scout_msgs__rosidl_typesupport_cpp.dir/rosidl_typesupport_cpp/scout_msgs/msg/scout_status__type_support.cpp.o[0m
[5.120s] [ 31%] [32mBuilding CXX object CMakeFiles/scout_msgs__rosidl_typesupport_c.dir/rosidl_typesupport_c/scout_msgs/msg/scout_actuator_state__type_support.cpp.o[0m
[5.127s] [ 33%] [32mBuilding CXX object CMakeFiles/scout_msgs__rosidl_typesupport_c.dir/rosidl_typesupport_c/scout_msgs/msg/scout_light_state__type_support.cpp.o[0m
[5.131s] [ 34%] [32mBuilding CXX object CMakeFiles/scout_msgs__rosidl_typesupport_c.dir/rosidl_typesupport_c/scout_msgs/msg/scout_light_cmd__type_support.cpp.o[0m
[5.257s] [ 36%] [32mBuilding CXX object CMakeFiles/scout_msgs__rosidl_typesupport_c.dir/rosidl_typesupport_c/scout_msgs/msg/scout_rc_state__type_support.cpp.o[0m
[5.289s] [ 38%] [32mBuilding CXX object CMakeFiles/scout_msgs__rosidl_typesupport_c.dir/rosidl_typesupport_c/scout_msgs/msg/scout_status__type_support.cpp.o[0m
[5.411s] [ 39%] [32m[1mLinking CXX shared library libscout_msgs__rosidl_typesupport_c.so[0m
[5.413s] [ 41%] [32mBuilding CXX object CMakeFiles/scout_msgs__rosidl_typesupport_introspection_cpp.dir/rosidl_typesupport_introspection_cpp/scout_msgs/msg/detail/scout_light_state__type_support.cpp.o[0m
[5.417s] [ 42%] [32mBuilding CXX object CMakeFiles/scout_msgs__rosidl_typesupport_introspection_cpp.dir/rosidl_typesupport_introspection_cpp/scout_msgs/msg/detail/scout_light_cmd__type_support.cpp.o[0m
[5.421s] [ 44%] [32mBuilding CXX object CMakeFiles/scout_msgs__rosidl_typesupport_introspection_cpp.dir/rosidl_typesupport_introspection_cpp/scout_msgs/msg/detail/scout_actuator_state__type_support.cpp.o[0m
[5.458s] [ 46%] [32mBuilding CXX object CMakeFiles/scout_msgs__rosidl_typesupport_introspection_cpp.dir/rosidl_typesupport_introspection_cpp/scout_msgs/msg/detail/scout_rc_state__type_support.cpp.o[0m
[5.465s] [ 47%] [32mBuilding CXX object CMakeFiles/scout_msgs__rosidl_typesupport_introspection_cpp.dir/rosidl_typesupport_introspection_cpp/scout_msgs/msg/detail/scout_status__type_support.cpp.o[0m
[5.486s] [ 49%] [32mBuilding CXX object CMakeFiles/scout_msgs__rosidl_typesupport_fastrtps_cpp.dir/rosidl_typesupport_fastrtps_cpp/scout_msgs/msg/detail/dds_fastrtps/scout_actuator_state__type_support.cpp.o[0m
[5.514s] [ 50%] [32mBuilding CXX object CMakeFiles/scout_msgs__rosidl_typesupport_fastrtps_cpp.dir/rosidl_typesupport_fastrtps_cpp/scout_msgs/msg/detail/dds_fastrtps/scout_light_cmd__type_support.cpp.o[0m
[5.518s] [ 50%] Built target scout_msgs__rosidl_typesupport_c
[5.572s] [ 52%] [32mBuilding CXX object CMakeFiles/scout_msgs__rosidl_typesupport_fastrtps_cpp.dir/rosidl_typesupport_fastrtps_cpp/scout_msgs/msg/detail/dds_fastrtps/scout_light_state__type_support.cpp.o[0m
[5.595s] [ 53%] [32mBuilding CXX object CMakeFiles/scout_msgs__rosidl_typesupport_fastrtps_cpp.dir/rosidl_typesupport_fastrtps_cpp/scout_msgs/msg/detail/dds_fastrtps/scout_rc_state__type_support.cpp.o[0m
[5.629s] [ 55%] [32mBuilding CXX object CMakeFiles/scout_msgs__rosidl_typesupport_fastrtps_c.dir/rosidl_typesupport_fastrtps_c/scout_msgs/msg/detail/scout_actuator_state__type_support_c.cpp.o[0m
[5.643s] [ 57%] [32mBuilding C object CMakeFiles/scout_msgs__rosidl_typesupport_introspection_c.dir/rosidl_typesupport_introspection_c/scout_msgs/msg/detail/scout_actuator_state__type_support.c.o[0m
[5.664s] [ 58%] [32m[1mLinking CXX shared library libscout_msgs__rosidl_typesupport_cpp.so[0m
[5.778s] [ 60%] [32mBuilding C object CMakeFiles/scout_msgs__rosidl_typesupport_introspection_c.dir/rosidl_typesupport_introspection_c/scout_msgs/msg/detail/scout_light_cmd__type_support.c.o[0m
[5.821s] [ 60%] Built target scout_msgs__rosidl_typesupport_cpp
[5.842s] [ 61%] [32mBuilding C object CMakeFiles/scout_msgs__rosidl_typesupport_introspection_c.dir/rosidl_typesupport_introspection_c/scout_msgs/msg/detail/scout_light_state__type_support.c.o[0m
[5.924s] [ 63%] [32mBuilding CXX object CMakeFiles/scout_msgs__rosidl_typesupport_fastrtps_c.dir/rosidl_typesupport_fastrtps_c/scout_msgs/msg/detail/scout_light_cmd__type_support_c.cpp.o[0m
[5.986s] [ 65%] [32mBuilding C object CMakeFiles/scout_msgs__rosidl_typesupport_introspection_c.dir/rosidl_typesupport_introspection_c/scout_msgs/msg/detail/scout_rc_state__type_support.c.o[0m
[6.184s] [ 66%] [32mBuilding C object CMakeFiles/scout_msgs__rosidl_typesupport_introspection_c.dir/rosidl_typesupport_introspection_c/scout_msgs/msg/detail/scout_status__type_support.c.o[0m
[6.188s] [ 68%] [32mBuilding CXX object CMakeFiles/scout_msgs__rosidl_typesupport_fastrtps_c.dir/rosidl_typesupport_fastrtps_c/scout_msgs/msg/detail/scout_light_state__type_support_c.cpp.o[0m
[6.264s] [ 69%] [32mBuilding CXX object CMakeFiles/scout_msgs__rosidl_typesupport_fastrtps_c.dir/rosidl_typesupport_fastrtps_c/scout_msgs/msg/detail/scout_rc_state__type_support_c.cpp.o[0m
[6.354s] [ 71%] [32m[1mLinking C shared library libscout_msgs__rosidl_typesupport_introspection_c.so[0m
[6.403s] [ 73%] [32mBuilding CXX object CMakeFiles/scout_msgs__rosidl_typesupport_fastrtps_c.dir/rosidl_typesupport_fastrtps_c/scout_msgs/msg/detail/scout_status__type_support_c.cpp.o[0m
[6.471s] [ 74%] [32mBuilding CXX object CMakeFiles/scout_msgs__rosidl_typesupport_fastrtps_cpp.dir/rosidl_typesupport_fastrtps_cpp/scout_msgs/msg/detail/dds_fastrtps/scout_status__type_support.cpp.o[0m
[6.475s] [ 74%] Built target scout_msgs__rosidl_typesupport_introspection_c
[6.608s] [ 76%] [32m[1mLinking CXX shared library libscout_msgs__rosidl_typesupport_introspection_cpp.so[0m
[6.923s] [ 76%] Built target scout_msgs__rosidl_typesupport_introspection_cpp
[7.211s] [ 77%] [32m[1mLinking CXX shared library libscout_msgs__rosidl_typesupport_fastrtps_cpp.so[0m
[7.302s] [ 79%] [32m[1mLinking CXX shared library libscout_msgs__rosidl_typesupport_fastrtps_c.so[0m
[7.350s] [ 79%] Built target scout_msgs__rosidl_typesupport_fastrtps_cpp
[7.442s] [ 79%] Built target scout_msgs__rosidl_typesupport_fastrtps_c
[7.474s] [ 79%] Built target scout_msgs
[7.509s] [ 80%] [34m[1mGenerating Python code for ROS interfaces[0m
[9.235s] [ 80%] Built target scout_msgs__py
[9.259s] [ 82%] [32mBuilding C object CMakeFiles/scout_msgs__rosidl_generator_py.dir/rosidl_generator_py/scout_msgs/msg/_scout_rc_state_s.c.o[0m
[9.260s] [ 85%] [32mBuilding C object CMakeFiles/scout_msgs__rosidl_generator_py.dir/rosidl_generator_py/scout_msgs/msg/_scout_actuator_state_s.c.o[0m
[9.260s] [ 85%] [32mBuilding C object CMakeFiles/scout_msgs__rosidl_generator_py.dir/rosidl_generator_py/scout_msgs/msg/_scout_light_cmd_s.c.o[0m
[9.260s] [ 87%] [32mBuilding C object CMakeFiles/scout_msgs__rosidl_generator_py.dir/rosidl_generator_py/scout_msgs/msg/_scout_status_s.c.o[0m
[9.261s] [ 88%] [32mBuilding C object CMakeFiles/scout_msgs__rosidl_generator_py.dir/rosidl_generator_py/scout_msgs/msg/_scout_light_state_s.c.o[0m
[9.426s] [ 90%] [32m[1mLinking C shared library rosidl_generator_py/scout_msgs/libscout_msgs__rosidl_generator_py.so[0m
[9.476s] [ 90%] Built target scout_msgs__rosidl_generator_py
[9.498s] [ 92%] [32mBuilding C object CMakeFiles/scout_msgs__rosidl_typesupport_fastrtps_c__pyext.dir/rosidl_generator_py/scout_msgs/_scout_msgs_s.ep.rosidl_typesupport_fastrtps_c.c.o[0m
[9.500s] [ 93%] [32mBuilding C object CMakeFiles/scout_msgs__rosidl_typesupport_introspection_c__pyext.dir/rosidl_generator_py/scout_msgs/_scout_msgs_s.ep.rosidl_typesupport_introspection_c.c.o[0m
[9.500s] [ 95%] [32mBuilding C object CMakeFiles/scout_msgs__rosidl_typesupport_c__pyext.dir/rosidl_generator_py/scout_msgs/_scout_msgs_s.ep.rosidl_typesupport_c.c.o[0m
[9.614s] [ 96%] [32m[1mLinking C shared library rosidl_generator_py/scout_msgs/scout_msgs_s__rosidl_typesupport_introspection_c.cpython-310-x86_64-linux-gnu.so[0m
[9.620s] [ 98%] [32m[1mLinking C shared library rosidl_generator_py/scout_msgs/scout_msgs_s__rosidl_typesupport_c.cpython-310-x86_64-linux-gnu.so[0m
[9.636s] [100%] [32m[1mLinking C shared library rosidl_generator_py/scout_msgs/scout_msgs_s__rosidl_typesupport_fastrtps_c.cpython-310-x86_64-linux-gnu.so[0m
[9.654s] [100%] Built target scout_msgs__rosidl_typesupport_introspection_c__pyext
[9.656s] [100%] Built target scout_msgs__rosidl_typesupport_c__pyext
[9.671s] [100%] Built target scout_msgs__rosidl_typesupport_fastrtps_c__pyext
[9.682s] Invoked command in '/home/rafael/ros2_ws/src/build/scout_msgs' returned '0': CMAKE_PREFIX_PATH=/opt/ros/humble:${CMAKE_PREFIX_PATH} /usr/bin/cmake --build /home/rafael/ros2_ws/src/build/scout_msgs -- -j12 -l12
[9.834s] Invoking command in '/home/rafael/ros2_ws/src/build/scout_msgs': CMAKE_PREFIX_PATH=/opt/ros/humble:${CMAKE_PREFIX_PATH} /usr/bin/cmake --install /home/rafael/ros2_ws/src/build/scout_msgs
[9.842s] -- Install configuration: ""
[9.842s] -- Execute custom install script
[9.842s] -- Symlinking: /home/rafael/ros2_ws/src/install/scout_msgs/share/ament_index/resource_index/rosidl_interfaces/scout_msgs
[9.851s] -- Symlinking: /home/rafael/ros2_ws/src/install/scout_msgs/include/scout_msgs/scout_msgs/msg/detail/scout_actuator_state__functions.h
[9.858s] -- Symlinking: /home/rafael/ros2_ws/src/install/scout_msgs/include/scout_msgs/scout_msgs/msg/detail/scout_actuator_state__struct.h
[9.865s] -- Symlinking: /home/rafael/ros2_ws/src/install/scout_msgs/include/scout_msgs/scout_msgs/msg/detail/scout_actuator_state__type_support.h
[9.872s] -- Symlinking: /home/rafael/ros2_ws/src/install/scout_msgs/include/scout_msgs/scout_msgs/msg/detail/scout_light_cmd__functions.h
[9.880s] -- Symlinking: /home/rafael/ros2_ws/src/install/scout_msgs/include/scout_msgs/scout_msgs/msg/detail/scout_light_cmd__struct.h
[9.889s] -- Symlinking: /home/rafael/ros2_ws/src/install/scout_msgs/include/scout_msgs/scout_msgs/msg/detail/scout_light_cmd__type_support.h
[9.897s] -- Symlinking: /home/rafael/ros2_ws/src/install/scout_msgs/include/scout_msgs/scout_msgs/msg/detail/scout_light_state__functions.h
[9.904s] -- Symlinking: /home/rafael/ros2_ws/src/install/scout_msgs/include/scout_msgs/scout_msgs/msg/detail/scout_light_state__struct.h
[9.912s] -- Symlinking: /home/rafael/ros2_ws/src/install/scout_msgs/include/scout_msgs/scout_msgs/msg/detail/scout_light_state__type_support.h
[9.919s] -- Symlinking: /home/rafael/ros2_ws/src/install/scout_msgs/include/scout_msgs/scout_msgs/msg/detail/scout_rc_state__functions.h
[9.926s] -- Symlinking: /home/rafael/ros2_ws/src/install/scout_msgs/include/scout_msgs/scout_msgs/msg/detail/scout_rc_state__struct.h
[9.935s] -- Symlinking: /home/rafael/ros2_ws/src/install/scout_msgs/include/scout_msgs/scout_msgs/msg/detail/scout_rc_state__type_support.h
[9.943s] -- Symlinking: /home/rafael/ros2_ws/src/install/scout_msgs/include/scout_msgs/scout_msgs/msg/detail/scout_status__functions.h
[9.951s] -- Symlinking: /home/rafael/ros2_ws/src/install/scout_msgs/include/scout_msgs/scout_msgs/msg/detail/scout_status__struct.h
[9.958s] -- Symlinking: /home/rafael/ros2_ws/src/install/scout_msgs/include/scout_msgs/scout_msgs/msg/detail/scout_status__type_support.h
[9.965s] -- Symlinking: /home/rafael/ros2_ws/src/install/scout_msgs/include/scout_msgs/scout_msgs/msg/rosidl_generator_c__visibility_control.h
[9.973s] -- Symlinking: /home/rafael/ros2_ws/src/install/scout_msgs/include/scout_msgs/scout_msgs/msg/scout_actuator_state.h
[9.981s] -- Symlinking: /home/rafael/ros2_ws/src/install/scout_msgs/include/scout_msgs/scout_msgs/msg/scout_light_cmd.h
[9.988s] -- Symlinking: /home/rafael/ros2_ws/src/install/scout_msgs/include/scout_msgs/scout_msgs/msg/scout_light_state.h
[9.996s] -- Symlinking: /home/rafael/ros2_ws/src/install/scout_msgs/include/scout_msgs/scout_msgs/msg/scout_rc_state.h
[10.003s] -- Symlinking: /home/rafael/ros2_ws/src/install/scout_msgs/include/scout_msgs/scout_msgs/msg/scout_status.h
[10.010s] -- Symlinking: /home/rafael/ros2_ws/src/install/scout_msgs/share/scout_msgs/environment/library_path.sh
[10.017s] -- Symlinking: /home/rafael/ros2_ws/src/install/scout_msgs/share/scout_msgs/environment/library_path.dsv
[10.025s] -- Symlinking: /home/rafael/ros2_ws/src/install/scout_msgs/include/scout_msgs/scout_msgs/msg/detail/scout_actuator_state__rosidl_typesupport_fastrtps_c.h
[10.032s] -- Symlinking: /home/rafael/ros2_ws/src/install/scout_msgs/include/scout_msgs/scout_msgs/msg/detail/scout_light_cmd__rosidl_typesupport_fastrtps_c.h
[10.040s] -- Symlinking: /home/rafael/ros2_ws/src/install/scout_msgs/include/scout_msgs/scout_msgs/msg/detail/scout_light_state__rosidl_typesupport_fastrtps_c.h
[10.048s] -- Symlinking: /home/rafael/ros2_ws/src/install/scout_msgs/include/scout_msgs/scout_msgs/msg/detail/scout_rc_state__rosidl_typesupport_fastrtps_c.h
[10.056s] -- Symlinking: /home/rafael/ros2_ws/src/install/scout_msgs/include/scout_msgs/scout_msgs/msg/detail/scout_status__rosidl_typesupport_fastrtps_c.h
[10.063s] -- Symlinking: /home/rafael/ros2_ws/src/install/scout_msgs/include/scout_msgs/scout_msgs/msg/rosidl_typesupport_fastrtps_c__visibility_control.h
[10.072s] -- Symlinking: /home/rafael/ros2_ws/src/install/scout_msgs/include/scout_msgs/scout_msgs/msg/detail/scout_actuator_state__builder.hpp
[10.081s] -- Symlinking: /home/rafael/ros2_ws/src/install/scout_msgs/include/scout_msgs/scout_msgs/msg/detail/scout_actuator_state__struct.hpp
[10.089s] -- Symlinking: /home/rafael/ros2_ws/src/install/scout_msgs/include/scout_msgs/scout_msgs/msg/detail/scout_actuator_state__traits.hpp
[10.098s] -- Symlinking: /home/rafael/ros2_ws/src/install/scout_msgs/include/scout_msgs/scout_msgs/msg/detail/scout_light_cmd__builder.hpp
[10.107s] -- Symlinking: /home/rafael/ros2_ws/src/install/scout_msgs/include/scout_msgs/scout_msgs/msg/detail/scout_light_cmd__struct.hpp
[10.115s] -- Symlinking: /home/rafael/ros2_ws/src/install/scout_msgs/include/scout_msgs/scout_msgs/msg/detail/scout_light_cmd__traits.hpp
[10.123s] -- Symlinking: /home/rafael/ros2_ws/src/install/scout_msgs/include/scout_msgs/scout_msgs/msg/detail/scout_light_state__builder.hpp
[10.132s] -- Symlinking: /home/rafael/ros2_ws/src/install/scout_msgs/include/scout_msgs/scout_msgs/msg/detail/scout_light_state__struct.hpp
[10.141s] -- Symlinking: /home/rafael/ros2_ws/src/install/scout_msgs/include/scout_msgs/scout_msgs/msg/detail/scout_light_state__traits.hpp
[10.150s] -- Symlinking: /home/rafael/ros2_ws/src/install/scout_msgs/include/scout_msgs/scout_msgs/msg/detail/scout_rc_state__builder.hpp
[10.160s] -- Symlinking: /home/rafael/ros2_ws/src/install/scout_msgs/include/scout_msgs/scout_msgs/msg/detail/scout_rc_state__struct.hpp
[10.168s] -- Symlinking: /home/rafael/ros2_ws/src/install/scout_msgs/include/scout_msgs/scout_msgs/msg/detail/scout_rc_state__traits.hpp
[10.177s] -- Symlinking: /home/rafael/ros2_ws/src/install/scout_msgs/include/scout_msgs/scout_msgs/msg/detail/scout_status__builder.hpp
[10.185s] -- Symlinking: /home/rafael/ros2_ws/src/install/scout_msgs/include/scout_msgs/scout_msgs/msg/detail/scout_status__struct.hpp
[10.194s] -- Symlinking: /home/rafael/ros2_ws/src/install/scout_msgs/include/scout_msgs/scout_msgs/msg/detail/scout_status__traits.hpp
[10.203s] -- Symlinking: /home/rafael/ros2_ws/src/install/scout_msgs/include/scout_msgs/scout_msgs/msg/scout_actuator_state.hpp
[10.211s] -- Symlinking: /home/rafael/ros2_ws/src/install/scout_msgs/include/scout_msgs/scout_msgs/msg/scout_light_cmd.hpp
[10.219s] -- Symlinking: /home/rafael/ros2_ws/src/install/scout_msgs/include/scout_msgs/scout_msgs/msg/scout_light_state.hpp
[10.228s] -- Symlinking: /home/rafael/ros2_ws/src/install/scout_msgs/include/scout_msgs/scout_msgs/msg/scout_rc_state.hpp
[10.237s] -- Symlinking: /home/rafael/ros2_ws/src/install/scout_msgs/include/scout_msgs/scout_msgs/msg/scout_status.hpp
[10.247s] -- Symlinking: /home/rafael/ros2_ws/src/install/scout_msgs/include/scout_msgs/scout_msgs/msg/detail/scout_actuator_state__rosidl_typesupport_fastrtps_cpp.hpp
[10.256s] -- Symlinking: /home/rafael/ros2_ws/src/install/scout_msgs/include/scout_msgs/scout_msgs/msg/detail/scout_light_cmd__rosidl_typesupport_fastrtps_cpp.hpp
[10.264s] -- Symlinking: /home/rafael/ros2_ws/src/install/scout_msgs/include/scout_msgs/scout_msgs/msg/detail/scout_light_state__rosidl_typesupport_fastrtps_cpp.hpp
[10.272s] -- Symlinking: /home/rafael/ros2_ws/src/install/scout_msgs/include/scout_msgs/scout_msgs/msg/detail/scout_rc_state__rosidl_typesupport_fastrtps_cpp.hpp
[10.281s] -- Symlinking: /home/rafael/ros2_ws/src/install/scout_msgs/include/scout_msgs/scout_msgs/msg/detail/scout_status__rosidl_typesupport_fastrtps_cpp.hpp
[10.289s] -- Symlinking: /home/rafael/ros2_ws/src/install/scout_msgs/include/scout_msgs/scout_msgs/msg/rosidl_typesupport_fastrtps_cpp__visibility_control.h
[10.299s] -- Symlinking: /home/rafael/ros2_ws/src/install/scout_msgs/include/scout_msgs/scout_msgs/msg/detail/scout_actuator_state__rosidl_typesupport_introspection_c.h
[10.306s] -- Symlinking: /home/rafael/ros2_ws/src/install/scout_msgs/include/scout_msgs/scout_msgs/msg/detail/scout_light_cmd__rosidl_typesupport_introspection_c.h
[10.316s] -- Symlinking: /home/rafael/ros2_ws/src/install/scout_msgs/include/scout_msgs/scout_msgs/msg/detail/scout_light_state__rosidl_typesupport_introspection_c.h
[10.324s] -- Symlinking: /home/rafael/ros2_ws/src/install/scout_msgs/include/scout_msgs/scout_msgs/msg/detail/scout_rc_state__rosidl_typesupport_introspection_c.h
[10.332s] -- Symlinking: /home/rafael/ros2_ws/src/install/scout_msgs/include/scout_msgs/scout_msgs/msg/detail/scout_status__rosidl_typesupport_introspection_c.h
[10.341s] -- Symlinking: /home/rafael/ros2_ws/src/install/scout_msgs/include/scout_msgs/scout_msgs/msg/rosidl_typesupport_introspection_c__visibility_control.h
[10.351s] -- Symlinking: /home/rafael/ros2_ws/src/install/scout_msgs/include/scout_msgs/scout_msgs/msg/detail/scout_actuator_state__rosidl_typesupport_introspection_cpp.hpp
[10.360s] -- Symlinking: /home/rafael/ros2_ws/src/install/scout_msgs/include/scout_msgs/scout_msgs/msg/detail/scout_light_cmd__rosidl_typesupport_introspection_cpp.hpp
[10.369s] -- Symlinking: /home/rafael/ros2_ws/src/install/scout_msgs/include/scout_msgs/scout_msgs/msg/detail/scout_light_state__rosidl_typesupport_introspection_cpp.hpp
[10.378s] -- Symlinking: /home/rafael/ros2_ws/src/install/scout_msgs/include/scout_msgs/scout_msgs/msg/detail/scout_rc_state__rosidl_typesupport_introspection_cpp.hpp
[10.386s] -- Symlinking: /home/rafael/ros2_ws/src/install/scout_msgs/include/scout_msgs/scout_msgs/msg/detail/scout_status__rosidl_typesupport_introspection_cpp.hpp
[10.395s] -- Symlinking: /home/rafael/ros2_ws/src/install/scout_msgs/share/scout_msgs/environment/pythonpath.sh
[10.403s] -- Symlinking: /home/rafael/ros2_ws/src/install/scout_msgs/share/scout_msgs/environment/pythonpath.dsv
[10.412s] -- Symlinking: /home/rafael/ros2_ws/src/install/scout_msgs/local/lib/python3.10/dist-packages/scout_msgs-0.1.0-py3.10.egg-info/PKG-INFO
[10.420s] -- Symlinking: /home/rafael/ros2_ws/src/install/scout_msgs/local/lib/python3.10/dist-packages/scout_msgs-0.1.0-py3.10.egg-info/SOURCES.txt
[10.428s] -- Symlinking: /home/rafael/ros2_ws/src/install/scout_msgs/local/lib/python3.10/dist-packages/scout_msgs-0.1.0-py3.10.egg-info/dependency_links.txt
[10.437s] -- Symlinking: /home/rafael/ros2_ws/src/install/scout_msgs/local/lib/python3.10/dist-packages/scout_msgs-0.1.0-py3.10.egg-info/top_level.txt
[10.446s] -- Symlinking: /home/rafael/ros2_ws/src/install/scout_msgs/local/lib/python3.10/dist-packages/scout_msgs/__init__.py
[10.455s] -- Symlinking: /home/rafael/ros2_ws/src/install/scout_msgs/local/lib/python3.10/dist-packages/scout_msgs/_scout_msgs_s.ep.rosidl_typesupport_c.c
[10.464s] -- Symlinking: /home/rafael/ros2_ws/src/install/scout_msgs/local/lib/python3.10/dist-packages/scout_msgs/_scout_msgs_s.ep.rosidl_typesupport_fastrtps_c.c
[10.472s] -- Symlinking: /home/rafael/ros2_ws/src/install/scout_msgs/local/lib/python3.10/dist-packages/scout_msgs/_scout_msgs_s.ep.rosidl_typesupport_introspection_c.c
[10.480s] -- Symlinking: /home/rafael/ros2_ws/src/install/scout_msgs/local/lib/python3.10/dist-packages/scout_msgs/libscout_msgs__rosidl_generator_py.so
[10.489s] -- Symlinking: /home/rafael/ros2_ws/src/install/scout_msgs/local/lib/python3.10/dist-packages/scout_msgs/msg/__init__.py
[10.499s] -- Symlinking: /home/rafael/ros2_ws/src/install/scout_msgs/local/lib/python3.10/dist-packages/scout_msgs/msg/_scout_actuator_state.py
[10.508s] -- Symlinking: /home/rafael/ros2_ws/src/install/scout_msgs/local/lib/python3.10/dist-packages/scout_msgs/msg/_scout_actuator_state_s.c
[10.516s] -- Symlinking: /home/rafael/ros2_ws/src/install/scout_msgs/local/lib/python3.10/dist-packages/scout_msgs/msg/_scout_light_cmd.py
[10.524s] -- Symlinking: /home/rafael/ros2_ws/src/install/scout_msgs/local/lib/python3.10/dist-packages/scout_msgs/msg/_scout_light_cmd_s.c
[10.532s] -- Symlinking: /home/rafael/ros2_ws/src/install/scout_msgs/local/lib/python3.10/dist-packages/scout_msgs/msg/_scout_light_state.py
[10.542s] -- Symlinking: /home/rafael/ros2_ws/src/install/scout_msgs/local/lib/python3.10/dist-packages/scout_msgs/msg/_scout_light_state_s.c
[10.551s] -- Symlinking: /home/rafael/ros2_ws/src/install/scout_msgs/local/lib/python3.10/dist-packages/scout_msgs/msg/_scout_rc_state.py
[10.560s] -- Symlinking: /home/rafael/ros2_ws/src/install/scout_msgs/local/lib/python3.10/dist-packages/scout_msgs/msg/_scout_rc_state_s.c
[10.568s] -- Symlinking: /home/rafael/ros2_ws/src/install/scout_msgs/local/lib/python3.10/dist-packages/scout_msgs/msg/_scout_status.py
[10.576s] -- Symlinking: /home/rafael/ros2_ws/src/install/scout_msgs/local/lib/python3.10/dist-packages/scout_msgs/msg/_scout_status_s.c
[10.585s] -- Symlinking: /home/rafael/ros2_ws/src/install/scout_msgs/local/lib/python3.10/dist-packages/scout_msgs/scout_msgs_s__rosidl_typesupport_c.cpython-310-x86_64-linux-gnu.so
[10.593s] -- Symlinking: /home/rafael/ros2_ws/src/install/scout_msgs/local/lib/python3.10/dist-packages/scout_msgs/scout_msgs_s__rosidl_typesupport_fastrtps_c.cpython-310-x86_64-linux-gnu.so
[10.601s] -- Symlinking: /home/rafael/ros2_ws/src/install/scout_msgs/local/lib/python3.10/dist-packages/scout_msgs/scout_msgs_s__rosidl_typesupport_introspection_c.cpython-310-x86_64-linux-gnu.so
[10.610s] -- Up-to-date symlink: /home/rafael/ros2_ws/src/install/scout_msgs/local/lib/python3.10/dist-packages/scout_msgs/scout_msgs_s__rosidl_typesupport_fastrtps_c.cpython-310-x86_64-linux-gnu.so
[10.610s] -- Up-to-date symlink: /home/rafael/ros2_ws/src/install/scout_msgs/local/lib/python3.10/dist-packages/scout_msgs/scout_msgs_s__rosidl_typesupport_introspection_c.cpython-310-x86_64-linux-gnu.so
[10.611s] -- Up-to-date symlink: /home/rafael/ros2_ws/src/install/scout_msgs/local/lib/python3.10/dist-packages/scout_msgs/scout_msgs_s__rosidl_typesupport_c.cpython-310-x86_64-linux-gnu.so
[10.611s] -- Symlinking: /home/rafael/ros2_ws/src/install/scout_msgs/share/scout_msgs/msg/ScoutActuatorState.idl
[10.620s] -- Symlinking: /home/rafael/ros2_ws/src/install/scout_msgs/share/scout_msgs/msg/ScoutLightCmd.idl
[10.629s] -- Symlinking: /home/rafael/ros2_ws/src/install/scout_msgs/share/scout_msgs/msg/ScoutLightState.idl
[10.638s] -- Symlinking: /home/rafael/ros2_ws/src/install/scout_msgs/share/scout_msgs/msg/ScoutRCState.idl
[10.648s] -- Symlinking: /home/rafael/ros2_ws/src/install/scout_msgs/share/scout_msgs/msg/ScoutStatus.idl
[10.656s] -- Symlinking: /home/rafael/ros2_ws/src/install/scout_msgs/share/scout_msgs/msg/ScoutActuatorState.msg
[10.665s] -- Symlinking: /home/rafael/ros2_ws/src/install/scout_msgs/share/scout_msgs/msg/ScoutLightCmd.msg
[10.673s] -- Symlinking: /home/rafael/ros2_ws/src/install/scout_msgs/share/scout_msgs/msg/ScoutLightState.msg
[10.681s] -- Symlinking: /home/rafael/ros2_ws/src/install/scout_msgs/share/scout_msgs/msg/ScoutRCState.msg
[10.690s] -- Symlinking: /home/rafael/ros2_ws/src/install/scout_msgs/share/scout_msgs/msg/ScoutStatus.msg
[10.698s] -- Symlinking: /home/rafael/ros2_ws/src/install/scout_msgs/share/ament_index/resource_index/package_run_dependencies/scout_msgs
[10.707s] -- Symlinking: /home/rafael/ros2_ws/src/install/scout_msgs/share/ament_index/resource_index/parent_prefix_path/scout_msgs
[10.716s] -- Symlinking: /home/rafael/ros2_ws/src/install/scout_msgs/share/scout_msgs/environment/ament_prefix_path.sh
[10.724s] -- Symlinking: /home/rafael/ros2_ws/src/install/scout_msgs/share/scout_msgs/environment/ament_prefix_path.dsv
[10.733s] -- Symlinking: /home/rafael/ros2_ws/src/install/scout_msgs/share/scout_msgs/environment/path.sh
[10.742s] -- Symlinking: /home/rafael/ros2_ws/src/install/scout_msgs/share/scout_msgs/environment/path.dsv
[10.751s] -- Symlinking: /home/rafael/ros2_ws/src/install/scout_msgs/share/scout_msgs/local_setup.bash
[10.759s] -- Symlinking: /home/rafael/ros2_ws/src/install/scout_msgs/share/scout_msgs/local_setup.sh
[10.767s] -- Symlinking: /home/rafael/ros2_ws/src/install/scout_msgs/share/scout_msgs/local_setup.zsh
[10.776s] -- Symlinking: /home/rafael/ros2_ws/src/install/scout_msgs/share/scout_msgs/local_setup.dsv
[10.785s] -- Symlinking: /home/rafael/ros2_ws/src/install/scout_msgs/share/scout_msgs/package.dsv
[10.793s] -- Symlinking: /home/rafael/ros2_ws/src/install/scout_msgs/share/ament_index/resource_index/packages/scout_msgs
[10.802s] -- Symlinking: /home/rafael/ros2_ws/src/install/scout_msgs/share/scout_msgs/cmake/rosidl_cmake-extras.cmake
[10.810s] -- Symlinking: /home/rafael/ros2_ws/src/install/scout_msgs/share/scout_msgs/cmake/ament_cmake_export_dependencies-extras.cmake
[10.820s] -- Symlinking: /home/rafael/ros2_ws/src/install/scout_msgs/share/scout_msgs/cmake/ament_cmake_export_include_directories-extras.cmake
[10.828s] -- Symlinking: /home/rafael/ros2_ws/src/install/scout_msgs/share/scout_msgs/cmake/ament_cmake_export_libraries-extras.cmake
[10.838s] -- Symlinking: /home/rafael/ros2_ws/src/install/scout_msgs/share/scout_msgs/cmake/ament_cmake_export_targets-extras.cmake
[10.847s] -- Symlinking: /home/rafael/ros2_ws/src/install/scout_msgs/share/scout_msgs/cmake/rosidl_cmake_export_typesupport_targets-extras.cmake
[10.855s] -- Symlinking: /home/rafael/ros2_ws/src/install/scout_msgs/share/scout_msgs/cmake/rosidl_cmake_export_typesupport_libraries-extras.cmake
[10.864s] -- Symlinking: /home/rafael/ros2_ws/src/install/scout_msgs/share/scout_msgs/cmake/scout_msgsConfig.cmake
[10.872s] -- Symlinking: /home/rafael/ros2_ws/src/install/scout_msgs/share/scout_msgs/cmake/scout_msgsConfig-version.cmake
[10.881s] -- Symlinking: /home/rafael/ros2_ws/src/install/scout_msgs/share/scout_msgs/package.xml
[10.889s] -- Installing: /home/rafael/ros2_ws/src/install/scout_msgs/lib/libscout_msgs__rosidl_generator_c.so
[10.890s] -- Set runtime path of "/home/rafael/ros2_ws/src/install/scout_msgs/lib/libscout_msgs__rosidl_generator_c.so" to ""
[10.890s] -- Installing: /home/rafael/ros2_ws/src/install/scout_msgs/lib/libscout_msgs__rosidl_typesupport_fastrtps_c.so
[10.890s] -- Set runtime path of "/home/rafael/ros2_ws/src/install/scout_msgs/lib/libscout_msgs__rosidl_typesupport_fastrtps_c.so" to ""
[10.891s] -- Installing: /home/rafael/ros2_ws/src/install/scout_msgs/lib/libscout_msgs__rosidl_typesupport_fastrtps_cpp.so
[10.891s] -- Set runtime path of "/home/rafael/ros2_ws/src/install/scout_msgs/lib/libscout_msgs__rosidl_typesupport_fastrtps_cpp.so" to ""
[10.891s] -- Installing: /home/rafael/ros2_ws/src/install/scout_msgs/lib/libscout_msgs__rosidl_typesupport_introspection_c.so
[10.892s] -- Set runtime path of "/home/rafael/ros2_ws/src/install/scout_msgs/lib/libscout_msgs__rosidl_typesupport_introspection_c.so" to ""
[10.892s] -- Installing: /home/rafael/ros2_ws/src/install/scout_msgs/lib/libscout_msgs__rosidl_typesupport_c.so
[10.892s] -- Set runtime path of "/home/rafael/ros2_ws/src/install/scout_msgs/lib/libscout_msgs__rosidl_typesupport_c.so" to ""
[10.892s] -- Installing: /home/rafael/ros2_ws/src/install/scout_msgs/lib/libscout_msgs__rosidl_typesupport_introspection_cpp.so
[10.893s] -- Set runtime path of "/home/rafael/ros2_ws/src/install/scout_msgs/lib/libscout_msgs__rosidl_typesupport_introspection_cpp.so" to ""
[10.893s] -- Installing: /home/rafael/ros2_ws/src/install/scout_msgs/lib/libscout_msgs__rosidl_typesupport_cpp.so
[10.893s] -- Set runtime path of "/home/rafael/ros2_ws/src/install/scout_msgs/lib/libscout_msgs__rosidl_typesupport_cpp.so" to ""
[10.931s] Listing '/home/rafael/ros2_ws/src/install/scout_msgs/local/lib/python3.10/dist-packages/scout_msgs'...
[10.931s] Compiling '/home/rafael/ros2_ws/src/install/scout_msgs/local/lib/python3.10/dist-packages/scout_msgs/__init__.py'...
[10.931s] Listing '/home/rafael/ros2_ws/src/install/scout_msgs/local/lib/python3.10/dist-packages/scout_msgs/msg'...
[10.931s] Compiling '/home/rafael/ros2_ws/src/install/scout_msgs/local/lib/python3.10/dist-packages/scout_msgs/msg/__init__.py'...
[10.931s] Compiling '/home/rafael/ros2_ws/src/install/scout_msgs/local/lib/python3.10/dist-packages/scout_msgs/msg/_scout_actuator_state.py'...
[10.931s] Compiling '/home/rafael/ros2_ws/src/install/scout_msgs/local/lib/python3.10/dist-packages/scout_msgs/msg/_scout_light_cmd.py'...
[10.931s] Compiling '/home/rafael/ros2_ws/src/install/scout_msgs/local/lib/python3.10/dist-packages/scout_msgs/msg/_scout_light_state.py'...
[10.931s] Compiling '/home/rafael/ros2_ws/src/install/scout_msgs/local/lib/python3.10/dist-packages/scout_msgs/msg/_scout_rc_state.py'...
[10.931s] Compiling '/home/rafael/ros2_ws/src/install/scout_msgs/local/lib/python3.10/dist-packages/scout_msgs/msg/_scout_status.py'...
[10.936s] -- Installing: /home/rafael/ros2_ws/src/install/scout_msgs/lib/libscout_msgs__rosidl_generator_py.so
[10.936s] -- Set runtime path of "/home/rafael/ros2_ws/src/install/scout_msgs/lib/libscout_msgs__rosidl_generator_py.so" to ""
[10.936s] -- Installing: /home/rafael/ros2_ws/src/install/scout_msgs/share/scout_msgs/cmake/export_scout_msgs__rosidl_generator_cExport.cmake
[10.937s] -- Installing: /home/rafael/ros2_ws/src/install/scout_msgs/share/scout_msgs/cmake/export_scout_msgs__rosidl_generator_cExport-noconfig.cmake
[10.937s] -- Installing: /home/rafael/ros2_ws/src/install/scout_msgs/share/scout_msgs/cmake/export_scout_msgs__rosidl_typesupport_fastrtps_cExport.cmake
[10.937s] -- Installing: /home/rafael/ros2_ws/src/install/scout_msgs/share/scout_msgs/cmake/export_scout_msgs__rosidl_typesupport_fastrtps_cExport-noconfig.cmake
[10.937s] -- Installing: /home/rafael/ros2_ws/src/install/scout_msgs/share/scout_msgs/cmake/export_scout_msgs__rosidl_generator_cppExport.cmake
[10.937s] -- Installing: /home/rafael/ros2_ws/src/install/scout_msgs/share/scout_msgs/cmake/export_scout_msgs__rosidl_typesupport_fastrtps_cppExport.cmake
[10.937s] -- Installing: /home/rafael/ros2_ws/src/install/scout_msgs/share/scout_msgs/cmake/export_scout_msgs__rosidl_typesupport_fastrtps_cppExport-noconfig.cmake
[10.938s] -- Installing: /home/rafael/ros2_ws/src/install/scout_msgs/share/scout_msgs/cmake/scout_msgs__rosidl_typesupport_introspection_cExport.cmake
[10.938s] -- Installing: /home/rafael/ros2_ws/src/install/scout_msgs/share/scout_msgs/cmake/scout_msgs__rosidl_typesupport_introspection_cExport-noconfig.cmake
[10.938s] -- Installing: /home/rafael/ros2_ws/src/install/scout_msgs/share/scout_msgs/cmake/scout_msgs__rosidl_typesupport_cExport.cmake
[10.938s] -- Installing: /home/rafael/ros2_ws/src/install/scout_msgs/share/scout_msgs/cmake/scout_msgs__rosidl_typesupport_cExport-noconfig.cmake
[10.938s] -- Installing: /home/rafael/ros2_ws/src/install/scout_msgs/share/scout_msgs/cmake/scout_msgs__rosidl_typesupport_introspection_cppExport.cmake
[10.938s] -- Installing: /home/rafael/ros2_ws/src/install/scout_msgs/share/scout_msgs/cmake/scout_msgs__rosidl_typesupport_introspection_cppExport-noconfig.cmake
[10.938s] -- Installing: /home/rafael/ros2_ws/src/install/scout_msgs/share/scout_msgs/cmake/scout_msgs__rosidl_typesupport_cppExport.cmake
[10.939s] -- Installing: /home/rafael/ros2_ws/src/install/scout_msgs/share/scout_msgs/cmake/scout_msgs__rosidl_typesupport_cppExport-noconfig.cmake
[10.939s] -- Installing: /home/rafael/ros2_ws/src/install/scout_msgs/share/scout_msgs/cmake/export_scout_msgs__rosidl_generator_pyExport.cmake
[10.939s] -- Installing: /home/rafael/ros2_ws/src/install/scout_msgs/share/scout_msgs/cmake/export_scout_msgs__rosidl_generator_pyExport-noconfig.cmake
[10.942s] Invoked command in '/home/rafael/ros2_ws/src/build/scout_msgs' returned '0': CMAKE_PREFIX_PATH=/opt/ros/humble:${CMAKE_PREFIX_PATH} /usr/bin/cmake --install /home/rafael/ros2_ws/src/build/scout_msgs
