[0.034s] Invoking command in '/home/rafael/ros2_ws/src/build/scout_msgs': CMAKE_PREFIX_PATH=/opt/ros/humble:${CMAKE_PREFIX_PATH} /usr/bin/cmake --build /home/rafael/ros2_ws/src/build/scout_msgs -- -j12 -l12
[0.077s] [35m[1mConsolidate compiler generated dependencies of target scout_msgs__rosidl_generator_c[0m
[0.091s] [  1%] Built target scout_msgs__cpp
[0.094s] [ 12%] Built target scout_msgs__rosidl_generator_c
[0.095s] [ 12%] Built target ament_cmake_python_symlink_scout_msgs
[0.106s] [35m[1mConsolidate compiler generated dependencies of target scout_msgs__rosidl_typesupport_fastrtps_cpp[0m
[0.107s] [35m[1mConsolidate compiler generated dependencies of target scout_msgs__rosidl_typesupport_cpp[0m
[0.107s] [35m[1mConsolidate compiler generated dependencies of target scout_msgs__rosidl_typesupport_introspection_cpp[0m
[0.112s] [35m[1mConsolidate compiler generated dependencies of target scout_msgs__rosidl_typesupport_fastrtps_c[0m
[0.112s] [35m[1mConsolidate compiler generated dependencies of target scout_msgs__rosidl_typesupport_introspection_c[0m
[0.114s] [35m[1mConsolidate compiler generated dependencies of target scout_msgs__rosidl_typesupport_c[0m
[0.137s] [ 25%] Built target scout_msgs__rosidl_typesupport_cpp
[0.137s] [ 34%] Built target scout_msgs__rosidl_typesupport_c
[0.138s] [ 46%] Built target scout_msgs__rosidl_typesupport_introspection_c
[0.138s] [ 57%] Built target scout_msgs__rosidl_typesupport_fastrtps_cpp
[0.138s] [ 68%] Built target scout_msgs__rosidl_typesupport_introspection_cpp
[0.140s] [ 79%] Built target scout_msgs__rosidl_typesupport_fastrtps_c
[0.198s] [ 79%] Built target scout_msgs
[0.206s] [ 80%] Built target scout_msgs__py
[0.220s] [35m[1mConsolidate compiler generated dependencies of target scout_msgs__rosidl_generator_py[0m
[0.242s] [ 90%] Built target scout_msgs__rosidl_generator_py
[0.253s] [35m[1mConsolidate compiler generated dependencies of target scout_msgs__rosidl_typesupport_introspection_c__pyext[0m
[0.256s] [35m[1mConsolidate compiler generated dependencies of target scout_msgs__rosidl_typesupport_fastrtps_c__pyext[0m
[0.257s] [35m[1mConsolidate compiler generated dependencies of target scout_msgs__rosidl_typesupport_c__pyext[0m
[0.272s] [ 93%] Built target scout_msgs__rosidl_typesupport_fastrtps_c__pyext
[0.273s] [ 96%] Built target scout_msgs__rosidl_typesupport_c__pyext
[0.273s] [100%] Built target scout_msgs__rosidl_typesupport_introspection_c__pyext
[0.423s] running egg_info
[0.423s] writing scout_msgs.egg-info/PKG-INFO
[0.424s] writing dependency_links to scout_msgs.egg-info/dependency_links.txt
[0.424s] writing top-level names to scout_msgs.egg-info/top_level.txt
[0.426s] reading manifest file 'scout_msgs.egg-info/SOURCES.txt'
[0.427s] writing manifest file 'scout_msgs.egg-info/SOURCES.txt'
[0.452s] [100%] Built target ament_cmake_python_build_scout_msgs_egg
[0.464s] Invoked command in '/home/rafael/ros2_ws/src/build/scout_msgs' returned '0': CMAKE_PREFIX_PATH=/opt/ros/humble:${CMAKE_PREFIX_PATH} /usr/bin/cmake --build /home/rafael/ros2_ws/src/build/scout_msgs -- -j12 -l12
[0.619s] Invoking command in '/home/rafael/ros2_ws/src/build/scout_msgs': CMAKE_PREFIX_PATH=/opt/ros/humble:${CMAKE_PREFIX_PATH} /usr/bin/cmake --install /home/rafael/ros2_ws/src/build/scout_msgs
[0.627s] -- Install configuration: ""
[0.628s] -- Execute custom install script
[0.628s] -- Up-to-date symlink: /home/rafael/ros2_ws/src/install/scout_msgs/share/ament_index/resource_index/rosidl_interfaces/scout_msgs
[0.628s] -- Up-to-date symlink: /home/rafael/ros2_ws/src/install/scout_msgs/include/scout_msgs/scout_msgs/msg/detail/scout_actuator_state__functions.h
[0.629s] -- Up-to-date symlink: /home/rafael/ros2_ws/src/install/scout_msgs/include/scout_msgs/scout_msgs/msg/detail/scout_actuator_state__struct.h
[0.629s] -- Up-to-date symlink: /home/rafael/ros2_ws/src/install/scout_msgs/include/scout_msgs/scout_msgs/msg/detail/scout_actuator_state__type_support.h
[0.629s] -- Up-to-date symlink: /home/rafael/ros2_ws/src/install/scout_msgs/include/scout_msgs/scout_msgs/msg/detail/scout_light_cmd__functions.h
[0.629s] -- Up-to-date symlink: /home/rafael/ros2_ws/src/install/scout_msgs/include/scout_msgs/scout_msgs/msg/detail/scout_light_cmd__struct.h
[0.629s] -- Up-to-date symlink: /home/rafael/ros2_ws/src/install/scout_msgs/include/scout_msgs/scout_msgs/msg/detail/scout_light_cmd__type_support.h
[0.630s] -- Up-to-date symlink: /home/rafael/ros2_ws/src/install/scout_msgs/include/scout_msgs/scout_msgs/msg/detail/scout_light_state__functions.h
[0.630s] -- Up-to-date symlink: /home/rafael/ros2_ws/src/install/scout_msgs/include/scout_msgs/scout_msgs/msg/detail/scout_light_state__struct.h
[0.630s] -- Up-to-date symlink: /home/rafael/ros2_ws/src/install/scout_msgs/include/scout_msgs/scout_msgs/msg/detail/scout_light_state__type_support.h
[0.630s] -- Up-to-date symlink: /home/rafael/ros2_ws/src/install/scout_msgs/include/scout_msgs/scout_msgs/msg/detail/scout_rc_state__functions.h
[0.631s] -- Up-to-date symlink: /home/rafael/ros2_ws/src/install/scout_msgs/include/scout_msgs/scout_msgs/msg/detail/scout_rc_state__struct.h
[0.631s] -- Up-to-date symlink: /home/rafael/ros2_ws/src/install/scout_msgs/include/scout_msgs/scout_msgs/msg/detail/scout_rc_state__type_support.h
[0.631s] -- Up-to-date symlink: /home/rafael/ros2_ws/src/install/scout_msgs/include/scout_msgs/scout_msgs/msg/detail/scout_status__functions.h
[0.631s] -- Up-to-date symlink: /home/rafael/ros2_ws/src/install/scout_msgs/include/scout_msgs/scout_msgs/msg/detail/scout_status__struct.h
[0.631s] -- Up-to-date symlink: /home/rafael/ros2_ws/src/install/scout_msgs/include/scout_msgs/scout_msgs/msg/detail/scout_status__type_support.h
[0.631s] -- Up-to-date symlink: /home/rafael/ros2_ws/src/install/scout_msgs/include/scout_msgs/scout_msgs/msg/rosidl_generator_c__visibility_control.h
[0.631s] -- Up-to-date symlink: /home/rafael/ros2_ws/src/install/scout_msgs/include/scout_msgs/scout_msgs/msg/scout_actuator_state.h
[0.631s] -- Up-to-date symlink: /home/rafael/ros2_ws/src/install/scout_msgs/include/scout_msgs/scout_msgs/msg/scout_light_cmd.h
[0.632s] -- Up-to-date symlink: /home/rafael/ros2_ws/src/install/scout_msgs/include/scout_msgs/scout_msgs/msg/scout_light_state.h
[0.632s] -- Up-to-date symlink: /home/rafael/ros2_ws/src/install/scout_msgs/include/scout_msgs/scout_msgs/msg/scout_rc_state.h
[0.632s] -- Up-to-date symlink: /home/rafael/ros2_ws/src/install/scout_msgs/include/scout_msgs/scout_msgs/msg/scout_status.h
[0.632s] -- Up-to-date symlink: /home/rafael/ros2_ws/src/install/scout_msgs/share/scout_msgs/environment/library_path.sh
[0.632s] -- Up-to-date symlink: /home/rafael/ros2_ws/src/install/scout_msgs/share/scout_msgs/environment/library_path.dsv
[0.633s] -- Up-to-date symlink: /home/rafael/ros2_ws/src/install/scout_msgs/include/scout_msgs/scout_msgs/msg/detail/scout_actuator_state__rosidl_typesupport_fastrtps_c.h
[0.633s] -- Up-to-date symlink: /home/rafael/ros2_ws/src/install/scout_msgs/include/scout_msgs/scout_msgs/msg/detail/scout_light_cmd__rosidl_typesupport_fastrtps_c.h
[0.633s] -- Up-to-date symlink: /home/rafael/ros2_ws/src/install/scout_msgs/include/scout_msgs/scout_msgs/msg/detail/scout_light_state__rosidl_typesupport_fastrtps_c.h
[0.633s] -- Up-to-date symlink: /home/rafael/ros2_ws/src/install/scout_msgs/include/scout_msgs/scout_msgs/msg/detail/scout_rc_state__rosidl_typesupport_fastrtps_c.h
[0.633s] -- Up-to-date symlink: /home/rafael/ros2_ws/src/install/scout_msgs/include/scout_msgs/scout_msgs/msg/detail/scout_status__rosidl_typesupport_fastrtps_c.h
[0.634s] -- Up-to-date symlink: /home/rafael/ros2_ws/src/install/scout_msgs/include/scout_msgs/scout_msgs/msg/rosidl_typesupport_fastrtps_c__visibility_control.h
[0.634s] -- Up-to-date symlink: /home/rafael/ros2_ws/src/install/scout_msgs/include/scout_msgs/scout_msgs/msg/detail/scout_actuator_state__builder.hpp
[0.634s] -- Up-to-date symlink: /home/rafael/ros2_ws/src/install/scout_msgs/include/scout_msgs/scout_msgs/msg/detail/scout_actuator_state__struct.hpp
[0.634s] -- Up-to-date symlink: /home/rafael/ros2_ws/src/install/scout_msgs/include/scout_msgs/scout_msgs/msg/detail/scout_actuator_state__traits.hpp
[0.635s] -- Up-to-date symlink: /home/rafael/ros2_ws/src/install/scout_msgs/include/scout_msgs/scout_msgs/msg/detail/scout_light_cmd__builder.hpp
[0.635s] -- Up-to-date symlink: /home/rafael/ros2_ws/src/install/scout_msgs/include/scout_msgs/scout_msgs/msg/detail/scout_light_cmd__struct.hpp
[0.635s] -- Up-to-date symlink: /home/rafael/ros2_ws/src/install/scout_msgs/include/scout_msgs/scout_msgs/msg/detail/scout_light_cmd__traits.hpp
[0.635s] -- Up-to-date symlink: /home/rafael/ros2_ws/src/install/scout_msgs/include/scout_msgs/scout_msgs/msg/detail/scout_light_state__builder.hpp
[0.635s] -- Up-to-date symlink: /home/rafael/ros2_ws/src/install/scout_msgs/include/scout_msgs/scout_msgs/msg/detail/scout_light_state__struct.hpp
[0.635s] -- Up-to-date symlink: /home/rafael/ros2_ws/src/install/scout_msgs/include/scout_msgs/scout_msgs/msg/detail/scout_light_state__traits.hpp
[0.636s] -- Up-to-date symlink: /home/rafael/ros2_ws/src/install/scout_msgs/include/scout_msgs/scout_msgs/msg/detail/scout_rc_state__builder.hpp
[0.636s] -- Up-to-date symlink: /home/rafael/ros2_ws/src/install/scout_msgs/include/scout_msgs/scout_msgs/msg/detail/scout_rc_state__struct.hpp
[0.636s] -- Up-to-date symlink: /home/rafael/ros2_ws/src/install/scout_msgs/include/scout_msgs/scout_msgs/msg/detail/scout_rc_state__traits.hpp
[0.636s] -- Up-to-date symlink: /home/rafael/ros2_ws/src/install/scout_msgs/include/scout_msgs/scout_msgs/msg/detail/scout_status__builder.hpp
[0.636s] -- Up-to-date symlink: /home/rafael/ros2_ws/src/install/scout_msgs/include/scout_msgs/scout_msgs/msg/detail/scout_status__struct.hpp
[0.636s] -- Up-to-date symlink: /home/rafael/ros2_ws/src/install/scout_msgs/include/scout_msgs/scout_msgs/msg/detail/scout_status__traits.hpp
[0.637s] -- Up-to-date symlink: /home/rafael/ros2_ws/src/install/scout_msgs/include/scout_msgs/scout_msgs/msg/scout_actuator_state.hpp
[0.637s] -- Up-to-date symlink: /home/rafael/ros2_ws/src/install/scout_msgs/include/scout_msgs/scout_msgs/msg/scout_light_cmd.hpp
[0.637s] -- Up-to-date symlink: /home/rafael/ros2_ws/src/install/scout_msgs/include/scout_msgs/scout_msgs/msg/scout_light_state.hpp
[0.637s] -- Up-to-date symlink: /home/rafael/ros2_ws/src/install/scout_msgs/include/scout_msgs/scout_msgs/msg/scout_rc_state.hpp
[0.637s] -- Up-to-date symlink: /home/rafael/ros2_ws/src/install/scout_msgs/include/scout_msgs/scout_msgs/msg/scout_status.hpp
[0.638s] -- Up-to-date symlink: /home/rafael/ros2_ws/src/install/scout_msgs/include/scout_msgs/scout_msgs/msg/detail/scout_actuator_state__rosidl_typesupport_fastrtps_cpp.hpp
[0.638s] -- Up-to-date symlink: /home/rafael/ros2_ws/src/install/scout_msgs/include/scout_msgs/scout_msgs/msg/detail/scout_light_cmd__rosidl_typesupport_fastrtps_cpp.hpp
[0.638s] -- Up-to-date symlink: /home/rafael/ros2_ws/src/install/scout_msgs/include/scout_msgs/scout_msgs/msg/detail/scout_light_state__rosidl_typesupport_fastrtps_cpp.hpp
[0.638s] -- Up-to-date symlink: /home/rafael/ros2_ws/src/install/scout_msgs/include/scout_msgs/scout_msgs/msg/detail/scout_rc_state__rosidl_typesupport_fastrtps_cpp.hpp
[0.638s] -- Up-to-date symlink: /home/rafael/ros2_ws/src/install/scout_msgs/include/scout_msgs/scout_msgs/msg/detail/scout_status__rosidl_typesupport_fastrtps_cpp.hpp
[0.639s] -- Up-to-date symlink: /home/rafael/ros2_ws/src/install/scout_msgs/include/scout_msgs/scout_msgs/msg/rosidl_typesupport_fastrtps_cpp__visibility_control.h
[0.639s] -- Up-to-date symlink: /home/rafael/ros2_ws/src/install/scout_msgs/include/scout_msgs/scout_msgs/msg/detail/scout_actuator_state__rosidl_typesupport_introspection_c.h
[0.639s] -- Up-to-date symlink: /home/rafael/ros2_ws/src/install/scout_msgs/include/scout_msgs/scout_msgs/msg/detail/scout_light_cmd__rosidl_typesupport_introspection_c.h
[0.639s] -- Up-to-date symlink: /home/rafael/ros2_ws/src/install/scout_msgs/include/scout_msgs/scout_msgs/msg/detail/scout_light_state__rosidl_typesupport_introspection_c.h
[0.639s] -- Up-to-date symlink: /home/rafael/ros2_ws/src/install/scout_msgs/include/scout_msgs/scout_msgs/msg/detail/scout_rc_state__rosidl_typesupport_introspection_c.h
[0.639s] -- Up-to-date symlink: /home/rafael/ros2_ws/src/install/scout_msgs/include/scout_msgs/scout_msgs/msg/detail/scout_status__rosidl_typesupport_introspection_c.h
[0.639s] -- Up-to-date symlink: /home/rafael/ros2_ws/src/install/scout_msgs/include/scout_msgs/scout_msgs/msg/rosidl_typesupport_introspection_c__visibility_control.h
[0.640s] -- Up-to-date symlink: /home/rafael/ros2_ws/src/install/scout_msgs/include/scout_msgs/scout_msgs/msg/detail/scout_actuator_state__rosidl_typesupport_introspection_cpp.hpp
[0.640s] -- Up-to-date symlink: /home/rafael/ros2_ws/src/install/scout_msgs/include/scout_msgs/scout_msgs/msg/detail/scout_light_cmd__rosidl_typesupport_introspection_cpp.hpp
[0.640s] -- Up-to-date symlink: /home/rafael/ros2_ws/src/install/scout_msgs/include/scout_msgs/scout_msgs/msg/detail/scout_light_state__rosidl_typesupport_introspection_cpp.hpp
[0.640s] -- Up-to-date symlink: /home/rafael/ros2_ws/src/install/scout_msgs/include/scout_msgs/scout_msgs/msg/detail/scout_rc_state__rosidl_typesupport_introspection_cpp.hpp
[0.640s] -- Up-to-date symlink: /home/rafael/ros2_ws/src/install/scout_msgs/include/scout_msgs/scout_msgs/msg/detail/scout_status__rosidl_typesupport_introspection_cpp.hpp
[0.640s] -- Up-to-date symlink: /home/rafael/ros2_ws/src/install/scout_msgs/share/scout_msgs/environment/pythonpath.sh
[0.640s] -- Up-to-date symlink: /home/rafael/ros2_ws/src/install/scout_msgs/share/scout_msgs/environment/pythonpath.dsv
[0.641s] -- Up-to-date symlink: /home/rafael/ros2_ws/src/install/scout_msgs/local/lib/python3.10/dist-packages/scout_msgs-0.1.0-py3.10.egg-info/PKG-INFO
[0.641s] -- Up-to-date symlink: /home/rafael/ros2_ws/src/install/scout_msgs/local/lib/python3.10/dist-packages/scout_msgs-0.1.0-py3.10.egg-info/SOURCES.txt
[0.641s] -- Up-to-date symlink: /home/rafael/ros2_ws/src/install/scout_msgs/local/lib/python3.10/dist-packages/scout_msgs-0.1.0-py3.10.egg-info/dependency_links.txt
[0.641s] -- Up-to-date symlink: /home/rafael/ros2_ws/src/install/scout_msgs/local/lib/python3.10/dist-packages/scout_msgs-0.1.0-py3.10.egg-info/top_level.txt
[0.641s] -- Up-to-date symlink: /home/rafael/ros2_ws/src/install/scout_msgs/local/lib/python3.10/dist-packages/scout_msgs/__init__.py
[0.642s] -- Up-to-date symlink: /home/rafael/ros2_ws/src/install/scout_msgs/local/lib/python3.10/dist-packages/scout_msgs/_scout_msgs_s.ep.rosidl_typesupport_c.c
[0.642s] -- Up-to-date symlink: /home/rafael/ros2_ws/src/install/scout_msgs/local/lib/python3.10/dist-packages/scout_msgs/_scout_msgs_s.ep.rosidl_typesupport_fastrtps_c.c
[0.642s] -- Up-to-date symlink: /home/rafael/ros2_ws/src/install/scout_msgs/local/lib/python3.10/dist-packages/scout_msgs/_scout_msgs_s.ep.rosidl_typesupport_introspection_c.c
[0.642s] -- Up-to-date symlink: /home/rafael/ros2_ws/src/install/scout_msgs/local/lib/python3.10/dist-packages/scout_msgs/libscout_msgs__rosidl_generator_py.so
[0.642s] -- Up-to-date symlink: /home/rafael/ros2_ws/src/install/scout_msgs/local/lib/python3.10/dist-packages/scout_msgs/msg/__init__.py
[0.643s] -- Up-to-date symlink: /home/rafael/ros2_ws/src/install/scout_msgs/local/lib/python3.10/dist-packages/scout_msgs/msg/_scout_actuator_state.py
[0.643s] -- Up-to-date symlink: /home/rafael/ros2_ws/src/install/scout_msgs/local/lib/python3.10/dist-packages/scout_msgs/msg/_scout_actuator_state_s.c
[0.643s] -- Up-to-date symlink: /home/rafael/ros2_ws/src/install/scout_msgs/local/lib/python3.10/dist-packages/scout_msgs/msg/_scout_light_cmd.py
[0.643s] -- Up-to-date symlink: /home/rafael/ros2_ws/src/install/scout_msgs/local/lib/python3.10/dist-packages/scout_msgs/msg/_scout_light_cmd_s.c
[0.643s] -- Up-to-date symlink: /home/rafael/ros2_ws/src/install/scout_msgs/local/lib/python3.10/dist-packages/scout_msgs/msg/_scout_light_state.py
[0.643s] -- Up-to-date symlink: /home/rafael/ros2_ws/src/install/scout_msgs/local/lib/python3.10/dist-packages/scout_msgs/msg/_scout_light_state_s.c
[0.643s] -- Up-to-date symlink: /home/rafael/ros2_ws/src/install/scout_msgs/local/lib/python3.10/dist-packages/scout_msgs/msg/_scout_rc_state.py
[0.644s] -- Up-to-date symlink: /home/rafael/ros2_ws/src/install/scout_msgs/local/lib/python3.10/dist-packages/scout_msgs/msg/_scout_rc_state_s.c
[0.644s] -- Up-to-date symlink: /home/rafael/ros2_ws/src/install/scout_msgs/local/lib/python3.10/dist-packages/scout_msgs/msg/_scout_status.py
[0.644s] -- Up-to-date symlink: /home/rafael/ros2_ws/src/install/scout_msgs/local/lib/python3.10/dist-packages/scout_msgs/msg/_scout_status_s.c
[0.644s] -- Up-to-date symlink: /home/rafael/ros2_ws/src/install/scout_msgs/local/lib/python3.10/dist-packages/scout_msgs/scout_msgs_s__rosidl_typesupport_c.cpython-310-x86_64-linux-gnu.so
[0.644s] -- Up-to-date symlink: /home/rafael/ros2_ws/src/install/scout_msgs/local/lib/python3.10/dist-packages/scout_msgs/scout_msgs_s__rosidl_typesupport_fastrtps_c.cpython-310-x86_64-linux-gnu.so
[0.644s] -- Up-to-date symlink: /home/rafael/ros2_ws/src/install/scout_msgs/local/lib/python3.10/dist-packages/scout_msgs/scout_msgs_s__rosidl_typesupport_introspection_c.cpython-310-x86_64-linux-gnu.so
[0.645s] -- Up-to-date symlink: /home/rafael/ros2_ws/src/install/scout_msgs/local/lib/python3.10/dist-packages/scout_msgs/scout_msgs_s__rosidl_typesupport_fastrtps_c.cpython-310-x86_64-linux-gnu.so
[0.645s] -- Up-to-date symlink: /home/rafael/ros2_ws/src/install/scout_msgs/local/lib/python3.10/dist-packages/scout_msgs/scout_msgs_s__rosidl_typesupport_introspection_c.cpython-310-x86_64-linux-gnu.so
[0.645s] -- Up-to-date symlink: /home/rafael/ros2_ws/src/install/scout_msgs/local/lib/python3.10/dist-packages/scout_msgs/scout_msgs_s__rosidl_typesupport_c.cpython-310-x86_64-linux-gnu.so
[0.646s] -- Up-to-date symlink: /home/rafael/ros2_ws/src/install/scout_msgs/share/scout_msgs/msg/ScoutActuatorState.idl
[0.646s] -- Up-to-date symlink: /home/rafael/ros2_ws/src/install/scout_msgs/share/scout_msgs/msg/ScoutLightCmd.idl
[0.646s] -- Up-to-date symlink: /home/rafael/ros2_ws/src/install/scout_msgs/share/scout_msgs/msg/ScoutLightState.idl
[0.646s] -- Up-to-date symlink: /home/rafael/ros2_ws/src/install/scout_msgs/share/scout_msgs/msg/ScoutRCState.idl
[0.647s] -- Up-to-date symlink: /home/rafael/ros2_ws/src/install/scout_msgs/share/scout_msgs/msg/ScoutStatus.idl
[0.647s] -- Up-to-date symlink: /home/rafael/ros2_ws/src/install/scout_msgs/share/scout_msgs/msg/ScoutActuatorState.msg
[0.647s] -- Up-to-date symlink: /home/rafael/ros2_ws/src/install/scout_msgs/share/scout_msgs/msg/ScoutLightCmd.msg
[0.647s] -- Up-to-date symlink: /home/rafael/ros2_ws/src/install/scout_msgs/share/scout_msgs/msg/ScoutLightState.msg
[0.647s] -- Up-to-date symlink: /home/rafael/ros2_ws/src/install/scout_msgs/share/scout_msgs/msg/ScoutRCState.msg
[0.648s] -- Up-to-date symlink: /home/rafael/ros2_ws/src/install/scout_msgs/share/scout_msgs/msg/ScoutStatus.msg
[0.648s] -- Up-to-date symlink: /home/rafael/ros2_ws/src/install/scout_msgs/share/ament_index/resource_index/package_run_dependencies/scout_msgs
[0.648s] -- Up-to-date symlink: /home/rafael/ros2_ws/src/install/scout_msgs/share/ament_index/resource_index/parent_prefix_path/scout_msgs
[0.648s] -- Up-to-date symlink: /home/rafael/ros2_ws/src/install/scout_msgs/share/scout_msgs/environment/ament_prefix_path.sh
[0.648s] -- Up-to-date symlink: /home/rafael/ros2_ws/src/install/scout_msgs/share/scout_msgs/environment/ament_prefix_path.dsv
[0.649s] -- Up-to-date symlink: /home/rafael/ros2_ws/src/install/scout_msgs/share/scout_msgs/environment/path.sh
[0.649s] -- Up-to-date symlink: /home/rafael/ros2_ws/src/install/scout_msgs/share/scout_msgs/environment/path.dsv
[0.649s] -- Up-to-date symlink: /home/rafael/ros2_ws/src/install/scout_msgs/share/scout_msgs/local_setup.bash
[0.649s] -- Up-to-date symlink: /home/rafael/ros2_ws/src/install/scout_msgs/share/scout_msgs/local_setup.sh
[0.649s] -- Up-to-date symlink: /home/rafael/ros2_ws/src/install/scout_msgs/share/scout_msgs/local_setup.zsh
[0.650s] -- Up-to-date symlink: /home/rafael/ros2_ws/src/install/scout_msgs/share/scout_msgs/local_setup.dsv
[0.650s] -- Symlinking: /home/rafael/ros2_ws/src/install/scout_msgs/share/scout_msgs/package.dsv
[0.659s] -- Up-to-date symlink: /home/rafael/ros2_ws/src/install/scout_msgs/share/ament_index/resource_index/packages/scout_msgs
[0.660s] -- Up-to-date symlink: /home/rafael/ros2_ws/src/install/scout_msgs/share/scout_msgs/cmake/rosidl_cmake-extras.cmake
[0.660s] -- Up-to-date symlink: /home/rafael/ros2_ws/src/install/scout_msgs/share/scout_msgs/cmake/ament_cmake_export_dependencies-extras.cmake
[0.660s] -- Up-to-date symlink: /home/rafael/ros2_ws/src/install/scout_msgs/share/scout_msgs/cmake/ament_cmake_export_include_directories-extras.cmake
[0.660s] -- Up-to-date symlink: /home/rafael/ros2_ws/src/install/scout_msgs/share/scout_msgs/cmake/ament_cmake_export_libraries-extras.cmake
[0.660s] -- Up-to-date symlink: /home/rafael/ros2_ws/src/install/scout_msgs/share/scout_msgs/cmake/ament_cmake_export_targets-extras.cmake
[0.661s] -- Up-to-date symlink: /home/rafael/ros2_ws/src/install/scout_msgs/share/scout_msgs/cmake/rosidl_cmake_export_typesupport_targets-extras.cmake
[0.661s] -- Up-to-date symlink: /home/rafael/ros2_ws/src/install/scout_msgs/share/scout_msgs/cmake/rosidl_cmake_export_typesupport_libraries-extras.cmake
[0.661s] -- Up-to-date symlink: /home/rafael/ros2_ws/src/install/scout_msgs/share/scout_msgs/cmake/scout_msgsConfig.cmake
[0.661s] -- Up-to-date symlink: /home/rafael/ros2_ws/src/install/scout_msgs/share/scout_msgs/cmake/scout_msgsConfig-version.cmake
[0.661s] -- Up-to-date symlink: /home/rafael/ros2_ws/src/install/scout_msgs/share/scout_msgs/package.xml
[0.662s] -- Up-to-date: /home/rafael/ros2_ws/src/install/scout_msgs/lib/libscout_msgs__rosidl_generator_c.so
[0.662s] -- Up-to-date: /home/rafael/ros2_ws/src/install/scout_msgs/lib/libscout_msgs__rosidl_typesupport_fastrtps_c.so
[0.662s] -- Up-to-date: /home/rafael/ros2_ws/src/install/scout_msgs/lib/libscout_msgs__rosidl_typesupport_fastrtps_cpp.so
[0.663s] -- Up-to-date: /home/rafael/ros2_ws/src/install/scout_msgs/lib/libscout_msgs__rosidl_typesupport_introspection_c.so
[0.663s] -- Up-to-date: /home/rafael/ros2_ws/src/install/scout_msgs/lib/libscout_msgs__rosidl_typesupport_c.so
[0.663s] -- Up-to-date: /home/rafael/ros2_ws/src/install/scout_msgs/lib/libscout_msgs__rosidl_typesupport_introspection_cpp.so
[0.664s] -- Up-to-date: /home/rafael/ros2_ws/src/install/scout_msgs/lib/libscout_msgs__rosidl_typesupport_cpp.so
[0.694s] Listing '/home/rafael/ros2_ws/src/install/scout_msgs/local/lib/python3.10/dist-packages/scout_msgs'...
[0.694s] Listing '/home/rafael/ros2_ws/src/install/scout_msgs/local/lib/python3.10/dist-packages/scout_msgs/msg'...
[0.698s] -- Up-to-date: /home/rafael/ros2_ws/src/install/scout_msgs/lib/libscout_msgs__rosidl_generator_py.so
[0.699s] -- Up-to-date: /home/rafael/ros2_ws/src/install/scout_msgs/share/scout_msgs/cmake/export_scout_msgs__rosidl_generator_cExport.cmake
[0.699s] -- Up-to-date: /home/rafael/ros2_ws/src/install/scout_msgs/share/scout_msgs/cmake/export_scout_msgs__rosidl_generator_cExport-noconfig.cmake
[0.699s] -- Up-to-date: /home/rafael/ros2_ws/src/install/scout_msgs/share/scout_msgs/cmake/export_scout_msgs__rosidl_typesupport_fastrtps_cExport.cmake
[0.699s] -- Up-to-date: /home/rafael/ros2_ws/src/install/scout_msgs/share/scout_msgs/cmake/export_scout_msgs__rosidl_typesupport_fastrtps_cExport-noconfig.cmake
[0.699s] -- Up-to-date: /home/rafael/ros2_ws/src/install/scout_msgs/share/scout_msgs/cmake/export_scout_msgs__rosidl_generator_cppExport.cmake
[0.699s] -- Up-to-date: /home/rafael/ros2_ws/src/install/scout_msgs/share/scout_msgs/cmake/export_scout_msgs__rosidl_typesupport_fastrtps_cppExport.cmake
[0.699s] -- Up-to-date: /home/rafael/ros2_ws/src/install/scout_msgs/share/scout_msgs/cmake/export_scout_msgs__rosidl_typesupport_fastrtps_cppExport-noconfig.cmake
[0.699s] -- Up-to-date: /home/rafael/ros2_ws/src/install/scout_msgs/share/scout_msgs/cmake/scout_msgs__rosidl_typesupport_introspection_cExport.cmake
[0.699s] -- Up-to-date: /home/rafael/ros2_ws/src/install/scout_msgs/share/scout_msgs/cmake/scout_msgs__rosidl_typesupport_introspection_cExport-noconfig.cmake
[0.699s] -- Up-to-date: /home/rafael/ros2_ws/src/install/scout_msgs/share/scout_msgs/cmake/scout_msgs__rosidl_typesupport_cExport.cmake
[0.699s] -- Up-to-date: /home/rafael/ros2_ws/src/install/scout_msgs/share/scout_msgs/cmake/scout_msgs__rosidl_typesupport_cExport-noconfig.cmake
[0.699s] -- Up-to-date: /home/rafael/ros2_ws/src/install/scout_msgs/share/scout_msgs/cmake/scout_msgs__rosidl_typesupport_introspection_cppExport.cmake
[0.700s] -- Up-to-date: /home/rafael/ros2_ws/src/install/scout_msgs/share/scout_msgs/cmake/scout_msgs__rosidl_typesupport_introspection_cppExport-noconfig.cmake
[0.700s] -- Up-to-date: /home/rafael/ros2_ws/src/install/scout_msgs/share/scout_msgs/cmake/scout_msgs__rosidl_typesupport_cppExport.cmake
[0.700s] -- Up-to-date: /home/rafael/ros2_ws/src/install/scout_msgs/share/scout_msgs/cmake/scout_msgs__rosidl_typesupport_cppExport-noconfig.cmake
[0.700s] -- Up-to-date: /home/rafael/ros2_ws/src/install/scout_msgs/share/scout_msgs/cmake/export_scout_msgs__rosidl_generator_pyExport.cmake
[0.700s] -- Up-to-date: /home/rafael/ros2_ws/src/install/scout_msgs/share/scout_msgs/cmake/export_scout_msgs__rosidl_generator_pyExport-noconfig.cmake
[0.702s] Invoked command in '/home/rafael/ros2_ws/src/build/scout_msgs' returned '0': CMAKE_PREFIX_PATH=/opt/ros/humble:${CMAKE_PREFIX_PATH} /usr/bin/cmake --install /home/rafael/ros2_ws/src/build/scout_msgs
