[0.027s] Invoking command in '/home/rafael/ros2_ws/src/build/novamob_description': CMAKE_PREFIX_PATH=/opt/ros/humble:${CMAKE_PREFIX_PATH} /usr/bin/cmake /home/rafael/ros2_ws/src/novamob_description -DAMENT_CMAKE_SYMLINK_INSTALL=1 -DCMAKE_INSTALL_PREFIX=/home/rafael/ros2_ws/src/install/novamob_description
[0.091s] -- The C compiler identification is GNU 11.4.0
[0.152s] -- The CXX compiler identification is GNU 11.4.0
[0.160s] -- Detecting C compiler ABI info
[0.242s] -- Detecting C compiler ABI info - done
[0.255s] -- Check for working C compiler: /usr/bin/cc - skipped
[0.256s] -- Detecting C compile features
[0.256s] -- Detecting C compile features - done
[0.259s] -- Detecting CXX compiler ABI info
[0.347s] -- Detecting CXX compiler ABI info - done
[0.361s] -- Check for working CXX compiler: /usr/bin/c++ - skipped
[0.362s] -- Detecting CXX compile features
[0.362s] -- Detecting CXX compile features - done
[0.366s] -- Found ament_cmake: 1.3.8 (/opt/ros/humble/share/ament_cmake/cmake)
[0.573s] -- Found Python3: /usr/bin/python3 (found version "3.10.12") found components: Interpreter 
[0.661s] -- Override CMake install command with custom implementation using symlinks instead of copying resources
[0.746s] -- Found ament_lint_auto: 0.12.10 (/opt/ros/humble/share/ament_lint_auto/cmake)
[0.989s] -- Added test 'flake8' to check Python code syntax and style conventions
[0.990s] -- Added test 'lint_cmake' to check CMake code style
[0.991s] -- Added test 'pep257' to check Python code against some of the docstring style conventions in PEP 257
[0.995s] -- Added test 'xmllint' to check XML markup files
[0.997s] -- Configuring done
[1.001s] -- Generating done
[1.002s] -- Build files have been written to: /home/rafael/ros2_ws/src/build/novamob_description
[1.029s] Invoked command in '/home/rafael/ros2_ws/src/build/novamob_description' returned '0': CMAKE_PREFIX_PATH=/opt/ros/humble:${CMAKE_PREFIX_PATH} /usr/bin/cmake /home/rafael/ros2_ws/src/novamob_description -DAMENT_CMAKE_SYMLINK_INSTALL=1 -DCMAKE_INSTALL_PREFIX=/home/rafael/ros2_ws/src/install/novamob_description
[1.029s] Invoking command in '/home/rafael/ros2_ws/src/build/novamob_description': CMAKE_PREFIX_PATH=/opt/ros/humble:${CMAKE_PREFIX_PATH} /usr/bin/cmake --build /home/rafael/ros2_ws/src/build/novamob_description -- -j12 -l12
[1.157s] Invoked command in '/home/rafael/ros2_ws/src/build/novamob_description' returned '0': CMAKE_PREFIX_PATH=/opt/ros/humble:${CMAKE_PREFIX_PATH} /usr/bin/cmake --build /home/rafael/ros2_ws/src/build/novamob_description -- -j12 -l12
[1.271s] Invoking command in '/home/rafael/ros2_ws/src/build/novamob_description': CMAKE_PREFIX_PATH=/opt/ros/humble:${CMAKE_PREFIX_PATH} /usr/bin/cmake --install /home/rafael/ros2_ws/src/build/novamob_description
[1.283s] -- Install configuration: ""
[1.302s] -- Execute custom install script
[1.302s] -- Symlinking: /home/rafael/ros2_ws/src/install/novamob_description/share/novamob_description/src/description/novamob_description.urdf
[1.302s] -- Symlinking: /home/rafael/ros2_ws/src/install/novamob_description/share/novamob_description/launch/display.launch.py
[1.314s] -- Symlinking: /home/rafael/ros2_ws/src/install/novamob_description/share/novamob_description/rviz/urdf_config.rviz
[1.328s] -- Symlinking: /home/rafael/ros2_ws/src/install/novamob_description/share/novamob_description/params/bridge.yaml
[1.343s] -- Symlinking: /home/rafael/ros2_ws/src/install/novamob_description/share/novamob_description/meshes/novamob_mecanum_wheel.dae
[1.374s] -- Symlinking: /home/rafael/ros2_ws/src/install/novamob_description/share/novamob_description/meshes/novamob_mecanum_wheel.obj
[1.408s] -- Symlinking: /home/rafael/ros2_ws/src/install/novamob_description/share/novamob_description/meshes/novamob_mecanum_wheel.obj.mtl
[1.438s] -- Symlinking: /home/rafael/ros2_ws/src/install/novamob_description/share/novamob_description/meshes/novamob_mecanum_wheel.stl
[1.469s] -- Symlinking: /home/rafael/ros2_ws/src/install/novamob_description/share/novamob_description/meshes/novamob_mecanum_wheel_centered_left.mtl
[1.504s] -- Symlinking: /home/rafael/ros2_ws/src/install/novamob_description/share/novamob_description/meshes/novamob_mecanum_wheel_centered_left.obj
[1.520s] -- Symlinking: /home/rafael/ros2_ws/src/install/novamob_description/share/novamob_description/meshes/novamob_mecanum_wheel_centered_right.mtl
[1.537s] -- Symlinking: /home/rafael/ros2_ws/src/install/novamob_description/share/novamob_description/meshes/novamob_mecanum_wheel_centered_right.obj
[1.566s] -- Symlinking: /home/rafael/ros2_ws/src/install/novamob_description/share/novamob_description/meshes/novamob_no_wheels.mtl
[1.593s] -- Symlinking: /home/rafael/ros2_ws/src/install/novamob_description/share/novamob_description/meshes/novamob_no_wheels.obj
[1.606s] -- Symlinking: /home/rafael/ros2_ws/src/install/novamob_description/share/novamob_description/meshes/novamob_no_wheels.stl
[1.629s] -- Symlinking: /home/rafael/ros2_ws/src/install/novamob_description/share/novamob_description/meshes/novamob_no_wheels_centered.mtl
[1.655s] -- Symlinking: /home/rafael/ros2_ws/src/install/novamob_description/share/novamob_description/meshes/novamob_no_wheels_centered.obj
[1.689s] -- Symlinking: /home/rafael/ros2_ws/src/install/novamob_description/share/novamob_description/config/ekf.yaml
[1.725s] -- Symlinking: /home/rafael/ros2_ws/src/install/novamob_description/share/novamob_description/world/empty_world.world
[1.763s] -- Symlinking: /home/rafael/ros2_ws/src/install/novamob_description/share/novamob_description/world/indoor_2.world
[1.791s] -- Symlinking: /home/rafael/ros2_ws/src/install/novamob_description/share/novamob_description/world/myworld.sdf
[1.805s] -- Symlinking: /home/rafael/ros2_ws/src/install/novamob_description/share/novamob_description/world/outdoor.world
[1.837s] -- Symlinking: /home/rafael/ros2_ws/src/install/novamob_description/share/ament_index/resource_index/package_run_dependencies/novamob_description
[1.854s] -- Symlinking: /home/rafael/ros2_ws/src/install/novamob_description/share/ament_index/resource_index/parent_prefix_path/novamob_description
[1.878s] -- Symlinking: /home/rafael/ros2_ws/src/install/novamob_description/share/novamob_description/environment/ament_prefix_path.sh
[1.910s] -- Symlinking: /home/rafael/ros2_ws/src/install/novamob_description/share/novamob_description/environment/ament_prefix_path.dsv
[1.933s] -- Symlinking: /home/rafael/ros2_ws/src/install/novamob_description/share/novamob_description/environment/path.sh
[1.951s] -- Symlinking: /home/rafael/ros2_ws/src/install/novamob_description/share/novamob_description/environment/path.dsv
[1.986s] -- Symlinking: /home/rafael/ros2_ws/src/install/novamob_description/share/novamob_description/local_setup.bash
[2.013s] -- Symlinking: /home/rafael/ros2_ws/src/install/novamob_description/share/novamob_description/local_setup.sh
[2.060s] -- Symlinking: /home/rafael/ros2_ws/src/install/novamob_description/share/novamob_description/local_setup.zsh
[2.086s] -- Symlinking: /home/rafael/ros2_ws/src/install/novamob_description/share/novamob_description/local_setup.dsv
[2.105s] -- Symlinking: /home/rafael/ros2_ws/src/install/novamob_description/share/novamob_description/package.dsv
[2.124s] -- Symlinking: /home/rafael/ros2_ws/src/install/novamob_description/share/ament_index/resource_index/packages/novamob_description
[2.143s] -- Symlinking: /home/rafael/ros2_ws/src/install/novamob_description/share/novamob_description/cmake/novamob_descriptionConfig.cmake
[2.157s] -- Symlinking: /home/rafael/ros2_ws/src/install/novamob_description/share/novamob_description/cmake/novamob_descriptionConfig-version.cmake
[2.186s] -- Symlinking: /home/rafael/ros2_ws/src/install/novamob_description/share/novamob_description/package.xml
[2.206s] Invoked command in '/home/rafael/ros2_ws/src/build/novamob_description' returned '0': CMAKE_PREFIX_PATH=/opt/ros/humble:${CMAKE_PREFIX_PATH} /usr/bin/cmake --install /home/rafael/ros2_ws/src/build/novamob_description
